[0.040s] Invoking command in '/home/nazia/ros2_ws3/src/build/my_robot_bringup2': CMAKE_PREFIX_PATH=${CMAKE_PREFIX_PATH}:/opt/ros/humble /usr/bin/cmake /home/nazia/ros2_ws3/src/my_robot_bringup2 -DAMENT_CMAKE_SYMLINK_INSTALL=1 -DCMAKE_INSTALL_PREFIX=/home/nazia/ros2_ws3/src/install/my_robot_bringup2
[0.173s] -- Found ament_cmake: 1.3.10 (/opt/ros/humble/share/ament_cmake/cmake)
[0.600s] -- Override CMake install command with custom implementation using symlinks instead of copying resources
[0.698s] -- Found ament_lint_auto: 0.12.11 (/opt/ros/humble/share/ament_lint_auto/cmake)
[0.918s] -- Added test 'lint_cmake' to check CMake code style
[0.923s] -- Added test 'xmllint' to check XML markup files
[0.929s] -- Configuring done
[0.950s] -- Generating done
[0.953s] -- Build files have been written to: /home/nazia/ros2_ws3/src/build/my_robot_bringup2
[0.963s] Invoked command in '/home/nazia/ros2_ws3/src/build/my_robot_bringup2' returned '0': CMAKE_PREFIX_PATH=${CMAKE_PREFIX_PATH}:/opt/ros/humble /usr/bin/cmake /home/nazia/ros2_ws3/src/my_robot_bringup2 -DAMENT_CMAKE_SYMLINK_INSTALL=1 -DCMAKE_INSTALL_PREFIX=/home/nazia/ros2_ws3/src/install/my_robot_bringup2
[0.966s] Invoking command in '/home/nazia/ros2_ws3/src/build/my_robot_bringup2': CMAKE_PREFIX_PATH=${CMAKE_PREFIX_PATH}:/opt/ros/humble /usr/bin/cmake --build /home/nazia/ros2_ws3/src/build/my_robot_bringup2 -- -j2 -l2
[1.061s] Invoked command in '/home/nazia/ros2_ws3/src/build/my_robot_bringup2' returned '0': CMAKE_PREFIX_PATH=${CMAKE_PREFIX_PATH}:/opt/ros/humble /usr/bin/cmake --build /home/nazia/ros2_ws3/src/build/my_robot_bringup2 -- -j2 -l2
[1.145s] Invoking command in '/home/nazia/ros2_ws3/src/build/my_robot_bringup2': CMAKE_PREFIX_PATH=${CMAKE_PREFIX_PATH}:/opt/ros/humble /usr/bin/cmake --install /home/nazia/ros2_ws3/src/build/my_robot_bringup2
[1.164s] -- Install configuration: ""
[1.166s] -- Execute custom install script
[1.166s] -- Symlinking: /home/nazia/ros2_ws3/src/install/my_robot_bringup2/share/ament_index/resource_index/package_run_dependencies/my_robot_bringup2
[1.192s] -- Symlinking: /home/nazia/ros2_ws3/src/install/my_robot_bringup2/share/ament_index/resource_index/parent_prefix_path/my_robot_bringup2
[1.211s] -- Symlinking: /home/nazia/ros2_ws3/src/install/my_robot_bringup2/share/my_robot_bringup2/environment/ament_prefix_path.sh
[1.236s] -- Symlinking: /home/nazia/ros2_ws3/src/install/my_robot_bringup2/share/my_robot_bringup2/environment/ament_prefix_path.dsv
[1.258s] -- Symlinking: /home/nazia/ros2_ws3/src/install/my_robot_bringup2/share/my_robot_bringup2/environment/path.sh
[1.282s] -- Symlinking: /home/nazia/ros2_ws3/src/install/my_robot_bringup2/share/my_robot_bringup2/environment/path.dsv
[1.309s] -- Symlinking: /home/nazia/ros2_ws3/src/install/my_robot_bringup2/share/my_robot_bringup2/local_setup.bash
[1.336s] -- Symlinking: /home/nazia/ros2_ws3/src/install/my_robot_bringup2/share/my_robot_bringup2/local_setup.sh
[1.360s] -- Symlinking: /home/nazia/ros2_ws3/src/install/my_robot_bringup2/share/my_robot_bringup2/local_setup.zsh
[1.382s] -- Symlinking: /home/nazia/ros2_ws3/src/install/my_robot_bringup2/share/my_robot_bringup2/local_setup.dsv
[1.398s] -- Symlinking: /home/nazia/ros2_ws3/src/install/my_robot_bringup2/share/my_robot_bringup2/package.dsv
[1.420s] -- Symlinking: /home/nazia/ros2_ws3/src/install/my_robot_bringup2/share/ament_index/resource_index/packages/my_robot_bringup2
[1.448s] -- Symlinking: /home/nazia/ros2_ws3/src/install/my_robot_bringup2/share/my_robot_bringup2/cmake/my_robot_bringup2Config.cmake
[1.469s] -- Symlinking: /home/nazia/ros2_ws3/src/install/my_robot_bringup2/share/my_robot_bringup2/cmake/my_robot_bringup2Config-version.cmake
[1.499s] -- Symlinking: /home/nazia/ros2_ws3/src/install/my_robot_bringup2/share/my_robot_bringup2/package.xml
[1.529s] Invoked command in '/home/nazia/ros2_ws3/src/build/my_robot_bringup2' returned '0': CMAKE_PREFIX_PATH=${CMAKE_PREFIX_PATH}:/opt/ros/humble /usr/bin/cmake --install /home/nazia/ros2_ws3/src/build/my_robot_bringup2
