[0.020s] Invoking command in '/home/nazia/ros2_ws3/src/build/my_robot_bringup': CMAKE_PREFIX_PATH=${CMAKE_PREFIX_PATH}:/opt/ros/humble /usr/bin/cmake /home/nazia/ros2_ws3/src/my_robot_bringup -DCMAKE_INSTALL_PREFIX=/home/nazia/ros2_ws3/src/install/my_robot_bringup
[0.234s] -- The C compiler identification is GNU 11.4.0
[0.399s] -- The CXX compiler identification is GNU 11.4.0
[0.427s] -- Detecting C compiler ABI info
[0.545s] -- Detecting C compiler ABI info - done
[0.550s] -- Check for working C compiler: /usr/bin/cc - skipped
[0.551s] -- Detecting C compile features
[0.552s] -- Detecting C compile features - done
[0.558s] -- Detecting CXX compiler ABI info
[0.660s] -- Detecting CXX compiler ABI info - done
[0.666s] -- Check for working CXX compiler: /usr/bin/c++ - skipped
[0.666s] -- Detecting CXX compile features
[0.666s] -- Detecting CXX compile features - done
[0.679s] -- Found ament_cmake: 1.3.10 (/opt/ros/humble/share/ament_cmake/cmake)
[0.860s] -- Found Python3: /usr/bin/python3 (found version "3.10.12") found components: Interpreter 
[1.065s] -- Configuring done
[1.067s] -- Generating done
[1.068s] -- Build files have been written to: /home/nazia/ros2_ws3/src/build/my_robot_bringup
[1.074s] Invoked command in '/home/nazia/ros2_ws3/src/build/my_robot_bringup' returned '0': CMAKE_PREFIX_PATH=${CMAKE_PREFIX_PATH}:/opt/ros/humble /usr/bin/cmake /home/nazia/ros2_ws3/src/my_robot_bringup -DCMAKE_INSTALL_PREFIX=/home/nazia/ros2_ws3/src/install/my_robot_bringup
[1.075s] Invoking command in '/home/nazia/ros2_ws3/src/build/my_robot_bringup': CMAKE_PREFIX_PATH=${CMAKE_PREFIX_PATH}:/opt/ros/humble /usr/bin/cmake --build /home/nazia/ros2_ws3/src/build/my_robot_bringup -- -j2 -l2
[1.120s] Invoked command in '/home/nazia/ros2_ws3/src/build/my_robot_bringup' returned '0': CMAKE_PREFIX_PATH=${CMAKE_PREFIX_PATH}:/opt/ros/humble /usr/bin/cmake --build /home/nazia/ros2_ws3/src/build/my_robot_bringup -- -j2 -l2
[1.160s] Invoking command in '/home/nazia/ros2_ws3/src/build/my_robot_bringup': CMAKE_PREFIX_PATH=${CMAKE_PREFIX_PATH}:/opt/ros/humble /usr/bin/cmake --install /home/nazia/ros2_ws3/src/build/my_robot_bringup
[1.170s] -- Install configuration: ""
[1.170s] -- Installing: /home/nazia/ros2_ws3/src/install/my_robot_bringup/share/my_robot_bringup//launch
[1.171s] -- Installing: /home/nazia/ros2_ws3/src/install/my_robot_bringup/share/my_robot_bringup//launch/my_robot_gazebo.launch.xml
[1.173s] -- Installing: /home/nazia/ros2_ws3/src/install/my_robot_bringup/share/ament_index/resource_index/package_run_dependencies/my_robot_bringup
[1.173s] -- Installing: /home/nazia/ros2_ws3/src/install/my_robot_bringup/share/ament_index/resource_index/parent_prefix_path/my_robot_bringup
[1.173s] -- Installing: /home/nazia/ros2_ws3/src/install/my_robot_bringup/share/my_robot_bringup/environment/ament_prefix_path.sh
[1.173s] -- Installing: /home/nazia/ros2_ws3/src/install/my_robot_bringup/share/my_robot_bringup/environment/ament_prefix_path.dsv
[1.173s] -- Installing: /home/nazia/ros2_ws3/src/install/my_robot_bringup/share/my_robot_bringup/environment/path.sh
[1.173s] -- Installing: /home/nazia/ros2_ws3/src/install/my_robot_bringup/share/my_robot_bringup/environment/path.dsv
[1.173s] -- Installing: /home/nazia/ros2_ws3/src/install/my_robot_bringup/share/my_robot_bringup/local_setup.bash
[1.174s] -- Installing: /home/nazia/ros2_ws3/src/install/my_robot_bringup/share/my_robot_bringup/local_setup.sh
[1.175s] -- Installing: /home/nazia/ros2_ws3/src/install/my_robot_bringup/share/my_robot_bringup/local_setup.zsh
[1.175s] -- Installing: /home/nazia/ros2_ws3/src/install/my_robot_bringup/share/my_robot_bringup/local_setup.dsv
[1.175s] -- Installing: /home/nazia/ros2_ws3/src/install/my_robot_bringup/share/my_robot_bringup/package.dsv
[1.176s] -- Installing: /home/nazia/ros2_ws3/src/install/my_robot_bringup/share/ament_index/resource_index/packages/my_robot_bringup
[1.176s] -- Installing: /home/nazia/ros2_ws3/src/install/my_robot_bringup/share/my_robot_bringup/cmake/my_robot_bringupConfig.cmake
[1.176s] -- Installing: /home/nazia/ros2_ws3/src/install/my_robot_bringup/share/my_robot_bringup/cmake/my_robot_bringupConfig-version.cmake
[1.178s] -- Installing: /home/nazia/ros2_ws3/src/install/my_robot_bringup/share/my_robot_bringup/package.xml
[1.181s] Invoked command in '/home/nazia/ros2_ws3/src/build/my_robot_bringup' returned '0': CMAKE_PREFIX_PATH=${CMAKE_PREFIX_PATH}:/opt/ros/humble /usr/bin/cmake --install /home/nazia/ros2_ws3/src/build/my_robot_bringup
