[0.026s] Invoking command in '/home/nazia/ros2_ws3/src/build/my_robot2_description': CMAKE_PREFIX_PATH=${CMAKE_PREFIX_PATH}:/opt/ros/humble /usr/bin/cmake --build /home/nazia/ros2_ws3/src/build/my_robot2_description -- -j2 -l2
[0.124s] Invoked command in '/home/nazia/ros2_ws3/src/build/my_robot2_description' returned '0': CMAKE_PREFIX_PATH=${CMAKE_PREFIX_PATH}:/opt/ros/humble /usr/bin/cmake --build /home/nazia/ros2_ws3/src/build/my_robot2_description -- -j2 -l2
[0.205s] Invoking command in '/home/nazia/ros2_ws3/src/build/my_robot2_description': CMAKE_PREFIX_PATH=${CMAKE_PREFIX_PATH}:/opt/ros/humble /usr/bin/cmake --install /home/nazia/ros2_ws3/src/build/my_robot2_description
[0.222s] -- Install configuration: ""
[0.223s] -- Up-to-date: /home/nazia/ros2_ws3/src/install/my_robot2_description/share/my_robot2_description/urdf
[0.223s] -- Up-to-date: /home/nazia/ros2_ws3/src/install/my_robot2_description/share/my_robot2_description/urdf/my_robot.urdf.xacro
[0.223s] -- Up-to-date: /home/nazia/ros2_ws3/src/install/my_robot2_description/share/my_robot2_description/launch
[0.224s] -- Up-to-date: /home/nazia/ros2_ws3/src/install/my_robot2_description/share/my_robot2_description/launch/display.launch.xml
[0.224s] -- Up-to-date: /home/nazia/ros2_ws3/src/install/my_robot2_description/share/my_robot2_description/launch/display.launch.py
[0.224s] -- Up-to-date: /home/nazia/ros2_ws3/src/install/my_robot2_description/share/my_robot2_description/rviz
[0.225s] -- Up-to-date: /home/nazia/ros2_ws3/src/install/my_robot2_description/share/my_robot2_description/rviz/urdf_config.rviz
[0.225s] -- Up-to-date: /home/nazia/ros2_ws3/src/install/my_robot2_description/share/my_robot2_description/rviz/urdf_config2.rviz
[0.225s] -- Up-to-date: /home/nazia/ros2_ws3/src/install/my_robot2_description/share/ament_index/resource_index/package_run_dependencies/my_robot2_description
[0.225s] -- Up-to-date: /home/nazia/ros2_ws3/src/install/my_robot2_description/share/ament_index/resource_index/parent_prefix_path/my_robot2_description
[0.225s] -- Up-to-date: /home/nazia/ros2_ws3/src/install/my_robot2_description/share/my_robot2_description/environment/ament_prefix_path.sh
[0.225s] -- Up-to-date: /home/nazia/ros2_ws3/src/install/my_robot2_description/share/my_robot2_description/environment/ament_prefix_path.dsv
[0.228s] -- Up-to-date: /home/nazia/ros2_ws3/src/install/my_robot2_description/share/my_robot2_description/environment/path.sh
[0.228s] -- Up-to-date: /home/nazia/ros2_ws3/src/install/my_robot2_description/share/my_robot2_description/environment/path.dsv
[0.228s] -- Up-to-date: /home/nazia/ros2_ws3/src/install/my_robot2_description/share/my_robot2_description/local_setup.bash
[0.228s] -- Up-to-date: /home/nazia/ros2_ws3/src/install/my_robot2_description/share/my_robot2_description/local_setup.sh
[0.228s] -- Up-to-date: /home/nazia/ros2_ws3/src/install/my_robot2_description/share/my_robot2_description/local_setup.zsh
[0.229s] -- Up-to-date: /home/nazia/ros2_ws3/src/install/my_robot2_description/share/my_robot2_description/local_setup.dsv
[0.229s] -- Up-to-date: /home/nazia/ros2_ws3/src/install/my_robot2_description/share/my_robot2_description/package.dsv
[0.229s] -- Up-to-date: /home/nazia/ros2_ws3/src/install/my_robot2_description/share/ament_index/resource_index/packages/my_robot2_description
[0.229s] -- Up-to-date: /home/nazia/ros2_ws3/src/install/my_robot2_description/share/my_robot2_description/cmake/my_robot2_descriptionConfig.cmake
[0.230s] -- Up-to-date: /home/nazia/ros2_ws3/src/install/my_robot2_description/share/my_robot2_description/cmake/my_robot2_descriptionConfig-version.cmake
[0.230s] -- Up-to-date: /home/nazia/ros2_ws3/src/install/my_robot2_description/share/my_robot2_description/package.xml
[0.231s] Invoked command in '/home/nazia/ros2_ws3/src/build/my_robot2_description' returned '0': CMAKE_PREFIX_PATH=${CMAKE_PREFIX_PATH}:/opt/ros/humble /usr/bin/cmake --install /home/nazia/ros2_ws3/src/build/my_robot2_description
