[0.095s] Invoking command in '/home/nazia/ros2_ws3/src/build/my_robot2_description': CMAKE_PREFIX_PATH=${CMAKE_PREFIX_PATH}:/opt/ros/humble /usr/bin/cmake --build /home/nazia/ros2_ws3/src/build/my_robot2_description -- -j2 -l2
[0.417s] Invoked command in '/home/nazia/ros2_ws3/src/build/my_robot2_description' returned '0': CMAKE_PREFIX_PATH=${CMAKE_PREFIX_PATH}:/opt/ros/humble /usr/bin/cmake --build /home/nazia/ros2_ws3/src/build/my_robot2_description -- -j2 -l2
[0.525s] Invoking command in '/home/nazia/ros2_ws3/src/build/my_robot2_description': CMAKE_PREFIX_PATH=${CMAKE_PREFIX_PATH}:/opt/ros/humble /usr/bin/cmake --install /home/nazia/ros2_ws3/src/build/my_robot2_description
[0.571s] -- Install configuration: ""
[0.575s] -- Execute custom install script
[0.575s] -- Symlinking: /home/nazia/ros2_ws3/src/install/my_robot2_description/share/my_robot2_description/urdf/camera.xacro
[0.604s] -- Up-to-date symlink: /home/nazia/ros2_ws3/src/install/my_robot2_description/share/my_robot2_description/urdf/common_properties.xacro
[0.604s] -- Up-to-date symlink: /home/nazia/ros2_ws3/src/install/my_robot2_description/share/my_robot2_description/urdf/mobile_base.xacro
[0.605s] -- Up-to-date symlink: /home/nazia/ros2_ws3/src/install/my_robot2_description/share/my_robot2_description/urdf/mobile_base_gazebo.xacro
[0.610s] -- Up-to-date symlink: /home/nazia/ros2_ws3/src/install/my_robot2_description/share/my_robot2_description/urdf/my_robot.urdf.xacro
[0.614s] -- Up-to-date symlink: /home/nazia/ros2_ws3/src/install/my_robot2_description/share/my_robot2_description/launch/display.launch.py
[0.614s] -- Up-to-date symlink: /home/nazia/ros2_ws3/src/install/my_robot2_description/share/my_robot2_description/launch/display.launch.xml
[0.617s] -- Up-to-date symlink: /home/nazia/ros2_ws3/src/install/my_robot2_description/share/my_robot2_description/rviz/urdf_config.rviz
[0.619s] -- Up-to-date symlink: /home/nazia/ros2_ws3/src/install/my_robot2_description/share/my_robot2_description/rviz/urdf_config2.rviz
[0.623s] -- Up-to-date symlink: /home/nazia/ros2_ws3/src/install/my_robot2_description/share/ament_index/resource_index/package_run_dependencies/my_robot2_description
[0.624s] -- Up-to-date symlink: /home/nazia/ros2_ws3/src/install/my_robot2_description/share/ament_index/resource_index/parent_prefix_path/my_robot2_description
[0.627s] -- Up-to-date symlink: /home/nazia/ros2_ws3/src/install/my_robot2_description/share/my_robot2_description/environment/ament_prefix_path.sh
[0.630s] -- Up-to-date symlink: /home/nazia/ros2_ws3/src/install/my_robot2_description/share/my_robot2_description/environment/ament_prefix_path.dsv
[0.632s] -- Up-to-date symlink: /home/nazia/ros2_ws3/src/install/my_robot2_description/share/my_robot2_description/environment/path.sh
[0.635s] -- Up-to-date symlink: /home/nazia/ros2_ws3/src/install/my_robot2_description/share/my_robot2_description/environment/path.dsv
[0.638s] -- Up-to-date symlink: /home/nazia/ros2_ws3/src/install/my_robot2_description/share/my_robot2_description/local_setup.bash
[0.640s] -- Up-to-date symlink: /home/nazia/ros2_ws3/src/install/my_robot2_description/share/my_robot2_description/local_setup.sh
[0.644s] -- Up-to-date symlink: /home/nazia/ros2_ws3/src/install/my_robot2_description/share/my_robot2_description/local_setup.zsh
[0.645s] -- Up-to-date symlink: /home/nazia/ros2_ws3/src/install/my_robot2_description/share/my_robot2_description/local_setup.dsv
[0.649s] -- Symlinking: /home/nazia/ros2_ws3/src/install/my_robot2_description/share/my_robot2_description/package.dsv
[0.682s] -- Up-to-date symlink: /home/nazia/ros2_ws3/src/install/my_robot2_description/share/ament_index/resource_index/packages/my_robot2_description
[0.682s] -- Up-to-date symlink: /home/nazia/ros2_ws3/src/install/my_robot2_description/share/my_robot2_description/cmake/my_robot2_descriptionConfig.cmake
[0.691s] -- Up-to-date symlink: /home/nazia/ros2_ws3/src/install/my_robot2_description/share/my_robot2_description/cmake/my_robot2_descriptionConfig-version.cmake
[0.693s] -- Up-to-date symlink: /home/nazia/ros2_ws3/src/install/my_robot2_description/share/my_robot2_description/package.xml
[0.716s] Invoked command in '/home/nazia/ros2_ws3/src/build/my_robot2_description' returned '0': CMAKE_PREFIX_PATH=${CMAKE_PREFIX_PATH}:/opt/ros/humble /usr/bin/cmake --install /home/nazia/ros2_ws3/src/build/my_robot2_description
