[0.021s] Invoking command in '/home/nazia/ros2_ws3/src/build/my_robot2_description': CMAKE_PREFIX_PATH=${CMAKE_PREFIX_PATH}:/opt/ros/humble /usr/bin/cmake /home/nazia/ros2_ws3/src/my_robot2_description -DAMENT_CMAKE_SYMLINK_INSTALL=1 -DCMAKE_INSTALL_PREFIX=/home/nazia/ros2_ws3/src/install/my_robot2_description
[0.066s] -- Found ament_cmake: 1.3.10 (/opt/ros/humble/share/ament_cmake/cmake)
[0.197s] -- Override CMake install command with custom implementation using symlinks instead of copying resources
[0.295s] -- Configuring done
[0.310s] -- Generating done
[0.317s] -- Build files have been written to: /home/nazia/ros2_ws3/src/build/my_robot2_description
[0.318s] Invoked command in '/home/nazia/ros2_ws3/src/build/my_robot2_description' returned '0': CMAKE_PREFIX_PATH=${CMAKE_PREFIX_PATH}:/opt/ros/humble /usr/bin/cmake /home/nazia/ros2_ws3/src/my_robot2_description -DAMENT_CMAKE_SYMLINK_INSTALL=1 -DCMAKE_INSTALL_PREFIX=/home/nazia/ros2_ws3/src/install/my_robot2_description
[0.319s] Invoking command in '/home/nazia/ros2_ws3/src/build/my_robot2_description': CMAKE_PREFIX_PATH=${CMAKE_PREFIX_PATH}:/opt/ros/humble /usr/bin/cmake --build /home/nazia/ros2_ws3/src/build/my_robot2_description -- -j2 -l2
[0.373s] Invoked command in '/home/nazia/ros2_ws3/src/build/my_robot2_description' returned '0': CMAKE_PREFIX_PATH=${CMAKE_PREFIX_PATH}:/opt/ros/humble /usr/bin/cmake --build /home/nazia/ros2_ws3/src/build/my_robot2_description -- -j2 -l2
[0.450s] Invoking command in '/home/nazia/ros2_ws3/src/build/my_robot2_description': CMAKE_PREFIX_PATH=${CMAKE_PREFIX_PATH}:/opt/ros/humble /usr/bin/cmake --install /home/nazia/ros2_ws3/src/build/my_robot2_description
[0.459s] -- Install configuration: ""
[0.460s] -- Execute custom install script
[0.467s] -- Symlinking: /home/nazia/ros2_ws3/src/install/my_robot2_description/share/my_robot2_description/urdf/common_properties.xacro
[0.478s] -- Symlinking: /home/nazia/ros2_ws3/src/install/my_robot2_description/share/my_robot2_description/urdf/mobile_base.xacro
[0.494s] -- Symlinking: /home/nazia/ros2_ws3/src/install/my_robot2_description/share/my_robot2_description/urdf/my_robot.urdf.xacro
[0.512s] -- Symlinking: /home/nazia/ros2_ws3/src/install/my_robot2_description/share/my_robot2_description/launch/display.launch.py
[0.529s] -- Symlinking: /home/nazia/ros2_ws3/src/install/my_robot2_description/share/my_robot2_description/launch/display.launch.xml
[0.544s] -- Symlinking: /home/nazia/ros2_ws3/src/install/my_robot2_description/share/my_robot2_description/rviz/urdf_config.rviz
[0.557s] -- Symlinking: /home/nazia/ros2_ws3/src/install/my_robot2_description/share/my_robot2_description/rviz/urdf_config2.rviz
[0.570s] -- Symlinking: /home/nazia/ros2_ws3/src/install/my_robot2_description/share/ament_index/resource_index/package_run_dependencies/my_robot2_description
[0.583s] -- Symlinking: /home/nazia/ros2_ws3/src/install/my_robot2_description/share/ament_index/resource_index/parent_prefix_path/my_robot2_description
[0.594s] -- Symlinking: /home/nazia/ros2_ws3/src/install/my_robot2_description/share/my_robot2_description/environment/ament_prefix_path.sh
[0.604s] -- Symlinking: /home/nazia/ros2_ws3/src/install/my_robot2_description/share/my_robot2_description/environment/ament_prefix_path.dsv
[0.614s] -- Symlinking: /home/nazia/ros2_ws3/src/install/my_robot2_description/share/my_robot2_description/environment/path.sh
[0.628s] -- Symlinking: /home/nazia/ros2_ws3/src/install/my_robot2_description/share/my_robot2_description/environment/path.dsv
[0.644s] -- Symlinking: /home/nazia/ros2_ws3/src/install/my_robot2_description/share/my_robot2_description/local_setup.bash
[0.664s] -- Symlinking: /home/nazia/ros2_ws3/src/install/my_robot2_description/share/my_robot2_description/local_setup.sh
[0.685s] -- Symlinking: /home/nazia/ros2_ws3/src/install/my_robot2_description/share/my_robot2_description/local_setup.zsh
[0.698s] -- Symlinking: /home/nazia/ros2_ws3/src/install/my_robot2_description/share/my_robot2_description/local_setup.dsv
[0.711s] -- Symlinking: /home/nazia/ros2_ws3/src/install/my_robot2_description/share/my_robot2_description/package.dsv
[0.724s] -- Symlinking: /home/nazia/ros2_ws3/src/install/my_robot2_description/share/ament_index/resource_index/packages/my_robot2_description
[0.736s] -- Symlinking: /home/nazia/ros2_ws3/src/install/my_robot2_description/share/my_robot2_description/cmake/my_robot2_descriptionConfig.cmake
[0.749s] -- Symlinking: /home/nazia/ros2_ws3/src/install/my_robot2_description/share/my_robot2_description/cmake/my_robot2_descriptionConfig-version.cmake
[0.760s] -- Symlinking: /home/nazia/ros2_ws3/src/install/my_robot2_description/share/my_robot2_description/package.xml
[0.772s] Invoked command in '/home/nazia/ros2_ws3/src/build/my_robot2_description' returned '0': CMAKE_PREFIX_PATH=${CMAKE_PREFIX_PATH}:/opt/ros/humble /usr/bin/cmake --install /home/nazia/ros2_ws3/src/build/my_robot2_description
