[0.052s] Invoking command in '/home/nazia/ros2_ws3/src/build/my_robot_bringup': CMAKE_PREFIX_PATH=/home/nazia/ros2_ws3/src/install/my_robot2_description:/home/nazia/ros2_ws3/install/my_robot_bringup2:/home/nazia/ros2_ws3/install/my_robot_bringup:/home/nazia/ros2_ws3/install/my_robot2_description:/home/nazia/ros2_ws3/src/install/my_robot_bringup2:/home/nazia/ros2_ws3/src/install/my_robot_bringup:/opt/ros/humble /usr/bin/cmake --build /home/nazia/ros2_ws3/src/build/my_robot_bringup -- -j2 -l2
[0.126s] -- Found ament_cmake: 1.3.10 (/opt/ros/humble/share/ament_cmake/cmake)
[0.376s] -- Override CMake install command with custom implementation using symlinks instead of copying resources
[0.566s] -- Configuring done
[0.583s] -- Generating done
[0.590s] -- Build files have been written to: /home/nazia/ros2_ws3/src/build/my_robot_bringup
[0.658s] Invoked command in '/home/nazia/ros2_ws3/src/build/my_robot_bringup' returned '0': CMAKE_PREFIX_PATH=/home/nazia/ros2_ws3/src/install/my_robot2_description:/home/nazia/ros2_ws3/install/my_robot_bringup2:/home/nazia/ros2_ws3/install/my_robot_bringup:/home/nazia/ros2_ws3/install/my_robot2_description:/home/nazia/ros2_ws3/src/install/my_robot_bringup2:/home/nazia/ros2_ws3/src/install/my_robot_bringup:/opt/ros/humble /usr/bin/cmake --build /home/nazia/ros2_ws3/src/build/my_robot_bringup -- -j2 -l2
[0.766s] Invoking command in '/home/nazia/ros2_ws3/src/build/my_robot_bringup': CMAKE_PREFIX_PATH=/home/nazia/ros2_ws3/src/install/my_robot2_description:/home/nazia/ros2_ws3/install/my_robot_bringup2:/home/nazia/ros2_ws3/install/my_robot_bringup:/home/nazia/ros2_ws3/install/my_robot2_description:/home/nazia/ros2_ws3/src/install/my_robot_bringup2:/home/nazia/ros2_ws3/src/install/my_robot_bringup:/opt/ros/humble /usr/bin/cmake --install /home/nazia/ros2_ws3/src/build/my_robot_bringup
[0.800s] -- Install configuration: ""
[0.807s] -- Execute custom install script
[0.807s] -- Up-to-date symlink: /home/nazia/ros2_ws3/src/install/my_robot_bringup/share/my_robot_bringup//launch/my_robot_gazebo.launch.xml
[0.811s] -- Up-to-date symlink: /home/nazia/ros2_ws3/src/install/my_robot_bringup/share/my_robot_bringup//rviz/urdf_config3.rviz
[0.815s] -- Symlinking: /home/nazia/ros2_ws3/src/install/my_robot_bringup/share/my_robot_bringup//worlds/test_world.world
[0.834s] -- Up-to-date symlink: /home/nazia/ros2_ws3/src/install/my_robot_bringup/share/ament_index/resource_index/package_run_dependencies/my_robot_bringup
[0.837s] -- Up-to-date symlink: /home/nazia/ros2_ws3/src/install/my_robot_bringup/share/ament_index/resource_index/parent_prefix_path/my_robot_bringup
[0.841s] -- Up-to-date symlink: /home/nazia/ros2_ws3/src/install/my_robot_bringup/share/my_robot_bringup/environment/ament_prefix_path.sh
[0.841s] -- Up-to-date symlink: /home/nazia/ros2_ws3/src/install/my_robot_bringup/share/my_robot_bringup/environment/ament_prefix_path.dsv
[0.842s] -- Up-to-date symlink: /home/nazia/ros2_ws3/src/install/my_robot_bringup/share/my_robot_bringup/environment/path.sh
[0.844s] -- Up-to-date symlink: /home/nazia/ros2_ws3/src/install/my_robot_bringup/share/my_robot_bringup/environment/path.dsv
[0.844s] -- Up-to-date symlink: /home/nazia/ros2_ws3/src/install/my_robot_bringup/share/my_robot_bringup/local_setup.bash
[0.844s] -- Up-to-date symlink: /home/nazia/ros2_ws3/src/install/my_robot_bringup/share/my_robot_bringup/local_setup.sh
[0.845s] -- Up-to-date symlink: /home/nazia/ros2_ws3/src/install/my_robot_bringup/share/my_robot_bringup/local_setup.zsh
[0.845s] -- Up-to-date symlink: /home/nazia/ros2_ws3/src/install/my_robot_bringup/share/my_robot_bringup/local_setup.dsv
[0.850s] -- Symlinking: /home/nazia/ros2_ws3/src/install/my_robot_bringup/share/my_robot_bringup/package.dsv
[0.876s] -- Up-to-date symlink: /home/nazia/ros2_ws3/src/install/my_robot_bringup/share/ament_index/resource_index/packages/my_robot_bringup
[0.878s] -- Up-to-date symlink: /home/nazia/ros2_ws3/src/install/my_robot_bringup/share/my_robot_bringup/cmake/my_robot_bringupConfig.cmake
[0.879s] -- Up-to-date symlink: /home/nazia/ros2_ws3/src/install/my_robot_bringup/share/my_robot_bringup/cmake/my_robot_bringupConfig-version.cmake
[0.879s] -- Up-to-date symlink: /home/nazia/ros2_ws3/src/install/my_robot_bringup/share/my_robot_bringup/package.xml
[0.886s] Invoked command in '/home/nazia/ros2_ws3/src/build/my_robot_bringup' returned '0': CMAKE_PREFIX_PATH=/home/nazia/ros2_ws3/src/install/my_robot2_description:/home/nazia/ros2_ws3/install/my_robot_bringup2:/home/nazia/ros2_ws3/install/my_robot_bringup:/home/nazia/ros2_ws3/install/my_robot2_description:/home/nazia/ros2_ws3/src/install/my_robot_bringup2:/home/nazia/ros2_ws3/src/install/my_robot_bringup:/opt/ros/humble /usr/bin/cmake --install /home/nazia/ros2_ws3/src/build/my_robot_bringup
