[0.293s] DEBUG:colcon:Command line arguments: ['/usr/bin/colcon', 'build']
[0.293s] DEBUG:colcon:Parsed command line arguments: Namespace(log_base=None, log_level=None, verb_name='build', build_base='build', install_base='install', merge_install=False, symlink_install=False, test_result_base=None, continue_on_error=False, executor='parallel', parallel_workers=2, event_handlers=None, ignore_user_meta=False, metas=['./colcon.meta'], base_paths=['.'], packages_ignore=None, packages_ignore_regex=None, paths=None, packages_up_to=None, packages_up_to_regex=None, packages_above=None, packages_above_and_dependencies=None, packages_above_depth=None, packages_select_by_dep=None, packages_skip_by_dep=None, packages_skip_up_to=None, packages_select_build_failed=False, packages_skip_build_finished=False, packages_select_test_failures=False, packages_skip_test_passed=False, packages_select=None, packages_skip=None, packages_select_regex=None, packages_skip_regex=None, packages_start=None, packages_end=None, allow_overriding=[], cmake_args=None, cmake_target=None, cmake_target_skip_unavailable=False, cmake_clean_cache=False, cmake_clean_first=False, cmake_force_configure=False, ament_cmake_args=None, catkin_cmake_args=None, catkin_skip_building_tests=False, verb_parser=<colcon_defaults.argument_parser.defaults.DefaultArgumentsDecorator object at 0x78034da77f70>, verb_extension=<colcon_core.verb.build.BuildVerb object at 0x78034da215a0>, main=<bound method BuildVerb.main of <colcon_core.verb.build.BuildVerb object at 0x78034da215a0>>)
[0.763s] Level 1:colcon.colcon_core.package_discovery:discover_packages(colcon_meta) check parameters
[0.764s] Level 1:colcon.colcon_core.package_discovery:discover_packages(recursive) check parameters
[0.764s] Level 1:colcon.colcon_core.package_discovery:discover_packages(ignore) check parameters
[0.764s] Level 1:colcon.colcon_core.package_discovery:discover_packages(path) check parameters
[0.764s] Level 1:colcon.colcon_core.package_discovery:discover_packages(colcon_meta) discover
[0.764s] Level 1:colcon.colcon_core.package_discovery:discover_packages(recursive) discover
[0.764s] INFO:colcon.colcon_core.package_discovery:Crawling recursively for packages in '/home/nazia/ros2_ws3/src'
[0.764s] Level 1:colcon.colcon_core.package_identification:_identify(.) by extensions ['ignore', 'ignore_ament_install']
[0.764s] Level 1:colcon.colcon_core.package_identification:_identify(.) by extension 'ignore'
[0.764s] Level 1:colcon.colcon_core.package_identification:_identify(.) by extension 'ignore_ament_install'
[0.764s] Level 1:colcon.colcon_core.package_identification:_identify(.) by extensions ['colcon_pkg']
[0.764s] Level 1:colcon.colcon_core.package_identification:_identify(.) by extension 'colcon_pkg'
[0.764s] Level 1:colcon.colcon_core.package_identification:_identify(.) by extensions ['colcon_meta']
[0.764s] Level 1:colcon.colcon_core.package_identification:_identify(.) by extension 'colcon_meta'
[0.764s] Level 1:colcon.colcon_core.package_identification:_identify(.) by extensions ['ros']
[0.764s] Level 1:colcon.colcon_core.package_identification:_identify(.) by extension 'ros'
[0.796s] Level 1:colcon.colcon_core.package_identification:_identify(.) by extensions ['cmake', 'python']
[0.796s] Level 1:colcon.colcon_core.package_identification:_identify(.) by extension 'cmake'
[0.796s] Level 1:colcon.colcon_core.package_identification:_identify(.) by extension 'python'
[0.796s] Level 1:colcon.colcon_core.package_identification:_identify(.) by extensions ['python_setup_py']
[0.796s] Level 1:colcon.colcon_core.package_identification:_identify(.) by extension 'python_setup_py'
[0.796s] Level 1:colcon.colcon_core.package_identification:_identify(build) by extensions ['ignore', 'ignore_ament_install']
[0.796s] Level 1:colcon.colcon_core.package_identification:_identify(build) by extension 'ignore'
[0.796s] Level 1:colcon.colcon_core.package_identification:_identify(build) ignored
[0.797s] Level 1:colcon.colcon_core.package_identification:_identify(install) by extensions ['ignore', 'ignore_ament_install']
[0.797s] Level 1:colcon.colcon_core.package_identification:_identify(install) by extension 'ignore'
[0.797s] Level 1:colcon.colcon_core.package_identification:_identify(install) ignored
[0.797s] Level 1:colcon.colcon_core.package_identification:_identify(log) by extensions ['ignore', 'ignore_ament_install']
[0.797s] Level 1:colcon.colcon_core.package_identification:_identify(log) by extension 'ignore'
[0.797s] Level 1:colcon.colcon_core.package_identification:_identify(log) ignored
[0.797s] Level 1:colcon.colcon_core.package_identification:_identify(my_robot2_description) by extensions ['ignore', 'ignore_ament_install']
[0.797s] Level 1:colcon.colcon_core.package_identification:_identify(my_robot2_description) by extension 'ignore'
[0.797s] Level 1:colcon.colcon_core.package_identification:_identify(my_robot2_description) by extension 'ignore_ament_install'
[0.797s] Level 1:colcon.colcon_core.package_identification:_identify(my_robot2_description) by extensions ['colcon_pkg']
[0.797s] Level 1:colcon.colcon_core.package_identification:_identify(my_robot2_description) by extension 'colcon_pkg'
[0.797s] Level 1:colcon.colcon_core.package_identification:_identify(my_robot2_description) by extensions ['colcon_meta']
[0.797s] Level 1:colcon.colcon_core.package_identification:_identify(my_robot2_description) by extension 'colcon_meta'
[0.797s] Level 1:colcon.colcon_core.package_identification:_identify(my_robot2_description) by extensions ['ros']
[0.797s] Level 1:colcon.colcon_core.package_identification:_identify(my_robot2_description) by extension 'ros'
[0.803s] DEBUG:colcon.colcon_core.package_identification:Package 'my_robot2_description' with type 'ros.ament_cmake' and name 'my_robot2_description'
[0.803s] Level 1:colcon.colcon_core.package_identification:_identify(my_robot_bringup) by extensions ['ignore', 'ignore_ament_install']
[0.803s] Level 1:colcon.colcon_core.package_identification:_identify(my_robot_bringup) by extension 'ignore'
[0.803s] Level 1:colcon.colcon_core.package_identification:_identify(my_robot_bringup) by extension 'ignore_ament_install'
[0.803s] Level 1:colcon.colcon_core.package_identification:_identify(my_robot_bringup) by extensions ['colcon_pkg']
[0.803s] Level 1:colcon.colcon_core.package_identification:_identify(my_robot_bringup) by extension 'colcon_pkg'
[0.803s] Level 1:colcon.colcon_core.package_identification:_identify(my_robot_bringup) by extensions ['colcon_meta']
[0.803s] Level 1:colcon.colcon_core.package_identification:_identify(my_robot_bringup) by extension 'colcon_meta'
[0.803s] Level 1:colcon.colcon_core.package_identification:_identify(my_robot_bringup) by extensions ['ros']
[0.803s] Level 1:colcon.colcon_core.package_identification:_identify(my_robot_bringup) by extension 'ros'
[0.805s] DEBUG:colcon.colcon_core.package_identification:Package 'my_robot_bringup' with type 'ros.ament_cmake' and name 'my_robot_bringup'
[0.805s] Level 1:colcon.colcon_core.package_identification:_identify(my_robot_bringup2) by extensions ['ignore', 'ignore_ament_install']
[0.806s] Level 1:colcon.colcon_core.package_identification:_identify(my_robot_bringup2) by extension 'ignore'
[0.806s] Level 1:colcon.colcon_core.package_identification:_identify(my_robot_bringup2) by extension 'ignore_ament_install'
[0.806s] Level 1:colcon.colcon_core.package_identification:_identify(my_robot_bringup2) by extensions ['colcon_pkg']
[0.806s] Level 1:colcon.colcon_core.package_identification:_identify(my_robot_bringup2) by extension 'colcon_pkg'
[0.806s] Level 1:colcon.colcon_core.package_identification:_identify(my_robot_bringup2) by extensions ['colcon_meta']
[0.806s] Level 1:colcon.colcon_core.package_identification:_identify(my_robot_bringup2) by extension 'colcon_meta'
[0.806s] Level 1:colcon.colcon_core.package_identification:_identify(my_robot_bringup2) by extensions ['ros']
[0.806s] Level 1:colcon.colcon_core.package_identification:_identify(my_robot_bringup2) by extension 'ros'
[0.807s] DEBUG:colcon.colcon_core.package_identification:Package 'my_robot_bringup2' with type 'ros.ament_cmake' and name 'my_robot_bringup2'
[0.807s] Level 1:colcon.colcon_core.package_discovery:discover_packages(recursive) using defaults
[0.807s] Level 1:colcon.colcon_core.package_discovery:discover_packages(ignore) discover
[0.807s] Level 1:colcon.colcon_core.package_discovery:discover_packages(ignore) using defaults
[0.807s] Level 1:colcon.colcon_core.package_discovery:discover_packages(path) discover
[0.807s] Level 1:colcon.colcon_core.package_discovery:discover_packages(path) using defaults
[0.875s] Level 1:colcon.colcon_core.package_discovery:discover_packages(prefix_path) check parameters
[0.875s] Level 1:colcon.colcon_core.package_discovery:discover_packages(prefix_path) discover
[0.883s] DEBUG:colcon.colcon_installed_package_information.package_discovery:Found 3 installed packages in /home/nazia/ros2_ws3/install
[0.884s] DEBUG:colcon.colcon_installed_package_information.package_discovery:Found 2 installed packages in /home/nazia/ros2_ws3/src/install
[0.885s] DEBUG:colcon.colcon_installed_package_information.package_discovery:Found 282 installed packages in /opt/ros/humble
[0.888s] Level 1:colcon.colcon_core.package_discovery:discover_packages(prefix_path) using defaults
[0.969s] Level 5:colcon.colcon_core.verb:set package 'my_robot2_description' build argument 'cmake_args' from command line to 'None'
[0.969s] Level 5:colcon.colcon_core.verb:set package 'my_robot2_description' build argument 'cmake_target' from command line to 'None'
[0.969s] Level 5:colcon.colcon_core.verb:set package 'my_robot2_description' build argument 'cmake_target_skip_unavailable' from command line to 'False'
[0.969s] Level 5:colcon.colcon_core.verb:set package 'my_robot2_description' build argument 'cmake_clean_cache' from command line to 'False'
[0.969s] Level 5:colcon.colcon_core.verb:set package 'my_robot2_description' build argument 'cmake_clean_first' from command line to 'False'
[0.969s] Level 5:colcon.colcon_core.verb:set package 'my_robot2_description' build argument 'cmake_force_configure' from command line to 'False'
[0.970s] Level 5:colcon.colcon_core.verb:set package 'my_robot2_description' build argument 'ament_cmake_args' from command line to 'None'
[0.970s] Level 5:colcon.colcon_core.verb:set package 'my_robot2_description' build argument 'catkin_cmake_args' from command line to 'None'
[0.970s] Level 5:colcon.colcon_core.verb:set package 'my_robot2_description' build argument 'catkin_skip_building_tests' from command line to 'False'
[0.970s] DEBUG:colcon.colcon_core.verb:Building package 'my_robot2_description' with the following arguments: {'ament_cmake_args': None, 'build_base': '/home/nazia/ros2_ws3/src/build/my_robot2_description', 'catkin_cmake_args': None, 'catkin_skip_building_tests': False, 'cmake_args': None, 'cmake_clean_cache': False, 'cmake_clean_first': False, 'cmake_force_configure': False, 'cmake_target': None, 'cmake_target_skip_unavailable': False, 'install_base': '/home/nazia/ros2_ws3/src/install/my_robot2_description', 'merge_install': False, 'path': '/home/nazia/ros2_ws3/src/my_robot2_description', 'symlink_install': False, 'test_result_base': None}
[0.970s] Level 5:colcon.colcon_core.verb:set package 'my_robot_bringup2' build argument 'cmake_args' from command line to 'None'
[0.970s] Level 5:colcon.colcon_core.verb:set package 'my_robot_bringup2' build argument 'cmake_target' from command line to 'None'
[0.970s] Level 5:colcon.colcon_core.verb:set package 'my_robot_bringup2' build argument 'cmake_target_skip_unavailable' from command line to 'False'
[0.970s] Level 5:colcon.colcon_core.verb:set package 'my_robot_bringup2' build argument 'cmake_clean_cache' from command line to 'False'
[0.970s] Level 5:colcon.colcon_core.verb:set package 'my_robot_bringup2' build argument 'cmake_clean_first' from command line to 'False'
[0.970s] Level 5:colcon.colcon_core.verb:set package 'my_robot_bringup2' build argument 'cmake_force_configure' from command line to 'False'
[0.970s] Level 5:colcon.colcon_core.verb:set package 'my_robot_bringup2' build argument 'ament_cmake_args' from command line to 'None'
[0.970s] Level 5:colcon.colcon_core.verb:set package 'my_robot_bringup2' build argument 'catkin_cmake_args' from command line to 'None'
[0.970s] Level 5:colcon.colcon_core.verb:set package 'my_robot_bringup2' build argument 'catkin_skip_building_tests' from command line to 'False'
[0.970s] DEBUG:colcon.colcon_core.verb:Building package 'my_robot_bringup2' with the following arguments: {'ament_cmake_args': None, 'build_base': '/home/nazia/ros2_ws3/src/build/my_robot_bringup2', 'catkin_cmake_args': None, 'catkin_skip_building_tests': False, 'cmake_args': None, 'cmake_clean_cache': False, 'cmake_clean_first': False, 'cmake_force_configure': False, 'cmake_target': None, 'cmake_target_skip_unavailable': False, 'install_base': '/home/nazia/ros2_ws3/src/install/my_robot_bringup2', 'merge_install': False, 'path': '/home/nazia/ros2_ws3/src/my_robot_bringup2', 'symlink_install': False, 'test_result_base': None}
[0.970s] Level 5:colcon.colcon_core.verb:set package 'my_robot_bringup' build argument 'cmake_args' from command line to 'None'
[0.970s] Level 5:colcon.colcon_core.verb:set package 'my_robot_bringup' build argument 'cmake_target' from command line to 'None'
[0.970s] Level 5:colcon.colcon_core.verb:set package 'my_robot_bringup' build argument 'cmake_target_skip_unavailable' from command line to 'False'
[0.971s] Level 5:colcon.colcon_core.verb:set package 'my_robot_bringup' build argument 'cmake_clean_cache' from command line to 'False'
[0.971s] Level 5:colcon.colcon_core.verb:set package 'my_robot_bringup' build argument 'cmake_clean_first' from command line to 'False'
[0.971s] Level 5:colcon.colcon_core.verb:set package 'my_robot_bringup' build argument 'cmake_force_configure' from command line to 'False'
[0.971s] Level 5:colcon.colcon_core.verb:set package 'my_robot_bringup' build argument 'ament_cmake_args' from command line to 'None'
[0.971s] Level 5:colcon.colcon_core.verb:set package 'my_robot_bringup' build argument 'catkin_cmake_args' from command line to 'None'
[0.971s] Level 5:colcon.colcon_core.verb:set package 'my_robot_bringup' build argument 'catkin_skip_building_tests' from command line to 'False'
[0.971s] DEBUG:colcon.colcon_core.verb:Building package 'my_robot_bringup' with the following arguments: {'ament_cmake_args': None, 'build_base': '/home/nazia/ros2_ws3/src/build/my_robot_bringup', 'catkin_cmake_args': None, 'catkin_skip_building_tests': False, 'cmake_args': None, 'cmake_clean_cache': False, 'cmake_clean_first': False, 'cmake_force_configure': False, 'cmake_target': None, 'cmake_target_skip_unavailable': False, 'install_base': '/home/nazia/ros2_ws3/src/install/my_robot_bringup', 'merge_install': False, 'path': '/home/nazia/ros2_ws3/src/my_robot_bringup', 'symlink_install': False, 'test_result_base': None}
[0.971s] INFO:colcon.colcon_core.executor:Executing jobs using 'parallel' executor
[0.972s] DEBUG:colcon.colcon_parallel_executor.executor.parallel:run_until_complete
[0.972s] INFO:colcon.colcon_ros.task.ament_cmake.build:Building ROS package in '/home/nazia/ros2_ws3/src/my_robot2_description' with build type 'ament_cmake'
[0.972s] INFO:colcon.colcon_cmake.task.cmake.build:Building CMake package in '/home/nazia/ros2_ws3/src/my_robot2_description'
[0.990s] INFO:colcon.colcon_core.plugin_system:Skipping extension 'colcon_core.shell.bat': Not used on non-Windows systems
[0.990s] INFO:colcon.colcon_core.shell:Skip shell extension 'powershell' for command environment: Not usable outside of PowerShell
[0.990s] DEBUG:colcon.colcon_core.shell:Skip shell extension 'dsv' for command environment
[0.996s] INFO:colcon.colcon_ros.task.ament_cmake.build:Building ROS package in '/home/nazia/ros2_ws3/src/my_robot_bringup2' with build type 'ament_cmake'
[0.997s] INFO:colcon.colcon_cmake.task.cmake.build:Building CMake package in '/home/nazia/ros2_ws3/src/my_robot_bringup2'
[0.997s] INFO:colcon.colcon_core.shell:Skip shell extension 'powershell' for command environment: Not usable outside of PowerShell
[0.997s] DEBUG:colcon.colcon_core.shell:Skip shell extension 'dsv' for command environment
[1.011s] DEBUG:colcon.colcon_core.event_handler.log_command:Invoking command in '/home/nazia/ros2_ws3/src/build/my_robot2_description': CMAKE_PREFIX_PATH=${CMAKE_PREFIX_PATH}:/opt/ros/humble /usr/bin/cmake /home/nazia/ros2_ws3/src/my_robot2_description -DCMAKE_INSTALL_PREFIX=/home/nazia/ros2_ws3/src/install/my_robot2_description
[1.022s] DEBUG:colcon.colcon_core.event_handler.log_command:Invoking command in '/home/nazia/ros2_ws3/src/build/my_robot_bringup2': CMAKE_PREFIX_PATH=${CMAKE_PREFIX_PATH}:/opt/ros/humble /usr/bin/cmake /home/nazia/ros2_ws3/src/my_robot_bringup2 -DCMAKE_INSTALL_PREFIX=/home/nazia/ros2_ws3/src/install/my_robot_bringup2
[1.617s] DEBUG:colcon.colcon_core.event_handler.log_command:Invoked command in '/home/nazia/ros2_ws3/src/build/my_robot2_description' returned '0': CMAKE_PREFIX_PATH=${CMAKE_PREFIX_PATH}:/opt/ros/humble /usr/bin/cmake /home/nazia/ros2_ws3/src/my_robot2_description -DCMAKE_INSTALL_PREFIX=/home/nazia/ros2_ws3/src/install/my_robot2_description
[1.617s] DEBUG:colcon.colcon_core.event_handler.log_command:Invoking command in '/home/nazia/ros2_ws3/src/build/my_robot2_description': CMAKE_PREFIX_PATH=${CMAKE_PREFIX_PATH}:/opt/ros/humble /usr/bin/cmake --build /home/nazia/ros2_ws3/src/build/my_robot2_description -- -j2 -l2
[1.663s] DEBUG:colcon.colcon_core.event_handler.log_command:Invoked command in '/home/nazia/ros2_ws3/src/build/my_robot2_description' returned '0': CMAKE_PREFIX_PATH=${CMAKE_PREFIX_PATH}:/opt/ros/humble /usr/bin/cmake --build /home/nazia/ros2_ws3/src/build/my_robot2_description -- -j2 -l2
[1.708s] DEBUG:colcon.colcon_core.event_handler.log_command:Invoking command in '/home/nazia/ros2_ws3/src/build/my_robot2_description': CMAKE_PREFIX_PATH=${CMAKE_PREFIX_PATH}:/opt/ros/humble /usr/bin/cmake --install /home/nazia/ros2_ws3/src/build/my_robot2_description
[1.765s] Level 1:colcon.colcon_core.environment:create_environment_scripts_only(my_robot2_description)
[1.766s] DEBUG:colcon.colcon_core.event_handler.log_command:Invoked command in '/home/nazia/ros2_ws3/src/build/my_robot2_description' returned '0': CMAKE_PREFIX_PATH=${CMAKE_PREFIX_PATH}:/opt/ros/humble /usr/bin/cmake --install /home/nazia/ros2_ws3/src/build/my_robot2_description
[1.780s] Level 1:colcon.colcon_core.environment:checking '/home/nazia/ros2_ws3/src/install/my_robot2_description' for CMake module files
[1.781s] Level 1:colcon.colcon_core.environment:checking '/home/nazia/ros2_ws3/src/install/my_robot2_description' for CMake config files
[1.781s] Level 1:colcon.colcon_core.shell:create_environment_hook('my_robot2_description', 'cmake_prefix_path')
[1.782s] INFO:colcon.colcon_core.shell:Creating environment hook '/home/nazia/ros2_ws3/src/install/my_robot2_description/share/my_robot2_description/hook/cmake_prefix_path.ps1'
[1.783s] INFO:colcon.colcon_core.shell:Creating environment descriptor '/home/nazia/ros2_ws3/src/install/my_robot2_description/share/my_robot2_description/hook/cmake_prefix_path.dsv'
[1.785s] INFO:colcon.colcon_core.shell:Creating environment hook '/home/nazia/ros2_ws3/src/install/my_robot2_description/share/my_robot2_description/hook/cmake_prefix_path.sh'
[1.787s] Level 1:colcon.colcon_core.environment:checking '/home/nazia/ros2_ws3/src/install/my_robot2_description/bin'
[1.787s] Level 1:colcon.colcon_core.environment:checking '/home/nazia/ros2_ws3/src/install/my_robot2_description/lib/pkgconfig/my_robot2_description.pc'
[1.787s] Level 1:colcon.colcon_core.environment:checking '/home/nazia/ros2_ws3/src/install/my_robot2_description/lib/python3.10/site-packages'
[1.787s] Level 1:colcon.colcon_core.environment:checking '/home/nazia/ros2_ws3/src/install/my_robot2_description/bin'
[1.788s] INFO:colcon.colcon_core.shell:Creating package script '/home/nazia/ros2_ws3/src/install/my_robot2_description/share/my_robot2_description/package.ps1'
[1.789s] INFO:colcon.colcon_core.shell:Creating package descriptor '/home/nazia/ros2_ws3/src/install/my_robot2_description/share/my_robot2_description/package.dsv'
[1.791s] INFO:colcon.colcon_core.shell:Creating package script '/home/nazia/ros2_ws3/src/install/my_robot2_description/share/my_robot2_description/package.sh'
[1.792s] INFO:colcon.colcon_core.shell:Creating package script '/home/nazia/ros2_ws3/src/install/my_robot2_description/share/my_robot2_description/package.bash'
[1.794s] INFO:colcon.colcon_core.shell:Creating package script '/home/nazia/ros2_ws3/src/install/my_robot2_description/share/my_robot2_description/package.zsh'
[1.796s] Level 1:colcon.colcon_core.environment:create_file_with_runtime_dependencies(/home/nazia/ros2_ws3/src/install/my_robot2_description/share/colcon-core/packages/my_robot2_description)
[1.837s] Level 1:colcon.colcon_core.environment:create_environment_scripts_only(my_robot2_description)
[1.837s] Level 1:colcon.colcon_core.environment:checking '/home/nazia/ros2_ws3/src/install/my_robot2_description' for CMake module files
[1.838s] Level 1:colcon.colcon_core.environment:checking '/home/nazia/ros2_ws3/src/install/my_robot2_description' for CMake config files
[1.838s] Level 1:colcon.colcon_core.shell:create_environment_hook('my_robot2_description', 'cmake_prefix_path')
[1.838s] INFO:colcon.colcon_core.shell:Creating environment hook '/home/nazia/ros2_ws3/src/install/my_robot2_description/share/my_robot2_description/hook/cmake_prefix_path.ps1'
[1.839s] INFO:colcon.colcon_core.shell:Creating environment descriptor '/home/nazia/ros2_ws3/src/install/my_robot2_description/share/my_robot2_description/hook/cmake_prefix_path.dsv'
[1.840s] INFO:colcon.colcon_core.shell:Creating environment hook '/home/nazia/ros2_ws3/src/install/my_robot2_description/share/my_robot2_description/hook/cmake_prefix_path.sh'
[1.842s] Level 1:colcon.colcon_core.environment:checking '/home/nazia/ros2_ws3/src/install/my_robot2_description/bin'
[1.842s] Level 1:colcon.colcon_core.environment:checking '/home/nazia/ros2_ws3/src/install/my_robot2_description/lib/pkgconfig/my_robot2_description.pc'
[1.842s] Level 1:colcon.colcon_core.environment:checking '/home/nazia/ros2_ws3/src/install/my_robot2_description/lib/python3.10/site-packages'
[1.843s] Level 1:colcon.colcon_core.environment:checking '/home/nazia/ros2_ws3/src/install/my_robot2_description/bin'
[1.843s] INFO:colcon.colcon_core.shell:Creating package script '/home/nazia/ros2_ws3/src/install/my_robot2_description/share/my_robot2_description/package.ps1'
[1.844s] INFO:colcon.colcon_core.shell:Creating package descriptor '/home/nazia/ros2_ws3/src/install/my_robot2_description/share/my_robot2_description/package.dsv'
[1.846s] INFO:colcon.colcon_core.shell:Creating package script '/home/nazia/ros2_ws3/src/install/my_robot2_description/share/my_robot2_description/package.sh'
[1.846s] INFO:colcon.colcon_core.shell:Creating package script '/home/nazia/ros2_ws3/src/install/my_robot2_description/share/my_robot2_description/package.bash'
[1.847s] INFO:colcon.colcon_core.shell:Creating package script '/home/nazia/ros2_ws3/src/install/my_robot2_description/share/my_robot2_description/package.zsh'
[1.848s] Level 1:colcon.colcon_core.environment:create_file_with_runtime_dependencies(/home/nazia/ros2_ws3/src/install/my_robot2_description/share/colcon-core/packages/my_robot2_description)
[1.849s] INFO:colcon.colcon_ros.task.ament_cmake.build:Building ROS package in '/home/nazia/ros2_ws3/src/my_robot_bringup' with build type 'ament_cmake'
[1.849s] INFO:colcon.colcon_cmake.task.cmake.build:Building CMake package in '/home/nazia/ros2_ws3/src/my_robot_bringup'
[1.849s] INFO:colcon.colcon_core.shell:Skip shell extension 'powershell' for command environment: Not usable outside of PowerShell
[1.849s] DEBUG:colcon.colcon_core.shell:Skip shell extension 'dsv' for command environment
[1.865s] DEBUG:colcon.colcon_core.event_handler.log_command:Invoking command in '/home/nazia/ros2_ws3/src/build/my_robot_bringup': CMAKE_PREFIX_PATH=/home/nazia/ros2_ws3/src/install/my_robot2_description:/home/nazia/ros2_ws3/install/my_robot_bringup2:/home/nazia/ros2_ws3/install/my_robot_bringup:/home/nazia/ros2_ws3/install/my_robot2_description:/home/nazia/ros2_ws3/src/install/my_robot_bringup:/opt/ros/humble /usr/bin/cmake /home/nazia/ros2_ws3/src/my_robot_bringup -DCMAKE_INSTALL_PREFIX=/home/nazia/ros2_ws3/src/install/my_robot_bringup
[2.148s] DEBUG:colcon.colcon_core.event_handler.log_command:Invoked command in '/home/nazia/ros2_ws3/src/build/my_robot_bringup' returned '0': CMAKE_PREFIX_PATH=/home/nazia/ros2_ws3/src/install/my_robot2_description:/home/nazia/ros2_ws3/install/my_robot_bringup2:/home/nazia/ros2_ws3/install/my_robot_bringup:/home/nazia/ros2_ws3/install/my_robot2_description:/home/nazia/ros2_ws3/src/install/my_robot_bringup:/opt/ros/humble /usr/bin/cmake /home/nazia/ros2_ws3/src/my_robot_bringup -DCMAKE_INSTALL_PREFIX=/home/nazia/ros2_ws3/src/install/my_robot_bringup
[2.148s] DEBUG:colcon.colcon_core.event_handler.log_command:Invoking command in '/home/nazia/ros2_ws3/src/build/my_robot_bringup': CMAKE_PREFIX_PATH=/home/nazia/ros2_ws3/src/install/my_robot2_description:/home/nazia/ros2_ws3/install/my_robot_bringup2:/home/nazia/ros2_ws3/install/my_robot_bringup:/home/nazia/ros2_ws3/install/my_robot2_description:/home/nazia/ros2_ws3/src/install/my_robot_bringup:/opt/ros/humble /usr/bin/cmake --build /home/nazia/ros2_ws3/src/build/my_robot_bringup -- -j2 -l2
[2.201s] DEBUG:colcon.colcon_core.event_handler.log_command:Invoked command in '/home/nazia/ros2_ws3/src/build/my_robot_bringup' returned '0': CMAKE_PREFIX_PATH=/home/nazia/ros2_ws3/src/install/my_robot2_description:/home/nazia/ros2_ws3/install/my_robot_bringup2:/home/nazia/ros2_ws3/install/my_robot_bringup:/home/nazia/ros2_ws3/install/my_robot2_description:/home/nazia/ros2_ws3/src/install/my_robot_bringup:/opt/ros/humble /usr/bin/cmake --build /home/nazia/ros2_ws3/src/build/my_robot_bringup -- -j2 -l2
[2.226s] DEBUG:colcon.colcon_core.event_handler.log_command:Invoked command in '/home/nazia/ros2_ws3/src/build/my_robot_bringup2' returned '0': CMAKE_PREFIX_PATH=${CMAKE_PREFIX_PATH}:/opt/ros/humble /usr/bin/cmake /home/nazia/ros2_ws3/src/my_robot_bringup2 -DCMAKE_INSTALL_PREFIX=/home/nazia/ros2_ws3/src/install/my_robot_bringup2
[2.230s] DEBUG:colcon.colcon_core.event_handler.log_command:Invoking command in '/home/nazia/ros2_ws3/src/build/my_robot_bringup2': CMAKE_PREFIX_PATH=${CMAKE_PREFIX_PATH}:/opt/ros/humble /usr/bin/cmake --build /home/nazia/ros2_ws3/src/build/my_robot_bringup2 -- -j2 -l2
[2.244s] DEBUG:colcon.colcon_core.event_handler.log_command:Invoking command in '/home/nazia/ros2_ws3/src/build/my_robot_bringup': CMAKE_PREFIX_PATH=/home/nazia/ros2_ws3/src/install/my_robot2_description:/home/nazia/ros2_ws3/install/my_robot_bringup2:/home/nazia/ros2_ws3/install/my_robot_bringup:/home/nazia/ros2_ws3/install/my_robot2_description:/home/nazia/ros2_ws3/src/install/my_robot_bringup:/opt/ros/humble /usr/bin/cmake --install /home/nazia/ros2_ws3/src/build/my_robot_bringup
[2.277s] DEBUG:colcon.colcon_core.event_handler.log_command:Invoked command in '/home/nazia/ros2_ws3/src/build/my_robot_bringup2' returned '0': CMAKE_PREFIX_PATH=${CMAKE_PREFIX_PATH}:/opt/ros/humble /usr/bin/cmake --build /home/nazia/ros2_ws3/src/build/my_robot_bringup2 -- -j2 -l2
[2.290s] Level 1:colcon.colcon_core.environment:create_environment_scripts_only(my_robot_bringup)
[2.290s] DEBUG:colcon.colcon_core.event_handler.log_command:Invoked command in '/home/nazia/ros2_ws3/src/build/my_robot_bringup' returned '0': CMAKE_PREFIX_PATH=/home/nazia/ros2_ws3/src/install/my_robot2_description:/home/nazia/ros2_ws3/install/my_robot_bringup2:/home/nazia/ros2_ws3/install/my_robot_bringup:/home/nazia/ros2_ws3/install/my_robot2_description:/home/nazia/ros2_ws3/src/install/my_robot_bringup:/opt/ros/humble /usr/bin/cmake --install /home/nazia/ros2_ws3/src/build/my_robot_bringup
[2.291s] Level 1:colcon.colcon_core.environment:checking '/home/nazia/ros2_ws3/src/install/my_robot_bringup' for CMake module files
[2.292s] Level 1:colcon.colcon_core.environment:checking '/home/nazia/ros2_ws3/src/install/my_robot_bringup' for CMake config files
[2.292s] Level 1:colcon.colcon_core.shell:create_environment_hook('my_robot_bringup', 'cmake_prefix_path')
[2.292s] INFO:colcon.colcon_core.shell:Creating environment hook '/home/nazia/ros2_ws3/src/install/my_robot_bringup/share/my_robot_bringup/hook/cmake_prefix_path.ps1'
[2.293s] INFO:colcon.colcon_core.shell:Creating environment descriptor '/home/nazia/ros2_ws3/src/install/my_robot_bringup/share/my_robot_bringup/hook/cmake_prefix_path.dsv'
[2.293s] INFO:colcon.colcon_core.shell:Creating environment hook '/home/nazia/ros2_ws3/src/install/my_robot_bringup/share/my_robot_bringup/hook/cmake_prefix_path.sh'
[2.294s] Level 1:colcon.colcon_core.environment:checking '/home/nazia/ros2_ws3/src/install/my_robot_bringup/bin'
[2.294s] Level 1:colcon.colcon_core.environment:checking '/home/nazia/ros2_ws3/src/install/my_robot_bringup/lib/pkgconfig/my_robot_bringup.pc'
[2.295s] Level 1:colcon.colcon_core.environment:checking '/home/nazia/ros2_ws3/src/install/my_robot_bringup/lib/python3.10/site-packages'
[2.295s] Level 1:colcon.colcon_core.environment:checking '/home/nazia/ros2_ws3/src/install/my_robot_bringup/bin'
[2.295s] INFO:colcon.colcon_core.shell:Creating package script '/home/nazia/ros2_ws3/src/install/my_robot_bringup/share/my_robot_bringup/package.ps1'
[2.296s] INFO:colcon.colcon_core.shell:Creating package descriptor '/home/nazia/ros2_ws3/src/install/my_robot_bringup/share/my_robot_bringup/package.dsv'
[2.296s] INFO:colcon.colcon_core.shell:Creating package script '/home/nazia/ros2_ws3/src/install/my_robot_bringup/share/my_robot_bringup/package.sh'
[2.297s] INFO:colcon.colcon_core.shell:Creating package script '/home/nazia/ros2_ws3/src/install/my_robot_bringup/share/my_robot_bringup/package.bash'
[2.297s] INFO:colcon.colcon_core.shell:Creating package script '/home/nazia/ros2_ws3/src/install/my_robot_bringup/share/my_robot_bringup/package.zsh'
[2.298s] Level 1:colcon.colcon_core.environment:create_file_with_runtime_dependencies(/home/nazia/ros2_ws3/src/install/my_robot_bringup/share/colcon-core/packages/my_robot_bringup)
[2.311s] DEBUG:colcon.colcon_core.event_handler.log_command:Invoking command in '/home/nazia/ros2_ws3/src/build/my_robot_bringup2': CMAKE_PREFIX_PATH=${CMAKE_PREFIX_PATH}:/opt/ros/humble /usr/bin/cmake --install /home/nazia/ros2_ws3/src/build/my_robot_bringup2
[2.329s] Level 1:colcon.colcon_core.environment:create_environment_scripts_only(my_robot_bringup2)
[2.330s] Level 1:colcon.colcon_core.environment:checking '/home/nazia/ros2_ws3/src/install/my_robot_bringup2' for CMake module files
[2.330s] Level 1:colcon.colcon_core.environment:checking '/home/nazia/ros2_ws3/src/install/my_robot_bringup2' for CMake config files
[2.330s] Level 1:colcon.colcon_core.shell:create_environment_hook('my_robot_bringup2', 'cmake_prefix_path')
[2.330s] INFO:colcon.colcon_core.shell:Creating environment hook '/home/nazia/ros2_ws3/src/install/my_robot_bringup2/share/my_robot_bringup2/hook/cmake_prefix_path.ps1'
[2.331s] INFO:colcon.colcon_core.shell:Creating environment descriptor '/home/nazia/ros2_ws3/src/install/my_robot_bringup2/share/my_robot_bringup2/hook/cmake_prefix_path.dsv'
[2.331s] INFO:colcon.colcon_core.shell:Creating environment hook '/home/nazia/ros2_ws3/src/install/my_robot_bringup2/share/my_robot_bringup2/hook/cmake_prefix_path.sh'
[2.331s] Level 1:colcon.colcon_core.environment:checking '/home/nazia/ros2_ws3/src/install/my_robot_bringup2/bin'
[2.331s] Level 1:colcon.colcon_core.environment:checking '/home/nazia/ros2_ws3/src/install/my_robot_bringup2/lib/pkgconfig/my_robot_bringup2.pc'
[2.332s] Level 1:colcon.colcon_core.environment:checking '/home/nazia/ros2_ws3/src/install/my_robot_bringup2/lib/python3.10/site-packages'
[2.332s] DEBUG:colcon.colcon_core.event_handler.log_command:Invoked command in '/home/nazia/ros2_ws3/src/build/my_robot_bringup2' returned '0': CMAKE_PREFIX_PATH=${CMAKE_PREFIX_PATH}:/opt/ros/humble /usr/bin/cmake --install /home/nazia/ros2_ws3/src/build/my_robot_bringup2
[2.332s] Level 1:colcon.colcon_core.environment:checking '/home/nazia/ros2_ws3/src/install/my_robot_bringup2/bin'
[2.333s] INFO:colcon.colcon_core.shell:Creating package script '/home/nazia/ros2_ws3/src/install/my_robot_bringup2/share/my_robot_bringup2/package.ps1'
[2.333s] INFO:colcon.colcon_core.shell:Creating package descriptor '/home/nazia/ros2_ws3/src/install/my_robot_bringup2/share/my_robot_bringup2/package.dsv'
[2.333s] INFO:colcon.colcon_core.shell:Creating package script '/home/nazia/ros2_ws3/src/install/my_robot_bringup2/share/my_robot_bringup2/package.sh'
[2.334s] INFO:colcon.colcon_core.shell:Creating package script '/home/nazia/ros2_ws3/src/install/my_robot_bringup2/share/my_robot_bringup2/package.bash'
[2.334s] INFO:colcon.colcon_core.shell:Creating package script '/home/nazia/ros2_ws3/src/install/my_robot_bringup2/share/my_robot_bringup2/package.zsh'
[2.334s] Level 1:colcon.colcon_core.environment:create_file_with_runtime_dependencies(/home/nazia/ros2_ws3/src/install/my_robot_bringup2/share/colcon-core/packages/my_robot_bringup2)
[2.337s] Level 1:colcon.colcon_core.environment:create_environment_scripts_only(my_robot_bringup)
[2.337s] Level 1:colcon.colcon_core.environment:checking '/home/nazia/ros2_ws3/src/install/my_robot_bringup' for CMake module files
[2.338s] Level 1:colcon.colcon_core.environment:checking '/home/nazia/ros2_ws3/src/install/my_robot_bringup' for CMake config files
[2.338s] Level 1:colcon.colcon_core.shell:create_environment_hook('my_robot_bringup', 'cmake_prefix_path')
[2.338s] INFO:colcon.colcon_core.shell:Creating environment hook '/home/nazia/ros2_ws3/src/install/my_robot_bringup/share/my_robot_bringup/hook/cmake_prefix_path.ps1'
[2.339s] INFO:colcon.colcon_core.shell:Creating environment descriptor '/home/nazia/ros2_ws3/src/install/my_robot_bringup/share/my_robot_bringup/hook/cmake_prefix_path.dsv'
[2.339s] INFO:colcon.colcon_core.shell:Creating environment hook '/home/nazia/ros2_ws3/src/install/my_robot_bringup/share/my_robot_bringup/hook/cmake_prefix_path.sh'
[2.340s] Level 1:colcon.colcon_core.environment:checking '/home/nazia/ros2_ws3/src/install/my_robot_bringup/bin'
[2.340s] Level 1:colcon.colcon_core.environment:checking '/home/nazia/ros2_ws3/src/install/my_robot_bringup/lib/pkgconfig/my_robot_bringup.pc'
[2.340s] Level 1:colcon.colcon_core.environment:checking '/home/nazia/ros2_ws3/src/install/my_robot_bringup/lib/python3.10/site-packages'
[2.340s] Level 1:colcon.colcon_core.environment:checking '/home/nazia/ros2_ws3/src/install/my_robot_bringup/bin'
[2.340s] INFO:colcon.colcon_core.shell:Creating package script '/home/nazia/ros2_ws3/src/install/my_robot_bringup/share/my_robot_bringup/package.ps1'
[2.341s] INFO:colcon.colcon_core.shell:Creating package descriptor '/home/nazia/ros2_ws3/src/install/my_robot_bringup/share/my_robot_bringup/package.dsv'
[2.342s] INFO:colcon.colcon_core.shell:Creating package script '/home/nazia/ros2_ws3/src/install/my_robot_bringup/share/my_robot_bringup/package.sh'
[2.342s] INFO:colcon.colcon_core.shell:Creating package script '/home/nazia/ros2_ws3/src/install/my_robot_bringup/share/my_robot_bringup/package.bash'
[2.343s] INFO:colcon.colcon_core.shell:Creating package script '/home/nazia/ros2_ws3/src/install/my_robot_bringup/share/my_robot_bringup/package.zsh'
[2.344s] Level 1:colcon.colcon_core.environment:create_file_with_runtime_dependencies(/home/nazia/ros2_ws3/src/install/my_robot_bringup/share/colcon-core/packages/my_robot_bringup)
[2.379s] Level 1:colcon.colcon_core.environment:create_environment_scripts_only(my_robot_bringup2)
[2.379s] Level 1:colcon.colcon_core.environment:checking '/home/nazia/ros2_ws3/src/install/my_robot_bringup2' for CMake module files
[2.380s] Level 1:colcon.colcon_core.environment:checking '/home/nazia/ros2_ws3/src/install/my_robot_bringup2' for CMake config files
[2.380s] Level 1:colcon.colcon_core.shell:create_environment_hook('my_robot_bringup2', 'cmake_prefix_path')
[2.380s] INFO:colcon.colcon_core.shell:Creating environment hook '/home/nazia/ros2_ws3/src/install/my_robot_bringup2/share/my_robot_bringup2/hook/cmake_prefix_path.ps1'
[2.381s] INFO:colcon.colcon_core.shell:Creating environment descriptor '/home/nazia/ros2_ws3/src/install/my_robot_bringup2/share/my_robot_bringup2/hook/cmake_prefix_path.dsv'
[2.381s] INFO:colcon.colcon_core.shell:Creating environment hook '/home/nazia/ros2_ws3/src/install/my_robot_bringup2/share/my_robot_bringup2/hook/cmake_prefix_path.sh'
[2.382s] Level 1:colcon.colcon_core.environment:checking '/home/nazia/ros2_ws3/src/install/my_robot_bringup2/bin'
[2.382s] Level 1:colcon.colcon_core.environment:checking '/home/nazia/ros2_ws3/src/install/my_robot_bringup2/lib/pkgconfig/my_robot_bringup2.pc'
[2.382s] Level 1:colcon.colcon_core.environment:checking '/home/nazia/ros2_ws3/src/install/my_robot_bringup2/lib/python3.10/site-packages'
[2.382s] Level 1:colcon.colcon_core.environment:checking '/home/nazia/ros2_ws3/src/install/my_robot_bringup2/bin'
[2.382s] INFO:colcon.colcon_core.shell:Creating package script '/home/nazia/ros2_ws3/src/install/my_robot_bringup2/share/my_robot_bringup2/package.ps1'
[2.383s] INFO:colcon.colcon_core.shell:Creating package descriptor '/home/nazia/ros2_ws3/src/install/my_robot_bringup2/share/my_robot_bringup2/package.dsv'
[2.383s] INFO:colcon.colcon_core.shell:Creating package script '/home/nazia/ros2_ws3/src/install/my_robot_bringup2/share/my_robot_bringup2/package.sh'
[2.384s] INFO:colcon.colcon_core.shell:Creating package script '/home/nazia/ros2_ws3/src/install/my_robot_bringup2/share/my_robot_bringup2/package.bash'
[2.384s] INFO:colcon.colcon_core.shell:Creating package script '/home/nazia/ros2_ws3/src/install/my_robot_bringup2/share/my_robot_bringup2/package.zsh'
[2.385s] Level 1:colcon.colcon_core.environment:create_file_with_runtime_dependencies(/home/nazia/ros2_ws3/src/install/my_robot_bringup2/share/colcon-core/packages/my_robot_bringup2)
[2.385s] DEBUG:colcon.colcon_parallel_executor.executor.parallel:closing loop
[2.386s] DEBUG:colcon.colcon_parallel_executor.executor.parallel:loop closed
[2.386s] DEBUG:colcon.colcon_parallel_executor.executor.parallel:run_until_complete finished with '0'
[2.386s] DEBUG:colcon.colcon_core.event_reactor:joining thread
[2.394s] INFO:colcon.colcon_core.plugin_system:Skipping extension 'colcon_notification.desktop_notification.terminal_notifier': Not used on non-Darwin systems
[2.394s] INFO:colcon.colcon_core.plugin_system:Skipping extension 'colcon_notification.desktop_notification.win32': Not used on non-Windows systems
[2.394s] INFO:colcon.colcon_notification.desktop_notification:Sending desktop notification using 'notify2'
[2.424s] DEBUG:colcon.colcon_core.event_reactor:joined thread
[2.424s] INFO:colcon.colcon_core.shell:Creating prefix script '/home/nazia/ros2_ws3/src/install/local_setup.ps1'
[2.427s] INFO:colcon.colcon_core.shell:Creating prefix util module '/home/nazia/ros2_ws3/src/install/_local_setup_util_ps1.py'
[2.430s] INFO:colcon.colcon_core.shell:Creating prefix chain script '/home/nazia/ros2_ws3/src/install/setup.ps1'
[2.433s] INFO:colcon.colcon_core.shell:Creating prefix script '/home/nazia/ros2_ws3/src/install/local_setup.sh'
[2.434s] INFO:colcon.colcon_core.shell:Creating prefix util module '/home/nazia/ros2_ws3/src/install/_local_setup_util_sh.py'
[2.435s] INFO:colcon.colcon_core.shell:Creating prefix chain script '/home/nazia/ros2_ws3/src/install/setup.sh'
[2.438s] INFO:colcon.colcon_core.shell:Creating prefix script '/home/nazia/ros2_ws3/src/install/local_setup.bash'
[2.439s] INFO:colcon.colcon_core.shell:Creating prefix chain script '/home/nazia/ros2_ws3/src/install/setup.bash'
[2.442s] INFO:colcon.colcon_core.shell:Creating prefix script '/home/nazia/ros2_ws3/src/install/local_setup.zsh'
[2.443s] INFO:colcon.colcon_core.shell:Creating prefix chain script '/home/nazia/ros2_ws3/src/install/setup.zsh'
