[0.024s] Invoking command in '/home/nazia/ros2_ws3/src/build/my_robot2_description': CMAKE_PREFIX_PATH=${CMAKE_PREFIX_PATH}:/opt/ros/humble /usr/bin/cmake /home/nazia/ros2_ws3/src/my_robot2_description -DCMAKE_INSTALL_PREFIX=/home/nazia/ros2_ws3/src/install/my_robot2_description
[0.552s] -- The C compiler identification is GNU 11.4.0
[0.948s] -- The CXX compiler identification is GNU 11.4.0
[0.977s] -- Detecting C compiler ABI info
[1.243s] -- Detecting C compiler ABI info - done
[1.264s] -- Check for working C compiler: /usr/bin/cc - skipped
[1.266s] -- Detecting C compile features
[1.268s] -- Detecting C compile features - done
[1.278s] -- Detecting CXX compiler ABI info
[1.562s] -- Detecting CXX compiler ABI info - done
[1.589s] -- Check for working CXX compiler: /usr/bin/c++ - skipped
[1.589s] -- Detecting CXX compile features
[1.591s] -- Detecting CXX compile features - done
[1.630s] -- Found ament_cmake: 1.3.10 (/opt/ros/humble/share/ament_cmake/cmake)
[2.093s] -- Found Python3: /usr/bin/python3 (found version "3.10.12") found components: Interpreter 
[2.579s] -- Configuring done
[2.590s] -- Generating done
[2.594s] -- Build files have been written to: /home/nazia/ros2_ws3/src/build/my_robot2_description
[2.606s] Invoked command in '/home/nazia/ros2_ws3/src/build/my_robot2_description' returned '0': CMAKE_PREFIX_PATH=${CMAKE_PREFIX_PATH}:/opt/ros/humble /usr/bin/cmake /home/nazia/ros2_ws3/src/my_robot2_description -DCMAKE_INSTALL_PREFIX=/home/nazia/ros2_ws3/src/install/my_robot2_description
[2.617s] Invoking command in '/home/nazia/ros2_ws3/src/build/my_robot2_description': CMAKE_PREFIX_PATH=${CMAKE_PREFIX_PATH}:/opt/ros/humble /usr/bin/cmake --build /home/nazia/ros2_ws3/src/build/my_robot2_description -- -j2 -l2
[2.735s] Invoked command in '/home/nazia/ros2_ws3/src/build/my_robot2_description' returned '0': CMAKE_PREFIX_PATH=${CMAKE_PREFIX_PATH}:/opt/ros/humble /usr/bin/cmake --build /home/nazia/ros2_ws3/src/build/my_robot2_description -- -j2 -l2
[2.910s] Invoking command in '/home/nazia/ros2_ws3/src/build/my_robot2_description': CMAKE_PREFIX_PATH=${CMAKE_PREFIX_PATH}:/opt/ros/humble /usr/bin/cmake --install /home/nazia/ros2_ws3/src/build/my_robot2_description
[2.942s] -- Install configuration: ""
[2.943s] -- Installing: /home/nazia/ros2_ws3/src/install/my_robot2_description/share/my_robot2_description/urdf
[2.948s] -- Installing: /home/nazia/ros2_ws3/src/install/my_robot2_description/share/my_robot2_description/urdf/my_robot.urdf.xacro
[2.948s] -- Installing: /home/nazia/ros2_ws3/src/install/my_robot2_description/share/my_robot2_description/launch
[2.949s] -- Installing: /home/nazia/ros2_ws3/src/install/my_robot2_description/share/my_robot2_description/launch/display.launch.xml
[2.950s] -- Installing: /home/nazia/ros2_ws3/src/install/my_robot2_description/share/my_robot2_description/launch/display.launch.py
[2.951s] -- Installing: /home/nazia/ros2_ws3/src/install/my_robot2_description/share/my_robot2_description/rviz
[2.953s] -- Installing: /home/nazia/ros2_ws3/src/install/my_robot2_description/share/my_robot2_description/rviz/urdf_config.rviz
[2.955s] -- Installing: /home/nazia/ros2_ws3/src/install/my_robot2_description/share/my_robot2_description/rviz/urdf_config2.rviz
[2.977s] -- Installing: /home/nazia/ros2_ws3/src/install/my_robot2_description/share/ament_index/resource_index/package_run_dependencies/my_robot2_description
[2.983s] -- Installing: /home/nazia/ros2_ws3/src/install/my_robot2_description/share/ament_index/resource_index/parent_prefix_path/my_robot2_description
[2.985s] -- Installing: /home/nazia/ros2_ws3/src/install/my_robot2_description/share/my_robot2_description/environment/ament_prefix_path.sh
[2.986s] -- Installing: /home/nazia/ros2_ws3/src/install/my_robot2_description/share/my_robot2_description/environment/ament_prefix_path.dsv
[2.987s] -- Installing: /home/nazia/ros2_ws3/src/install/my_robot2_description/share/my_robot2_description/environment/path.sh
[2.987s] -- Installing: /home/nazia/ros2_ws3/src/install/my_robot2_description/share/my_robot2_description/environment/path.dsv
[2.988s] -- Installing: /home/nazia/ros2_ws3/src/install/my_robot2_description/share/my_robot2_description/local_setup.bash
[2.989s] -- Installing: /home/nazia/ros2_ws3/src/install/my_robot2_description/share/my_robot2_description/local_setup.sh
[2.990s] -- Installing: /home/nazia/ros2_ws3/src/install/my_robot2_description/share/my_robot2_description/local_setup.zsh
[2.991s] -- Installing: /home/nazia/ros2_ws3/src/install/my_robot2_description/share/my_robot2_description/local_setup.dsv
[2.992s] -- Installing: /home/nazia/ros2_ws3/src/install/my_robot2_description/share/my_robot2_description/package.dsv
[2.996s] -- Installing: /home/nazia/ros2_ws3/src/install/my_robot2_description/share/ament_index/resource_index/packages/my_robot2_description
[2.997s] -- Installing: /home/nazia/ros2_ws3/src/install/my_robot2_description/share/my_robot2_description/cmake/my_robot2_descriptionConfig.cmake
[2.998s] -- Installing: /home/nazia/ros2_ws3/src/install/my_robot2_description/share/my_robot2_description/cmake/my_robot2_descriptionConfig-version.cmake
[3.000s] -- Installing: /home/nazia/ros2_ws3/src/install/my_robot2_description/share/my_robot2_description/package.xml
[3.018s] Invoked command in '/home/nazia/ros2_ws3/src/build/my_robot2_description' returned '0': CMAKE_PREFIX_PATH=${CMAKE_PREFIX_PATH}:/opt/ros/humble /usr/bin/cmake --install /home/nazia/ros2_ws3/src/build/my_robot2_description
