[0.047s] Invoking command in '/home/nazia/ros2_ws3/src/build/my_robot2_description': CMAKE_PREFIX_PATH=${CMAKE_PREFIX_PATH}:/opt/ros/humble /usr/bin/cmake /home/nazia/ros2_ws3/src/my_robot2_description -DAMENT_CMAKE_SYMLINK_INSTALL=1 -DCMAKE_INSTALL_PREFIX=/home/nazia/ros2_ws3/src/install/my_robot2_description
[0.198s] -- Found ament_cmake: 1.3.10 (/opt/ros/humble/share/ament_cmake/cmake)
[0.625s] -- Override CMake install command with custom implementation using symlinks instead of copying resources
[0.908s] -- Configuring done
[0.925s] -- Generating done
[0.930s] -- Build files have been written to: /home/nazia/ros2_ws3/src/build/my_robot2_description
[0.936s] Invoked command in '/home/nazia/ros2_ws3/src/build/my_robot2_description' returned '0': CMAKE_PREFIX_PATH=${CMAKE_PREFIX_PATH}:/opt/ros/humble /usr/bin/cmake /home/nazia/ros2_ws3/src/my_robot2_description -DAMENT_CMAKE_SYMLINK_INSTALL=1 -DCMAKE_INSTALL_PREFIX=/home/nazia/ros2_ws3/src/install/my_robot2_description
[0.939s] Invoking command in '/home/nazia/ros2_ws3/src/build/my_robot2_description': CMAKE_PREFIX_PATH=${CMAKE_PREFIX_PATH}:/opt/ros/humble /usr/bin/cmake --build /home/nazia/ros2_ws3/src/build/my_robot2_description -- -j2 -l2
[1.055s] Invoked command in '/home/nazia/ros2_ws3/src/build/my_robot2_description' returned '0': CMAKE_PREFIX_PATH=${CMAKE_PREFIX_PATH}:/opt/ros/humble /usr/bin/cmake --build /home/nazia/ros2_ws3/src/build/my_robot2_description -- -j2 -l2
[1.147s] Invoking command in '/home/nazia/ros2_ws3/src/build/my_robot2_description': CMAKE_PREFIX_PATH=${CMAKE_PREFIX_PATH}:/opt/ros/humble /usr/bin/cmake --install /home/nazia/ros2_ws3/src/build/my_robot2_description
[1.169s] -- Install configuration: ""
[1.171s] -- Execute custom install script
[1.173s] -- Symlinking: /home/nazia/ros2_ws3/src/install/my_robot2_description/share/my_robot2_description/urdf/arm.xacro
[1.189s] -- Symlinking: /home/nazia/ros2_ws3/src/install/my_robot2_description/share/my_robot2_description/urdf/arm_gazebo.xacro
[1.215s] -- Up-to-date symlink: /home/nazia/ros2_ws3/src/install/my_robot2_description/share/my_robot2_description/urdf/camera.xacro
[1.216s] -- Up-to-date symlink: /home/nazia/ros2_ws3/src/install/my_robot2_description/share/my_robot2_description/urdf/common_properties.xacro
[1.218s] -- Up-to-date symlink: /home/nazia/ros2_ws3/src/install/my_robot2_description/share/my_robot2_description/urdf/mobile_base.xacro
[1.219s] -- Up-to-date symlink: /home/nazia/ros2_ws3/src/install/my_robot2_description/share/my_robot2_description/urdf/mobile_base_gazebo.xacro
[1.223s] -- Up-to-date symlink: /home/nazia/ros2_ws3/src/install/my_robot2_description/share/my_robot2_description/urdf/my_robot.urdf.xacro
[1.223s] -- Symlinking: /home/nazia/ros2_ws3/src/install/my_robot2_description/share/my_robot2_description/urdf/standalone_arm.urdf.xacro
[1.240s] -- Up-to-date symlink: /home/nazia/ros2_ws3/src/install/my_robot2_description/share/my_robot2_description/launch/display.launch.py
[1.242s] -- Up-to-date symlink: /home/nazia/ros2_ws3/src/install/my_robot2_description/share/my_robot2_description/launch/display.launch.xml
[1.246s] -- Up-to-date symlink: /home/nazia/ros2_ws3/src/install/my_robot2_description/share/my_robot2_description/rviz/urdf_config.rviz
[1.247s] -- Up-to-date symlink: /home/nazia/ros2_ws3/src/install/my_robot2_description/share/my_robot2_description/rviz/urdf_config2.rviz
[1.249s] -- Up-to-date symlink: /home/nazia/ros2_ws3/src/install/my_robot2_description/share/ament_index/resource_index/package_run_dependencies/my_robot2_description
[1.252s] -- Up-to-date symlink: /home/nazia/ros2_ws3/src/install/my_robot2_description/share/ament_index/resource_index/parent_prefix_path/my_robot2_description
[1.253s] -- Up-to-date symlink: /home/nazia/ros2_ws3/src/install/my_robot2_description/share/my_robot2_description/environment/ament_prefix_path.sh
[1.253s] -- Up-to-date symlink: /home/nazia/ros2_ws3/src/install/my_robot2_description/share/my_robot2_description/environment/ament_prefix_path.dsv
[1.255s] -- Up-to-date symlink: /home/nazia/ros2_ws3/src/install/my_robot2_description/share/my_robot2_description/environment/path.sh
[1.255s] -- Up-to-date symlink: /home/nazia/ros2_ws3/src/install/my_robot2_description/share/my_robot2_description/environment/path.dsv
[1.256s] -- Up-to-date symlink: /home/nazia/ros2_ws3/src/install/my_robot2_description/share/my_robot2_description/local_setup.bash
[1.257s] -- Up-to-date symlink: /home/nazia/ros2_ws3/src/install/my_robot2_description/share/my_robot2_description/local_setup.sh
[1.258s] -- Up-to-date symlink: /home/nazia/ros2_ws3/src/install/my_robot2_description/share/my_robot2_description/local_setup.zsh
[1.260s] -- Up-to-date symlink: /home/nazia/ros2_ws3/src/install/my_robot2_description/share/my_robot2_description/local_setup.dsv
[1.260s] -- Symlinking: /home/nazia/ros2_ws3/src/install/my_robot2_description/share/my_robot2_description/package.dsv
[1.284s] -- Up-to-date symlink: /home/nazia/ros2_ws3/src/install/my_robot2_description/share/ament_index/resource_index/packages/my_robot2_description
[1.286s] -- Up-to-date symlink: /home/nazia/ros2_ws3/src/install/my_robot2_description/share/my_robot2_description/cmake/my_robot2_descriptionConfig.cmake
[1.287s] -- Up-to-date symlink: /home/nazia/ros2_ws3/src/install/my_robot2_description/share/my_robot2_description/cmake/my_robot2_descriptionConfig-version.cmake
[1.287s] -- Up-to-date symlink: /home/nazia/ros2_ws3/src/install/my_robot2_description/share/my_robot2_description/package.xml
[1.293s] Invoked command in '/home/nazia/ros2_ws3/src/build/my_robot2_description' returned '0': CMAKE_PREFIX_PATH=${CMAKE_PREFIX_PATH}:/opt/ros/humble /usr/bin/cmake --install /home/nazia/ros2_ws3/src/build/my_robot2_description
