[0.233s] DEBUG:colcon:Command line arguments: ['/usr/bin/colcon', 'build']
[0.233s] DEBUG:colcon:Parsed command line arguments: Namespace(log_base=None, log_level=None, verb_name='build', build_base='build', install_base='install', merge_install=False, symlink_install=False, test_result_base=None, continue_on_error=False, executor='parallel', parallel_workers=2, event_handlers=None, ignore_user_meta=False, metas=['./colcon.meta'], base_paths=['.'], packages_ignore=None, packages_ignore_regex=None, paths=None, packages_up_to=None, packages_up_to_regex=None, packages_above=None, packages_above_and_dependencies=None, packages_above_depth=None, packages_select_by_dep=None, packages_skip_by_dep=None, packages_skip_up_to=None, packages_select_build_failed=False, packages_skip_build_finished=False, packages_select_test_failures=False, packages_skip_test_passed=False, packages_select=None, packages_skip=None, packages_select_regex=None, packages_skip_regex=None, packages_start=None, packages_end=None, allow_overriding=[], cmake_args=None, cmake_target=None, cmake_target_skip_unavailable=False, cmake_clean_cache=False, cmake_clean_first=False, cmake_force_configure=False, ament_cmake_args=None, catkin_cmake_args=None, catkin_skip_building_tests=False, verb_parser=<colcon_defaults.argument_parser.defaults.DefaultArgumentsDecorator object at 0x7c4c25d03880>, verb_extension=<colcon_core.verb.build.BuildVerb object at 0x7c4c25ea9660>, main=<bound method BuildVerb.main of <colcon_core.verb.build.BuildVerb object at 0x7c4c25ea9660>>)
[0.642s] Level 1:colcon.colcon_core.package_discovery:discover_packages(colcon_meta) check parameters
[0.643s] Level 1:colcon.colcon_core.package_discovery:discover_packages(recursive) check parameters
[0.643s] Level 1:colcon.colcon_core.package_discovery:discover_packages(ignore) check parameters
[0.643s] Level 1:colcon.colcon_core.package_discovery:discover_packages(path) check parameters
[0.643s] Level 1:colcon.colcon_core.package_discovery:discover_packages(colcon_meta) discover
[0.643s] Level 1:colcon.colcon_core.package_discovery:discover_packages(recursive) discover
[0.643s] INFO:colcon.colcon_core.package_discovery:Crawling recursively for packages in '/home/nazia/ros2_ws3/src'
[0.643s] Level 1:colcon.colcon_core.package_identification:_identify(.) by extensions ['ignore', 'ignore_ament_install']
[0.644s] Level 1:colcon.colcon_core.package_identification:_identify(.) by extension 'ignore'
[0.644s] Level 1:colcon.colcon_core.package_identification:_identify(.) by extension 'ignore_ament_install'
[0.644s] Level 1:colcon.colcon_core.package_identification:_identify(.) by extensions ['colcon_pkg']
[0.644s] Level 1:colcon.colcon_core.package_identification:_identify(.) by extension 'colcon_pkg'
[0.644s] Level 1:colcon.colcon_core.package_identification:_identify(.) by extensions ['colcon_meta']
[0.644s] Level 1:colcon.colcon_core.package_identification:_identify(.) by extension 'colcon_meta'
[0.644s] Level 1:colcon.colcon_core.package_identification:_identify(.) by extensions ['ros']
[0.644s] Level 1:colcon.colcon_core.package_identification:_identify(.) by extension 'ros'
[0.668s] Level 1:colcon.colcon_core.package_identification:_identify(.) by extensions ['cmake', 'python']
[0.668s] Level 1:colcon.colcon_core.package_identification:_identify(.) by extension 'cmake'
[0.668s] Level 1:colcon.colcon_core.package_identification:_identify(.) by extension 'python'
[0.669s] Level 1:colcon.colcon_core.package_identification:_identify(.) by extensions ['python_setup_py']
[0.669s] Level 1:colcon.colcon_core.package_identification:_identify(.) by extension 'python_setup_py'
[0.669s] Level 1:colcon.colcon_core.package_identification:_identify(build) by extensions ['ignore', 'ignore_ament_install']
[0.669s] Level 1:colcon.colcon_core.package_identification:_identify(build) by extension 'ignore'
[0.669s] Level 1:colcon.colcon_core.package_identification:_identify(build) ignored
[0.670s] Level 1:colcon.colcon_core.package_identification:_identify(install) by extensions ['ignore', 'ignore_ament_install']
[0.670s] Level 1:colcon.colcon_core.package_identification:_identify(install) by extension 'ignore'
[0.670s] Level 1:colcon.colcon_core.package_identification:_identify(install) ignored
[0.670s] Level 1:colcon.colcon_core.package_identification:_identify(log) by extensions ['ignore', 'ignore_ament_install']
[0.671s] Level 1:colcon.colcon_core.package_identification:_identify(log) by extension 'ignore'
[0.671s] Level 1:colcon.colcon_core.package_identification:_identify(log) ignored
[0.671s] Level 1:colcon.colcon_core.package_identification:_identify(my_robot2_description) by extensions ['ignore', 'ignore_ament_install']
[0.671s] Level 1:colcon.colcon_core.package_identification:_identify(my_robot2_description) by extension 'ignore'
[0.672s] Level 1:colcon.colcon_core.package_identification:_identify(my_robot2_description) by extension 'ignore_ament_install'
[0.672s] Level 1:colcon.colcon_core.package_identification:_identify(my_robot2_description) by extensions ['colcon_pkg']
[0.672s] Level 1:colcon.colcon_core.package_identification:_identify(my_robot2_description) by extension 'colcon_pkg'
[0.672s] Level 1:colcon.colcon_core.package_identification:_identify(my_robot2_description) by extensions ['colcon_meta']
[0.672s] Level 1:colcon.colcon_core.package_identification:_identify(my_robot2_description) by extension 'colcon_meta'
[0.673s] Level 1:colcon.colcon_core.package_identification:_identify(my_robot2_description) by extensions ['ros']
[0.673s] Level 1:colcon.colcon_core.package_identification:_identify(my_robot2_description) by extension 'ros'
[0.678s] DEBUG:colcon.colcon_core.package_identification:Package 'my_robot2_description' with type 'ros.ament_cmake' and name 'my_robot2_description'
[0.678s] Level 1:colcon.colcon_core.package_identification:_identify(my_robot_bringup) by extensions ['ignore', 'ignore_ament_install']
[0.678s] Level 1:colcon.colcon_core.package_identification:_identify(my_robot_bringup) by extension 'ignore'
[0.678s] Level 1:colcon.colcon_core.package_identification:_identify(my_robot_bringup) by extension 'ignore_ament_install'
[0.679s] Level 1:colcon.colcon_core.package_identification:_identify(my_robot_bringup) by extensions ['colcon_pkg']
[0.679s] Level 1:colcon.colcon_core.package_identification:_identify(my_robot_bringup) by extension 'colcon_pkg'
[0.679s] Level 1:colcon.colcon_core.package_identification:_identify(my_robot_bringup) by extensions ['colcon_meta']
[0.679s] Level 1:colcon.colcon_core.package_identification:_identify(my_robot_bringup) by extension 'colcon_meta'
[0.679s] Level 1:colcon.colcon_core.package_identification:_identify(my_robot_bringup) by extensions ['ros']
[0.679s] Level 1:colcon.colcon_core.package_identification:_identify(my_robot_bringup) by extension 'ros'
[0.681s] DEBUG:colcon.colcon_core.package_identification:Package 'my_robot_bringup' with type 'ros.ament_cmake' and name 'my_robot_bringup'
[0.681s] Level 1:colcon.colcon_core.package_identification:_identify(my_robot_bringup2) by extensions ['ignore', 'ignore_ament_install']
[0.681s] Level 1:colcon.colcon_core.package_identification:_identify(my_robot_bringup2) by extension 'ignore'
[0.681s] Level 1:colcon.colcon_core.package_identification:_identify(my_robot_bringup2) by extension 'ignore_ament_install'
[0.682s] Level 1:colcon.colcon_core.package_identification:_identify(my_robot_bringup2) by extensions ['colcon_pkg']
[0.682s] Level 1:colcon.colcon_core.package_identification:_identify(my_robot_bringup2) by extension 'colcon_pkg'
[0.682s] Level 1:colcon.colcon_core.package_identification:_identify(my_robot_bringup2) by extensions ['colcon_meta']
[0.682s] Level 1:colcon.colcon_core.package_identification:_identify(my_robot_bringup2) by extension 'colcon_meta'
[0.682s] Level 1:colcon.colcon_core.package_identification:_identify(my_robot_bringup2) by extensions ['ros']
[0.682s] Level 1:colcon.colcon_core.package_identification:_identify(my_robot_bringup2) by extension 'ros'
[0.683s] DEBUG:colcon.colcon_core.package_identification:Package 'my_robot_bringup2' with type 'ros.ament_cmake' and name 'my_robot_bringup2'
[0.684s] Level 1:colcon.colcon_core.package_discovery:discover_packages(recursive) using defaults
[0.684s] Level 1:colcon.colcon_core.package_discovery:discover_packages(ignore) discover
[0.684s] Level 1:colcon.colcon_core.package_discovery:discover_packages(ignore) using defaults
[0.684s] Level 1:colcon.colcon_core.package_discovery:discover_packages(path) discover
[0.684s] Level 1:colcon.colcon_core.package_discovery:discover_packages(path) using defaults
[0.726s] Level 1:colcon.colcon_core.package_discovery:discover_packages(prefix_path) check parameters
[0.726s] Level 1:colcon.colcon_core.package_discovery:discover_packages(prefix_path) discover
[0.730s] DEBUG:colcon.colcon_installed_package_information.package_discovery:Found 3 installed packages in /home/nazia/ros2_ws3/install
[0.731s] DEBUG:colcon.colcon_installed_package_information.package_discovery:Found 3 installed packages in /home/nazia/ros2_ws3/src/install
[0.735s] DEBUG:colcon.colcon_installed_package_information.package_discovery:Found 282 installed packages in /opt/ros/humble
[0.738s] Level 1:colcon.colcon_core.package_discovery:discover_packages(prefix_path) using defaults
[0.845s] Level 5:colcon.colcon_core.verb:set package 'my_robot2_description' build argument 'cmake_args' from command line to 'None'
[0.845s] Level 5:colcon.colcon_core.verb:set package 'my_robot2_description' build argument 'cmake_target' from command line to 'None'
[0.845s] Level 5:colcon.colcon_core.verb:set package 'my_robot2_description' build argument 'cmake_target_skip_unavailable' from command line to 'False'
[0.845s] Level 5:colcon.colcon_core.verb:set package 'my_robot2_description' build argument 'cmake_clean_cache' from command line to 'False'
[0.845s] Level 5:colcon.colcon_core.verb:set package 'my_robot2_description' build argument 'cmake_clean_first' from command line to 'False'
[0.845s] Level 5:colcon.colcon_core.verb:set package 'my_robot2_description' build argument 'cmake_force_configure' from command line to 'False'
[0.845s] Level 5:colcon.colcon_core.verb:set package 'my_robot2_description' build argument 'ament_cmake_args' from command line to 'None'
[0.845s] Level 5:colcon.colcon_core.verb:set package 'my_robot2_description' build argument 'catkin_cmake_args' from command line to 'None'
[0.845s] Level 5:colcon.colcon_core.verb:set package 'my_robot2_description' build argument 'catkin_skip_building_tests' from command line to 'False'
[0.845s] DEBUG:colcon.colcon_core.verb:Building package 'my_robot2_description' with the following arguments: {'ament_cmake_args': None, 'build_base': '/home/nazia/ros2_ws3/src/build/my_robot2_description', 'catkin_cmake_args': None, 'catkin_skip_building_tests': False, 'cmake_args': None, 'cmake_clean_cache': False, 'cmake_clean_first': False, 'cmake_force_configure': False, 'cmake_target': None, 'cmake_target_skip_unavailable': False, 'install_base': '/home/nazia/ros2_ws3/src/install/my_robot2_description', 'merge_install': False, 'path': '/home/nazia/ros2_ws3/src/my_robot2_description', 'symlink_install': False, 'test_result_base': None}
[0.846s] Level 5:colcon.colcon_core.verb:set package 'my_robot_bringup2' build argument 'cmake_args' from command line to 'None'
[0.846s] Level 5:colcon.colcon_core.verb:set package 'my_robot_bringup2' build argument 'cmake_target' from command line to 'None'
[0.846s] Level 5:colcon.colcon_core.verb:set package 'my_robot_bringup2' build argument 'cmake_target_skip_unavailable' from command line to 'False'
[0.846s] Level 5:colcon.colcon_core.verb:set package 'my_robot_bringup2' build argument 'cmake_clean_cache' from command line to 'False'
[0.846s] Level 5:colcon.colcon_core.verb:set package 'my_robot_bringup2' build argument 'cmake_clean_first' from command line to 'False'
[0.846s] Level 5:colcon.colcon_core.verb:set package 'my_robot_bringup2' build argument 'cmake_force_configure' from command line to 'False'
[0.847s] Level 5:colcon.colcon_core.verb:set package 'my_robot_bringup2' build argument 'ament_cmake_args' from command line to 'None'
[0.847s] Level 5:colcon.colcon_core.verb:set package 'my_robot_bringup2' build argument 'catkin_cmake_args' from command line to 'None'
[0.847s] Level 5:colcon.colcon_core.verb:set package 'my_robot_bringup2' build argument 'catkin_skip_building_tests' from command line to 'False'
[0.847s] DEBUG:colcon.colcon_core.verb:Building package 'my_robot_bringup2' with the following arguments: {'ament_cmake_args': None, 'build_base': '/home/nazia/ros2_ws3/src/build/my_robot_bringup2', 'catkin_cmake_args': None, 'catkin_skip_building_tests': False, 'cmake_args': None, 'cmake_clean_cache': False, 'cmake_clean_first': False, 'cmake_force_configure': False, 'cmake_target': None, 'cmake_target_skip_unavailable': False, 'install_base': '/home/nazia/ros2_ws3/src/install/my_robot_bringup2', 'merge_install': False, 'path': '/home/nazia/ros2_ws3/src/my_robot_bringup2', 'symlink_install': False, 'test_result_base': None}
[0.848s] Level 5:colcon.colcon_core.verb:set package 'my_robot_bringup' build argument 'cmake_args' from command line to 'None'
[0.848s] Level 5:colcon.colcon_core.verb:set package 'my_robot_bringup' build argument 'cmake_target' from command line to 'None'
[0.848s] Level 5:colcon.colcon_core.verb:set package 'my_robot_bringup' build argument 'cmake_target_skip_unavailable' from command line to 'False'
[0.848s] Level 5:colcon.colcon_core.verb:set package 'my_robot_bringup' build argument 'cmake_clean_cache' from command line to 'False'
[0.848s] Level 5:colcon.colcon_core.verb:set package 'my_robot_bringup' build argument 'cmake_clean_first' from command line to 'False'
[0.848s] Level 5:colcon.colcon_core.verb:set package 'my_robot_bringup' build argument 'cmake_force_configure' from command line to 'False'
[0.848s] Level 5:colcon.colcon_core.verb:set package 'my_robot_bringup' build argument 'ament_cmake_args' from command line to 'None'
[0.848s] Level 5:colcon.colcon_core.verb:set package 'my_robot_bringup' build argument 'catkin_cmake_args' from command line to 'None'
[0.848s] Level 5:colcon.colcon_core.verb:set package 'my_robot_bringup' build argument 'catkin_skip_building_tests' from command line to 'False'
[0.848s] DEBUG:colcon.colcon_core.verb:Building package 'my_robot_bringup' with the following arguments: {'ament_cmake_args': None, 'build_base': '/home/nazia/ros2_ws3/src/build/my_robot_bringup', 'catkin_cmake_args': None, 'catkin_skip_building_tests': False, 'cmake_args': None, 'cmake_clean_cache': False, 'cmake_clean_first': False, 'cmake_force_configure': False, 'cmake_target': None, 'cmake_target_skip_unavailable': False, 'install_base': '/home/nazia/ros2_ws3/src/install/my_robot_bringup', 'merge_install': False, 'path': '/home/nazia/ros2_ws3/src/my_robot_bringup', 'symlink_install': False, 'test_result_base': None}
[0.849s] INFO:colcon.colcon_core.executor:Executing jobs using 'parallel' executor
[0.851s] DEBUG:colcon.colcon_parallel_executor.executor.parallel:run_until_complete
[0.851s] INFO:colcon.colcon_ros.task.ament_cmake.build:Building ROS package in '/home/nazia/ros2_ws3/src/my_robot2_description' with build type 'ament_cmake'
[0.852s] INFO:colcon.colcon_cmake.task.cmake.build:Building CMake package in '/home/nazia/ros2_ws3/src/my_robot2_description'
[0.856s] INFO:colcon.colcon_core.plugin_system:Skipping extension 'colcon_core.shell.bat': Not used on non-Windows systems
[0.857s] INFO:colcon.colcon_core.shell:Skip shell extension 'powershell' for command environment: Not usable outside of PowerShell
[0.857s] DEBUG:colcon.colcon_core.shell:Skip shell extension 'dsv' for command environment
[0.864s] INFO:colcon.colcon_ros.task.ament_cmake.build:Building ROS package in '/home/nazia/ros2_ws3/src/my_robot_bringup2' with build type 'ament_cmake'
[0.864s] INFO:colcon.colcon_cmake.task.cmake.build:Building CMake package in '/home/nazia/ros2_ws3/src/my_robot_bringup2'
[0.865s] INFO:colcon.colcon_core.shell:Skip shell extension 'powershell' for command environment: Not usable outside of PowerShell
[0.865s] DEBUG:colcon.colcon_core.shell:Skip shell extension 'dsv' for command environment
[0.911s] DEBUG:colcon.colcon_core.event_handler.log_command:Invoking command in '/home/nazia/ros2_ws3/src/build/my_robot_bringup2': CMAKE_PREFIX_PATH=${CMAKE_PREFIX_PATH}:/opt/ros/humble /usr/bin/cmake --build /home/nazia/ros2_ws3/src/build/my_robot_bringup2 -- -j2 -l2
[0.953s] DEBUG:colcon.colcon_core.event_handler.log_command:Invoking command in '/home/nazia/ros2_ws3/src/build/my_robot2_description': CMAKE_PREFIX_PATH=${CMAKE_PREFIX_PATH}:/opt/ros/humble /usr/bin/cmake --build /home/nazia/ros2_ws3/src/build/my_robot2_description -- -j2 -l2
[1.202s] DEBUG:colcon.colcon_core.event_handler.log_command:Invoked command in '/home/nazia/ros2_ws3/src/build/my_robot_bringup2' returned '0': CMAKE_PREFIX_PATH=${CMAKE_PREFIX_PATH}:/opt/ros/humble /usr/bin/cmake --build /home/nazia/ros2_ws3/src/build/my_robot_bringup2 -- -j2 -l2
[1.272s] DEBUG:colcon.colcon_core.event_handler.log_command:Invoked command in '/home/nazia/ros2_ws3/src/build/my_robot2_description' returned '0': CMAKE_PREFIX_PATH=${CMAKE_PREFIX_PATH}:/opt/ros/humble /usr/bin/cmake --build /home/nazia/ros2_ws3/src/build/my_robot2_description -- -j2 -l2
[1.343s] DEBUG:colcon.colcon_core.event_handler.log_command:Invoking command in '/home/nazia/ros2_ws3/src/build/my_robot_bringup2': CMAKE_PREFIX_PATH=${CMAKE_PREFIX_PATH}:/opt/ros/humble /usr/bin/cmake --install /home/nazia/ros2_ws3/src/build/my_robot_bringup2
[1.380s] DEBUG:colcon.colcon_core.event_handler.log_command:Invoking command in '/home/nazia/ros2_ws3/src/build/my_robot2_description': CMAKE_PREFIX_PATH=${CMAKE_PREFIX_PATH}:/opt/ros/humble /usr/bin/cmake --install /home/nazia/ros2_ws3/src/build/my_robot2_description
[1.387s] Level 1:colcon.colcon_core.environment:create_environment_scripts_only(my_robot_bringup2)
[1.391s] DEBUG:colcon.colcon_core.event_handler.log_command:Invoked command in '/home/nazia/ros2_ws3/src/build/my_robot_bringup2' returned '0': CMAKE_PREFIX_PATH=${CMAKE_PREFIX_PATH}:/opt/ros/humble /usr/bin/cmake --install /home/nazia/ros2_ws3/src/build/my_robot_bringup2
[1.402s] Level 1:colcon.colcon_core.environment:checking '/home/nazia/ros2_ws3/src/install/my_robot_bringup2' for CMake module files
[1.407s] Level 1:colcon.colcon_core.environment:checking '/home/nazia/ros2_ws3/src/install/my_robot_bringup2' for CMake config files
[1.410s] Level 1:colcon.colcon_core.shell:create_environment_hook('my_robot_bringup2', 'cmake_prefix_path')
[1.411s] INFO:colcon.colcon_core.shell:Creating environment hook '/home/nazia/ros2_ws3/src/install/my_robot_bringup2/share/my_robot_bringup2/hook/cmake_prefix_path.ps1'
[1.412s] INFO:colcon.colcon_core.shell:Creating environment descriptor '/home/nazia/ros2_ws3/src/install/my_robot_bringup2/share/my_robot_bringup2/hook/cmake_prefix_path.dsv'
[1.414s] INFO:colcon.colcon_core.shell:Creating environment hook '/home/nazia/ros2_ws3/src/install/my_robot_bringup2/share/my_robot_bringup2/hook/cmake_prefix_path.sh'
[1.417s] Level 1:colcon.colcon_core.environment:checking '/home/nazia/ros2_ws3/src/install/my_robot_bringup2/bin'
[1.417s] Level 1:colcon.colcon_core.environment:checking '/home/nazia/ros2_ws3/src/install/my_robot_bringup2/lib/pkgconfig/my_robot_bringup2.pc'
[1.418s] Level 1:colcon.colcon_core.environment:checking '/home/nazia/ros2_ws3/src/install/my_robot_bringup2/lib/python3.10/site-packages'
[1.419s] Level 1:colcon.colcon_core.environment:checking '/home/nazia/ros2_ws3/src/install/my_robot_bringup2/bin'
[1.420s] INFO:colcon.colcon_core.shell:Creating package script '/home/nazia/ros2_ws3/src/install/my_robot_bringup2/share/my_robot_bringup2/package.ps1'
[1.423s] INFO:colcon.colcon_core.shell:Creating package descriptor '/home/nazia/ros2_ws3/src/install/my_robot_bringup2/share/my_robot_bringup2/package.dsv'
[1.424s] INFO:colcon.colcon_core.shell:Creating package script '/home/nazia/ros2_ws3/src/install/my_robot_bringup2/share/my_robot_bringup2/package.sh'
[1.426s] INFO:colcon.colcon_core.shell:Creating package script '/home/nazia/ros2_ws3/src/install/my_robot_bringup2/share/my_robot_bringup2/package.bash'
[1.429s] INFO:colcon.colcon_core.shell:Creating package script '/home/nazia/ros2_ws3/src/install/my_robot_bringup2/share/my_robot_bringup2/package.zsh'
[1.432s] Level 1:colcon.colcon_core.environment:create_file_with_runtime_dependencies(/home/nazia/ros2_ws3/src/install/my_robot_bringup2/share/colcon-core/packages/my_robot_bringup2)
[1.533s] Level 1:colcon.colcon_core.environment:create_environment_scripts_only(my_robot_bringup2)
[1.533s] Level 1:colcon.colcon_core.environment:checking '/home/nazia/ros2_ws3/src/install/my_robot_bringup2' for CMake module files
[1.536s] Level 1:colcon.colcon_core.environment:checking '/home/nazia/ros2_ws3/src/install/my_robot_bringup2' for CMake config files
[1.537s] Level 1:colcon.colcon_core.shell:create_environment_hook('my_robot_bringup2', 'cmake_prefix_path')
[1.538s] INFO:colcon.colcon_core.shell:Creating environment hook '/home/nazia/ros2_ws3/src/install/my_robot_bringup2/share/my_robot_bringup2/hook/cmake_prefix_path.ps1'
[1.539s] INFO:colcon.colcon_core.shell:Creating environment descriptor '/home/nazia/ros2_ws3/src/install/my_robot_bringup2/share/my_robot_bringup2/hook/cmake_prefix_path.dsv'
[1.541s] INFO:colcon.colcon_core.shell:Creating environment hook '/home/nazia/ros2_ws3/src/install/my_robot_bringup2/share/my_robot_bringup2/hook/cmake_prefix_path.sh'
[1.546s] Level 1:colcon.colcon_core.environment:checking '/home/nazia/ros2_ws3/src/install/my_robot_bringup2/bin'
[1.546s] Level 1:colcon.colcon_core.environment:checking '/home/nazia/ros2_ws3/src/install/my_robot_bringup2/lib/pkgconfig/my_robot_bringup2.pc'
[1.547s] Level 1:colcon.colcon_core.environment:checking '/home/nazia/ros2_ws3/src/install/my_robot_bringup2/lib/python3.10/site-packages'
[1.548s] Level 1:colcon.colcon_core.environment:checking '/home/nazia/ros2_ws3/src/install/my_robot_bringup2/bin'
[1.549s] INFO:colcon.colcon_core.shell:Creating package script '/home/nazia/ros2_ws3/src/install/my_robot_bringup2/share/my_robot_bringup2/package.ps1'
[1.552s] INFO:colcon.colcon_core.shell:Creating package descriptor '/home/nazia/ros2_ws3/src/install/my_robot_bringup2/share/my_robot_bringup2/package.dsv'
[1.555s] INFO:colcon.colcon_core.shell:Creating package script '/home/nazia/ros2_ws3/src/install/my_robot_bringup2/share/my_robot_bringup2/package.sh'
[1.557s] INFO:colcon.colcon_core.shell:Creating package script '/home/nazia/ros2_ws3/src/install/my_robot_bringup2/share/my_robot_bringup2/package.bash'
[1.559s] INFO:colcon.colcon_core.shell:Creating package script '/home/nazia/ros2_ws3/src/install/my_robot_bringup2/share/my_robot_bringup2/package.zsh'
[1.561s] Level 1:colcon.colcon_core.environment:create_file_with_runtime_dependencies(/home/nazia/ros2_ws3/src/install/my_robot_bringup2/share/colcon-core/packages/my_robot_bringup2)
[1.564s] Level 1:colcon.colcon_core.environment:create_environment_scripts_only(my_robot2_description)
[1.565s] Level 1:colcon.colcon_core.environment:checking '/home/nazia/ros2_ws3/src/install/my_robot2_description' for CMake module files
[1.569s] DEBUG:colcon.colcon_core.event_handler.log_command:Invoked command in '/home/nazia/ros2_ws3/src/build/my_robot2_description' returned '0': CMAKE_PREFIX_PATH=${CMAKE_PREFIX_PATH}:/opt/ros/humble /usr/bin/cmake --install /home/nazia/ros2_ws3/src/build/my_robot2_description
[1.570s] Level 1:colcon.colcon_core.environment:checking '/home/nazia/ros2_ws3/src/install/my_robot2_description' for CMake config files
[1.573s] Level 1:colcon.colcon_core.shell:create_environment_hook('my_robot2_description', 'cmake_prefix_path')
[1.574s] INFO:colcon.colcon_core.shell:Creating environment hook '/home/nazia/ros2_ws3/src/install/my_robot2_description/share/my_robot2_description/hook/cmake_prefix_path.ps1'
[1.575s] INFO:colcon.colcon_core.shell:Creating environment descriptor '/home/nazia/ros2_ws3/src/install/my_robot2_description/share/my_robot2_description/hook/cmake_prefix_path.dsv'
[1.577s] INFO:colcon.colcon_core.shell:Creating environment hook '/home/nazia/ros2_ws3/src/install/my_robot2_description/share/my_robot2_description/hook/cmake_prefix_path.sh'
[1.581s] Level 1:colcon.colcon_core.environment:checking '/home/nazia/ros2_ws3/src/install/my_robot2_description/bin'
[1.581s] Level 1:colcon.colcon_core.environment:checking '/home/nazia/ros2_ws3/src/install/my_robot2_description/lib/pkgconfig/my_robot2_description.pc'
[1.581s] Level 1:colcon.colcon_core.environment:checking '/home/nazia/ros2_ws3/src/install/my_robot2_description/lib/python3.10/site-packages'
[1.582s] Level 1:colcon.colcon_core.environment:checking '/home/nazia/ros2_ws3/src/install/my_robot2_description/bin'
[1.583s] INFO:colcon.colcon_core.shell:Creating package script '/home/nazia/ros2_ws3/src/install/my_robot2_description/share/my_robot2_description/package.ps1'
[1.584s] INFO:colcon.colcon_core.shell:Creating package descriptor '/home/nazia/ros2_ws3/src/install/my_robot2_description/share/my_robot2_description/package.dsv'
[1.586s] INFO:colcon.colcon_core.shell:Creating package script '/home/nazia/ros2_ws3/src/install/my_robot2_description/share/my_robot2_description/package.sh'
[1.590s] INFO:colcon.colcon_core.shell:Creating package script '/home/nazia/ros2_ws3/src/install/my_robot2_description/share/my_robot2_description/package.bash'
[1.592s] INFO:colcon.colcon_core.shell:Creating package script '/home/nazia/ros2_ws3/src/install/my_robot2_description/share/my_robot2_description/package.zsh'
[1.595s] Level 1:colcon.colcon_core.environment:create_file_with_runtime_dependencies(/home/nazia/ros2_ws3/src/install/my_robot2_description/share/colcon-core/packages/my_robot2_description)
[1.679s] Level 1:colcon.colcon_core.environment:create_environment_scripts_only(my_robot2_description)
[1.679s] Level 1:colcon.colcon_core.environment:checking '/home/nazia/ros2_ws3/src/install/my_robot2_description' for CMake module files
[1.680s] Level 1:colcon.colcon_core.environment:checking '/home/nazia/ros2_ws3/src/install/my_robot2_description' for CMake config files
[1.681s] Level 1:colcon.colcon_core.shell:create_environment_hook('my_robot2_description', 'cmake_prefix_path')
[1.682s] INFO:colcon.colcon_core.shell:Creating environment hook '/home/nazia/ros2_ws3/src/install/my_robot2_description/share/my_robot2_description/hook/cmake_prefix_path.ps1'
[1.683s] INFO:colcon.colcon_core.shell:Creating environment descriptor '/home/nazia/ros2_ws3/src/install/my_robot2_description/share/my_robot2_description/hook/cmake_prefix_path.dsv'
[1.684s] INFO:colcon.colcon_core.shell:Creating environment hook '/home/nazia/ros2_ws3/src/install/my_robot2_description/share/my_robot2_description/hook/cmake_prefix_path.sh'
[1.686s] Level 1:colcon.colcon_core.environment:checking '/home/nazia/ros2_ws3/src/install/my_robot2_description/bin'
[1.687s] Level 1:colcon.colcon_core.environment:checking '/home/nazia/ros2_ws3/src/install/my_robot2_description/lib/pkgconfig/my_robot2_description.pc'
[1.687s] Level 1:colcon.colcon_core.environment:checking '/home/nazia/ros2_ws3/src/install/my_robot2_description/lib/python3.10/site-packages'
[1.688s] Level 1:colcon.colcon_core.environment:checking '/home/nazia/ros2_ws3/src/install/my_robot2_description/bin'
[1.688s] INFO:colcon.colcon_core.shell:Creating package script '/home/nazia/ros2_ws3/src/install/my_robot2_description/share/my_robot2_description/package.ps1'
[1.690s] INFO:colcon.colcon_core.shell:Creating package descriptor '/home/nazia/ros2_ws3/src/install/my_robot2_description/share/my_robot2_description/package.dsv'
[1.692s] INFO:colcon.colcon_core.shell:Creating package script '/home/nazia/ros2_ws3/src/install/my_robot2_description/share/my_robot2_description/package.sh'
[1.694s] INFO:colcon.colcon_core.shell:Creating package script '/home/nazia/ros2_ws3/src/install/my_robot2_description/share/my_robot2_description/package.bash'
[1.696s] INFO:colcon.colcon_core.shell:Creating package script '/home/nazia/ros2_ws3/src/install/my_robot2_description/share/my_robot2_description/package.zsh'
[1.697s] Level 1:colcon.colcon_core.environment:create_file_with_runtime_dependencies(/home/nazia/ros2_ws3/src/install/my_robot2_description/share/colcon-core/packages/my_robot2_description)
[1.698s] INFO:colcon.colcon_ros.task.ament_cmake.build:Building ROS package in '/home/nazia/ros2_ws3/src/my_robot_bringup' with build type 'ament_cmake'
[1.698s] INFO:colcon.colcon_cmake.task.cmake.build:Building CMake package in '/home/nazia/ros2_ws3/src/my_robot_bringup'
[1.699s] INFO:colcon.colcon_core.shell:Skip shell extension 'powershell' for command environment: Not usable outside of PowerShell
[1.700s] DEBUG:colcon.colcon_core.shell:Skip shell extension 'dsv' for command environment
[1.752s] DEBUG:colcon.colcon_core.event_handler.log_command:Invoking command in '/home/nazia/ros2_ws3/src/build/my_robot_bringup': CMAKE_PREFIX_PATH=/home/nazia/ros2_ws3/src/install/my_robot2_description:/home/nazia/ros2_ws3/install/my_robot_bringup2:/home/nazia/ros2_ws3/install/my_robot_bringup:/home/nazia/ros2_ws3/install/my_robot2_description:/home/nazia/ros2_ws3/src/install/my_robot_bringup2:/home/nazia/ros2_ws3/src/install/my_robot_bringup:/opt/ros/humble /usr/bin/cmake --build /home/nazia/ros2_ws3/src/build/my_robot_bringup -- -j2 -l2
[2.358s] DEBUG:colcon.colcon_core.event_handler.log_command:Invoked command in '/home/nazia/ros2_ws3/src/build/my_robot_bringup' returned '0': CMAKE_PREFIX_PATH=/home/nazia/ros2_ws3/src/install/my_robot2_description:/home/nazia/ros2_ws3/install/my_robot_bringup2:/home/nazia/ros2_ws3/install/my_robot_bringup:/home/nazia/ros2_ws3/install/my_robot2_description:/home/nazia/ros2_ws3/src/install/my_robot_bringup2:/home/nazia/ros2_ws3/src/install/my_robot_bringup:/opt/ros/humble /usr/bin/cmake --build /home/nazia/ros2_ws3/src/build/my_robot_bringup -- -j2 -l2
[2.470s] DEBUG:colcon.colcon_core.event_handler.log_command:Invoking command in '/home/nazia/ros2_ws3/src/build/my_robot_bringup': CMAKE_PREFIX_PATH=/home/nazia/ros2_ws3/src/install/my_robot2_description:/home/nazia/ros2_ws3/install/my_robot_bringup2:/home/nazia/ros2_ws3/install/my_robot_bringup:/home/nazia/ros2_ws3/install/my_robot2_description:/home/nazia/ros2_ws3/src/install/my_robot_bringup2:/home/nazia/ros2_ws3/src/install/my_robot_bringup:/opt/ros/humble /usr/bin/cmake --install /home/nazia/ros2_ws3/src/build/my_robot_bringup
[2.584s] Level 1:colcon.colcon_core.environment:create_environment_scripts_only(my_robot_bringup)
[2.585s] Level 1:colcon.colcon_core.environment:checking '/home/nazia/ros2_ws3/src/install/my_robot_bringup' for CMake module files
[2.587s] DEBUG:colcon.colcon_core.event_handler.log_command:Invoked command in '/home/nazia/ros2_ws3/src/build/my_robot_bringup' returned '0': CMAKE_PREFIX_PATH=/home/nazia/ros2_ws3/src/install/my_robot2_description:/home/nazia/ros2_ws3/install/my_robot_bringup2:/home/nazia/ros2_ws3/install/my_robot_bringup:/home/nazia/ros2_ws3/install/my_robot2_description:/home/nazia/ros2_ws3/src/install/my_robot_bringup2:/home/nazia/ros2_ws3/src/install/my_robot_bringup:/opt/ros/humble /usr/bin/cmake --install /home/nazia/ros2_ws3/src/build/my_robot_bringup
[2.590s] Level 1:colcon.colcon_core.environment:checking '/home/nazia/ros2_ws3/src/install/my_robot_bringup' for CMake config files
[2.592s] Level 1:colcon.colcon_core.shell:create_environment_hook('my_robot_bringup', 'cmake_prefix_path')
[2.593s] INFO:colcon.colcon_core.shell:Creating environment hook '/home/nazia/ros2_ws3/src/install/my_robot_bringup/share/my_robot_bringup/hook/cmake_prefix_path.ps1'
[2.595s] INFO:colcon.colcon_core.shell:Creating environment descriptor '/home/nazia/ros2_ws3/src/install/my_robot_bringup/share/my_robot_bringup/hook/cmake_prefix_path.dsv'
[2.597s] INFO:colcon.colcon_core.shell:Creating environment hook '/home/nazia/ros2_ws3/src/install/my_robot_bringup/share/my_robot_bringup/hook/cmake_prefix_path.sh'
[2.599s] Level 1:colcon.colcon_core.environment:checking '/home/nazia/ros2_ws3/src/install/my_robot_bringup/bin'
[2.601s] Level 1:colcon.colcon_core.environment:checking '/home/nazia/ros2_ws3/src/install/my_robot_bringup/lib/pkgconfig/my_robot_bringup.pc'
[2.601s] Level 1:colcon.colcon_core.environment:checking '/home/nazia/ros2_ws3/src/install/my_robot_bringup/lib/python3.10/site-packages'
[2.602s] Level 1:colcon.colcon_core.environment:checking '/home/nazia/ros2_ws3/src/install/my_robot_bringup/bin'
[2.603s] INFO:colcon.colcon_core.shell:Creating package script '/home/nazia/ros2_ws3/src/install/my_robot_bringup/share/my_robot_bringup/package.ps1'
[2.607s] INFO:colcon.colcon_core.shell:Creating package descriptor '/home/nazia/ros2_ws3/src/install/my_robot_bringup/share/my_robot_bringup/package.dsv'
[2.610s] INFO:colcon.colcon_core.shell:Creating package script '/home/nazia/ros2_ws3/src/install/my_robot_bringup/share/my_robot_bringup/package.sh'
[2.613s] INFO:colcon.colcon_core.shell:Creating package script '/home/nazia/ros2_ws3/src/install/my_robot_bringup/share/my_robot_bringup/package.bash'
[2.615s] INFO:colcon.colcon_core.shell:Creating package script '/home/nazia/ros2_ws3/src/install/my_robot_bringup/share/my_robot_bringup/package.zsh'
[2.617s] Level 1:colcon.colcon_core.environment:create_file_with_runtime_dependencies(/home/nazia/ros2_ws3/src/install/my_robot_bringup/share/colcon-core/packages/my_robot_bringup)
[2.747s] Level 1:colcon.colcon_core.environment:create_environment_scripts_only(my_robot_bringup)
[2.748s] Level 1:colcon.colcon_core.environment:checking '/home/nazia/ros2_ws3/src/install/my_robot_bringup' for CMake module files
[2.751s] Level 1:colcon.colcon_core.environment:checking '/home/nazia/ros2_ws3/src/install/my_robot_bringup' for CMake config files
[2.755s] Level 1:colcon.colcon_core.shell:create_environment_hook('my_robot_bringup', 'cmake_prefix_path')
[2.756s] INFO:colcon.colcon_core.shell:Creating environment hook '/home/nazia/ros2_ws3/src/install/my_robot_bringup/share/my_robot_bringup/hook/cmake_prefix_path.ps1'
[2.759s] INFO:colcon.colcon_core.shell:Creating environment descriptor '/home/nazia/ros2_ws3/src/install/my_robot_bringup/share/my_robot_bringup/hook/cmake_prefix_path.dsv'
[2.760s] INFO:colcon.colcon_core.shell:Creating environment hook '/home/nazia/ros2_ws3/src/install/my_robot_bringup/share/my_robot_bringup/hook/cmake_prefix_path.sh'
[2.765s] Level 1:colcon.colcon_core.environment:checking '/home/nazia/ros2_ws3/src/install/my_robot_bringup/bin'
[2.766s] Level 1:colcon.colcon_core.environment:checking '/home/nazia/ros2_ws3/src/install/my_robot_bringup/lib/pkgconfig/my_robot_bringup.pc'
[2.767s] Level 1:colcon.colcon_core.environment:checking '/home/nazia/ros2_ws3/src/install/my_robot_bringup/lib/python3.10/site-packages'
[2.768s] Level 1:colcon.colcon_core.environment:checking '/home/nazia/ros2_ws3/src/install/my_robot_bringup/bin'
[2.771s] INFO:colcon.colcon_core.shell:Creating package script '/home/nazia/ros2_ws3/src/install/my_robot_bringup/share/my_robot_bringup/package.ps1'
[2.775s] INFO:colcon.colcon_core.shell:Creating package descriptor '/home/nazia/ros2_ws3/src/install/my_robot_bringup/share/my_robot_bringup/package.dsv'
[2.778s] INFO:colcon.colcon_core.shell:Creating package script '/home/nazia/ros2_ws3/src/install/my_robot_bringup/share/my_robot_bringup/package.sh'
[2.781s] INFO:colcon.colcon_core.shell:Creating package script '/home/nazia/ros2_ws3/src/install/my_robot_bringup/share/my_robot_bringup/package.bash'
[2.782s] INFO:colcon.colcon_core.shell:Creating package script '/home/nazia/ros2_ws3/src/install/my_robot_bringup/share/my_robot_bringup/package.zsh'
[2.784s] Level 1:colcon.colcon_core.environment:create_file_with_runtime_dependencies(/home/nazia/ros2_ws3/src/install/my_robot_bringup/share/colcon-core/packages/my_robot_bringup)
[2.786s] DEBUG:colcon.colcon_parallel_executor.executor.parallel:closing loop
[2.786s] DEBUG:colcon.colcon_parallel_executor.executor.parallel:loop closed
[2.786s] DEBUG:colcon.colcon_parallel_executor.executor.parallel:run_until_complete finished with '0'
[2.786s] DEBUG:colcon.colcon_core.event_reactor:joining thread
[2.803s] INFO:colcon.colcon_core.plugin_system:Skipping extension 'colcon_notification.desktop_notification.terminal_notifier': Not used on non-Darwin systems
[2.803s] INFO:colcon.colcon_core.plugin_system:Skipping extension 'colcon_notification.desktop_notification.win32': Not used on non-Windows systems
[2.803s] INFO:colcon.colcon_notification.desktop_notification:Sending desktop notification using 'notify2'
[2.837s] DEBUG:colcon.colcon_core.event_reactor:joined thread
[2.837s] INFO:colcon.colcon_core.shell:Creating prefix script '/home/nazia/ros2_ws3/src/install/local_setup.ps1'
[2.842s] INFO:colcon.colcon_core.shell:Creating prefix util module '/home/nazia/ros2_ws3/src/install/_local_setup_util_ps1.py'
[2.847s] INFO:colcon.colcon_core.shell:Creating prefix chain script '/home/nazia/ros2_ws3/src/install/setup.ps1'
[2.853s] INFO:colcon.colcon_core.shell:Creating prefix script '/home/nazia/ros2_ws3/src/install/local_setup.sh'
[2.856s] INFO:colcon.colcon_core.shell:Creating prefix util module '/home/nazia/ros2_ws3/src/install/_local_setup_util_sh.py'
[2.858s] INFO:colcon.colcon_core.shell:Creating prefix chain script '/home/nazia/ros2_ws3/src/install/setup.sh'
[2.865s] INFO:colcon.colcon_core.shell:Creating prefix script '/home/nazia/ros2_ws3/src/install/local_setup.bash'
[2.869s] INFO:colcon.colcon_core.shell:Creating prefix chain script '/home/nazia/ros2_ws3/src/install/setup.bash'
[2.876s] INFO:colcon.colcon_core.shell:Creating prefix script '/home/nazia/ros2_ws3/src/install/local_setup.zsh'
[2.879s] INFO:colcon.colcon_core.shell:Creating prefix chain script '/home/nazia/ros2_ws3/src/install/setup.zsh'
