[0.666s] DEBUG:colcon:Command line arguments: ['/usr/bin/colcon', 'build', '--symlink-install']
[0.666s] DEBUG:colcon:Parsed command line arguments: Namespace(log_base=None, log_level=None, verb_name='build', build_base='build', install_base='install', merge_install=False, symlink_install=True, test_result_base=None, continue_on_error=False, executor='parallel', parallel_workers=2, event_handlers=None, ignore_user_meta=False, metas=['./colcon.meta'], base_paths=['.'], packages_ignore=None, packages_ignore_regex=None, paths=None, packages_up_to=None, packages_up_to_regex=None, packages_above=None, packages_above_and_dependencies=None, packages_above_depth=None, packages_select_by_dep=None, packages_skip_by_dep=None, packages_skip_up_to=None, packages_select_build_failed=False, packages_skip_build_finished=False, packages_select_test_failures=False, packages_skip_test_passed=False, packages_select=None, packages_skip=None, packages_select_regex=None, packages_skip_regex=None, packages_start=None, packages_end=None, allow_overriding=[], cmake_args=None, cmake_target=None, cmake_target_skip_unavailable=False, cmake_clean_cache=False, cmake_clean_first=False, cmake_force_configure=False, ament_cmake_args=None, catkin_cmake_args=None, catkin_skip_building_tests=False, verb_parser=<colcon_defaults.argument_parser.defaults.DefaultArgumentsDecorator object at 0x7fd29fffb880>, verb_extension=<colcon_core.verb.build.BuildVerb object at 0x7fd29ffa1660>, main=<bound method BuildVerb.main of <colcon_core.verb.build.BuildVerb object at 0x7fd29ffa1660>>)
[1.282s] Level 1:colcon.colcon_core.package_discovery:discover_packages(colcon_meta) check parameters
[1.282s] Level 1:colcon.colcon_core.package_discovery:discover_packages(recursive) check parameters
[1.282s] Level 1:colcon.colcon_core.package_discovery:discover_packages(ignore) check parameters
[1.282s] Level 1:colcon.colcon_core.package_discovery:discover_packages(path) check parameters
[1.282s] Level 1:colcon.colcon_core.package_discovery:discover_packages(colcon_meta) discover
[1.282s] Level 1:colcon.colcon_core.package_discovery:discover_packages(recursive) discover
[1.282s] INFO:colcon.colcon_core.package_discovery:Crawling recursively for packages in '/home/nazia/ros2_ws3/src'
[1.282s] Level 1:colcon.colcon_core.package_identification:_identify(.) by extensions ['ignore', 'ignore_ament_install']
[1.283s] Level 1:colcon.colcon_core.package_identification:_identify(.) by extension 'ignore'
[1.283s] Level 1:colcon.colcon_core.package_identification:_identify(.) by extension 'ignore_ament_install'
[1.283s] Level 1:colcon.colcon_core.package_identification:_identify(.) by extensions ['colcon_pkg']
[1.283s] Level 1:colcon.colcon_core.package_identification:_identify(.) by extension 'colcon_pkg'
[1.283s] Level 1:colcon.colcon_core.package_identification:_identify(.) by extensions ['colcon_meta']
[1.283s] Level 1:colcon.colcon_core.package_identification:_identify(.) by extension 'colcon_meta'
[1.283s] Level 1:colcon.colcon_core.package_identification:_identify(.) by extensions ['ros']
[1.283s] Level 1:colcon.colcon_core.package_identification:_identify(.) by extension 'ros'
[1.327s] Level 1:colcon.colcon_core.package_identification:_identify(.) by extensions ['cmake', 'python']
[1.328s] Level 1:colcon.colcon_core.package_identification:_identify(.) by extension 'cmake'
[1.328s] Level 1:colcon.colcon_core.package_identification:_identify(.) by extension 'python'
[1.328s] Level 1:colcon.colcon_core.package_identification:_identify(.) by extensions ['python_setup_py']
[1.328s] Level 1:colcon.colcon_core.package_identification:_identify(.) by extension 'python_setup_py'
[1.328s] Level 1:colcon.colcon_core.package_identification:_identify(build) by extensions ['ignore', 'ignore_ament_install']
[1.328s] Level 1:colcon.colcon_core.package_identification:_identify(build) by extension 'ignore'
[1.328s] Level 1:colcon.colcon_core.package_identification:_identify(build) ignored
[1.328s] Level 1:colcon.colcon_core.package_identification:_identify(install) by extensions ['ignore', 'ignore_ament_install']
[1.329s] Level 1:colcon.colcon_core.package_identification:_identify(install) by extension 'ignore'
[1.329s] Level 1:colcon.colcon_core.package_identification:_identify(install) ignored
[1.329s] Level 1:colcon.colcon_core.package_identification:_identify(log) by extensions ['ignore', 'ignore_ament_install']
[1.329s] Level 1:colcon.colcon_core.package_identification:_identify(log) by extension 'ignore'
[1.329s] Level 1:colcon.colcon_core.package_identification:_identify(log) ignored
[1.330s] Level 1:colcon.colcon_core.package_identification:_identify(my_robot2_description) by extensions ['ignore', 'ignore_ament_install']
[1.330s] Level 1:colcon.colcon_core.package_identification:_identify(my_robot2_description) by extension 'ignore'
[1.330s] Level 1:colcon.colcon_core.package_identification:_identify(my_robot2_description) by extension 'ignore_ament_install'
[1.330s] Level 1:colcon.colcon_core.package_identification:_identify(my_robot2_description) by extensions ['colcon_pkg']
[1.330s] Level 1:colcon.colcon_core.package_identification:_identify(my_robot2_description) by extension 'colcon_pkg'
[1.330s] Level 1:colcon.colcon_core.package_identification:_identify(my_robot2_description) by extensions ['colcon_meta']
[1.331s] Level 1:colcon.colcon_core.package_identification:_identify(my_robot2_description) by extension 'colcon_meta'
[1.331s] Level 1:colcon.colcon_core.package_identification:_identify(my_robot2_description) by extensions ['ros']
[1.331s] Level 1:colcon.colcon_core.package_identification:_identify(my_robot2_description) by extension 'ros'
[1.339s] DEBUG:colcon.colcon_core.package_identification:Package 'my_robot2_description' with type 'ros.ament_cmake' and name 'my_robot2_description'
[1.340s] Level 1:colcon.colcon_core.package_identification:_identify(my_robot_bringup) by extensions ['ignore', 'ignore_ament_install']
[1.340s] Level 1:colcon.colcon_core.package_identification:_identify(my_robot_bringup) by extension 'ignore'
[1.340s] Level 1:colcon.colcon_core.package_identification:_identify(my_robot_bringup) by extension 'ignore_ament_install'
[1.340s] Level 1:colcon.colcon_core.package_identification:_identify(my_robot_bringup) by extensions ['colcon_pkg']
[1.340s] Level 1:colcon.colcon_core.package_identification:_identify(my_robot_bringup) by extension 'colcon_pkg'
[1.340s] Level 1:colcon.colcon_core.package_identification:_identify(my_robot_bringup) by extensions ['colcon_meta']
[1.340s] Level 1:colcon.colcon_core.package_identification:_identify(my_robot_bringup) by extension 'colcon_meta'
[1.340s] Level 1:colcon.colcon_core.package_identification:_identify(my_robot_bringup) by extensions ['ros']
[1.340s] Level 1:colcon.colcon_core.package_identification:_identify(my_robot_bringup) by extension 'ros'
[1.342s] DEBUG:colcon.colcon_core.package_identification:Package 'my_robot_bringup' with type 'ros.ament_cmake' and name 'my_robot_bringup'
[1.343s] Level 1:colcon.colcon_core.package_identification:_identify(my_robot_bringup2) by extensions ['ignore', 'ignore_ament_install']
[1.344s] Level 1:colcon.colcon_core.package_identification:_identify(my_robot_bringup2) by extension 'ignore'
[1.344s] Level 1:colcon.colcon_core.package_identification:_identify(my_robot_bringup2) by extension 'ignore_ament_install'
[1.344s] Level 1:colcon.colcon_core.package_identification:_identify(my_robot_bringup2) by extensions ['colcon_pkg']
[1.344s] Level 1:colcon.colcon_core.package_identification:_identify(my_robot_bringup2) by extension 'colcon_pkg'
[1.344s] Level 1:colcon.colcon_core.package_identification:_identify(my_robot_bringup2) by extensions ['colcon_meta']
[1.344s] Level 1:colcon.colcon_core.package_identification:_identify(my_robot_bringup2) by extension 'colcon_meta'
[1.344s] Level 1:colcon.colcon_core.package_identification:_identify(my_robot_bringup2) by extensions ['ros']
[1.344s] Level 1:colcon.colcon_core.package_identification:_identify(my_robot_bringup2) by extension 'ros'
[1.346s] DEBUG:colcon.colcon_core.package_identification:Package 'my_robot_bringup2' with type 'ros.ament_cmake' and name 'my_robot_bringup2'
[1.346s] Level 1:colcon.colcon_core.package_discovery:discover_packages(recursive) using defaults
[1.346s] Level 1:colcon.colcon_core.package_discovery:discover_packages(ignore) discover
[1.346s] Level 1:colcon.colcon_core.package_discovery:discover_packages(ignore) using defaults
[1.346s] Level 1:colcon.colcon_core.package_discovery:discover_packages(path) discover
[1.346s] Level 1:colcon.colcon_core.package_discovery:discover_packages(path) using defaults
[1.433s] Level 1:colcon.colcon_core.package_discovery:discover_packages(prefix_path) check parameters
[1.433s] Level 1:colcon.colcon_core.package_discovery:discover_packages(prefix_path) discover
[1.443s] DEBUG:colcon.colcon_installed_package_information.package_discovery:Found 3 installed packages in /home/nazia/ros2_ws3/install
[1.444s] DEBUG:colcon.colcon_installed_package_information.package_discovery:Found 3 installed packages in /home/nazia/ros2_ws3/src/install
[1.446s] DEBUG:colcon.colcon_installed_package_information.package_discovery:Found 282 installed packages in /opt/ros/humble
[1.450s] Level 1:colcon.colcon_core.package_discovery:discover_packages(prefix_path) using defaults
[1.577s] Level 5:colcon.colcon_core.verb:set package 'my_robot2_description' build argument 'cmake_args' from command line to 'None'
[1.577s] Level 5:colcon.colcon_core.verb:set package 'my_robot2_description' build argument 'cmake_target' from command line to 'None'
[1.577s] Level 5:colcon.colcon_core.verb:set package 'my_robot2_description' build argument 'cmake_target_skip_unavailable' from command line to 'False'
[1.577s] Level 5:colcon.colcon_core.verb:set package 'my_robot2_description' build argument 'cmake_clean_cache' from command line to 'False'
[1.577s] Level 5:colcon.colcon_core.verb:set package 'my_robot2_description' build argument 'cmake_clean_first' from command line to 'False'
[1.577s] Level 5:colcon.colcon_core.verb:set package 'my_robot2_description' build argument 'cmake_force_configure' from command line to 'False'
[1.577s] Level 5:colcon.colcon_core.verb:set package 'my_robot2_description' build argument 'ament_cmake_args' from command line to 'None'
[1.577s] Level 5:colcon.colcon_core.verb:set package 'my_robot2_description' build argument 'catkin_cmake_args' from command line to 'None'
[1.577s] Level 5:colcon.colcon_core.verb:set package 'my_robot2_description' build argument 'catkin_skip_building_tests' from command line to 'False'
[1.577s] DEBUG:colcon.colcon_core.verb:Building package 'my_robot2_description' with the following arguments: {'ament_cmake_args': None, 'build_base': '/home/nazia/ros2_ws3/src/build/my_robot2_description', 'catkin_cmake_args': None, 'catkin_skip_building_tests': False, 'cmake_args': None, 'cmake_clean_cache': False, 'cmake_clean_first': False, 'cmake_force_configure': False, 'cmake_target': None, 'cmake_target_skip_unavailable': False, 'install_base': '/home/nazia/ros2_ws3/src/install/my_robot2_description', 'merge_install': False, 'path': '/home/nazia/ros2_ws3/src/my_robot2_description', 'symlink_install': True, 'test_result_base': None}
[1.578s] Level 5:colcon.colcon_core.verb:set package 'my_robot_bringup2' build argument 'cmake_args' from command line to 'None'
[1.578s] Level 5:colcon.colcon_core.verb:set package 'my_robot_bringup2' build argument 'cmake_target' from command line to 'None'
[1.578s] Level 5:colcon.colcon_core.verb:set package 'my_robot_bringup2' build argument 'cmake_target_skip_unavailable' from command line to 'False'
[1.578s] Level 5:colcon.colcon_core.verb:set package 'my_robot_bringup2' build argument 'cmake_clean_cache' from command line to 'False'
[1.578s] Level 5:colcon.colcon_core.verb:set package 'my_robot_bringup2' build argument 'cmake_clean_first' from command line to 'False'
[1.578s] Level 5:colcon.colcon_core.verb:set package 'my_robot_bringup2' build argument 'cmake_force_configure' from command line to 'False'
[1.578s] Level 5:colcon.colcon_core.verb:set package 'my_robot_bringup2' build argument 'ament_cmake_args' from command line to 'None'
[1.578s] Level 5:colcon.colcon_core.verb:set package 'my_robot_bringup2' build argument 'catkin_cmake_args' from command line to 'None'
[1.578s] Level 5:colcon.colcon_core.verb:set package 'my_robot_bringup2' build argument 'catkin_skip_building_tests' from command line to 'False'
[1.578s] DEBUG:colcon.colcon_core.verb:Building package 'my_robot_bringup2' with the following arguments: {'ament_cmake_args': None, 'build_base': '/home/nazia/ros2_ws3/src/build/my_robot_bringup2', 'catkin_cmake_args': None, 'catkin_skip_building_tests': False, 'cmake_args': None, 'cmake_clean_cache': False, 'cmake_clean_first': False, 'cmake_force_configure': False, 'cmake_target': None, 'cmake_target_skip_unavailable': False, 'install_base': '/home/nazia/ros2_ws3/src/install/my_robot_bringup2', 'merge_install': False, 'path': '/home/nazia/ros2_ws3/src/my_robot_bringup2', 'symlink_install': True, 'test_result_base': None}
[1.578s] Level 5:colcon.colcon_core.verb:set package 'my_robot_bringup' build argument 'cmake_args' from command line to 'None'
[1.578s] Level 5:colcon.colcon_core.verb:set package 'my_robot_bringup' build argument 'cmake_target' from command line to 'None'
[1.578s] Level 5:colcon.colcon_core.verb:set package 'my_robot_bringup' build argument 'cmake_target_skip_unavailable' from command line to 'False'
[1.579s] Level 5:colcon.colcon_core.verb:set package 'my_robot_bringup' build argument 'cmake_clean_cache' from command line to 'False'
[1.579s] Level 5:colcon.colcon_core.verb:set package 'my_robot_bringup' build argument 'cmake_clean_first' from command line to 'False'
[1.579s] Level 5:colcon.colcon_core.verb:set package 'my_robot_bringup' build argument 'cmake_force_configure' from command line to 'False'
[1.579s] Level 5:colcon.colcon_core.verb:set package 'my_robot_bringup' build argument 'ament_cmake_args' from command line to 'None'
[1.579s] Level 5:colcon.colcon_core.verb:set package 'my_robot_bringup' build argument 'catkin_cmake_args' from command line to 'None'
[1.579s] Level 5:colcon.colcon_core.verb:set package 'my_robot_bringup' build argument 'catkin_skip_building_tests' from command line to 'False'
[1.579s] DEBUG:colcon.colcon_core.verb:Building package 'my_robot_bringup' with the following arguments: {'ament_cmake_args': None, 'build_base': '/home/nazia/ros2_ws3/src/build/my_robot_bringup', 'catkin_cmake_args': None, 'catkin_skip_building_tests': False, 'cmake_args': None, 'cmake_clean_cache': False, 'cmake_clean_first': False, 'cmake_force_configure': False, 'cmake_target': None, 'cmake_target_skip_unavailable': False, 'install_base': '/home/nazia/ros2_ws3/src/install/my_robot_bringup', 'merge_install': False, 'path': '/home/nazia/ros2_ws3/src/my_robot_bringup', 'symlink_install': True, 'test_result_base': None}
[1.579s] INFO:colcon.colcon_core.executor:Executing jobs using 'parallel' executor
[1.580s] DEBUG:colcon.colcon_parallel_executor.executor.parallel:run_until_complete
[1.581s] INFO:colcon.colcon_ros.task.ament_cmake.build:Building ROS package in '/home/nazia/ros2_ws3/src/my_robot2_description' with build type 'ament_cmake'
[1.581s] INFO:colcon.colcon_cmake.task.cmake.build:Building CMake package in '/home/nazia/ros2_ws3/src/my_robot2_description'
[1.595s] INFO:colcon.colcon_core.plugin_system:Skipping extension 'colcon_core.shell.bat': Not used on non-Windows systems
[1.596s] INFO:colcon.colcon_core.shell:Skip shell extension 'powershell' for command environment: Not usable outside of PowerShell
[1.596s] DEBUG:colcon.colcon_core.shell:Skip shell extension 'dsv' for command environment
[1.605s] INFO:colcon.colcon_ros.task.ament_cmake.build:Building ROS package in '/home/nazia/ros2_ws3/src/my_robot_bringup2' with build type 'ament_cmake'
[1.606s] INFO:colcon.colcon_cmake.task.cmake.build:Building CMake package in '/home/nazia/ros2_ws3/src/my_robot_bringup2'
[1.606s] INFO:colcon.colcon_core.shell:Skip shell extension 'powershell' for command environment: Not usable outside of PowerShell
[1.606s] DEBUG:colcon.colcon_core.shell:Skip shell extension 'dsv' for command environment
[1.630s] DEBUG:colcon.colcon_core.event_handler.log_command:Invoking command in '/home/nazia/ros2_ws3/src/build/my_robot2_description': CMAKE_PREFIX_PATH=${CMAKE_PREFIX_PATH}:/opt/ros/humble /usr/bin/cmake /home/nazia/ros2_ws3/src/my_robot2_description -DAMENT_CMAKE_SYMLINK_INSTALL=1 -DCMAKE_INSTALL_PREFIX=/home/nazia/ros2_ws3/src/install/my_robot2_description
[1.647s] DEBUG:colcon.colcon_core.event_handler.log_command:Invoking command in '/home/nazia/ros2_ws3/src/build/my_robot_bringup2': CMAKE_PREFIX_PATH=${CMAKE_PREFIX_PATH}:/opt/ros/humble /usr/bin/cmake /home/nazia/ros2_ws3/src/my_robot_bringup2 -DAMENT_CMAKE_SYMLINK_INSTALL=1 -DCMAKE_INSTALL_PREFIX=/home/nazia/ros2_ws3/src/install/my_robot_bringup2
[2.519s] DEBUG:colcon.colcon_core.event_handler.log_command:Invoked command in '/home/nazia/ros2_ws3/src/build/my_robot2_description' returned '0': CMAKE_PREFIX_PATH=${CMAKE_PREFIX_PATH}:/opt/ros/humble /usr/bin/cmake /home/nazia/ros2_ws3/src/my_robot2_description -DAMENT_CMAKE_SYMLINK_INSTALL=1 -DCMAKE_INSTALL_PREFIX=/home/nazia/ros2_ws3/src/install/my_robot2_description
[2.521s] DEBUG:colcon.colcon_core.event_handler.log_command:Invoking command in '/home/nazia/ros2_ws3/src/build/my_robot2_description': CMAKE_PREFIX_PATH=${CMAKE_PREFIX_PATH}:/opt/ros/humble /usr/bin/cmake --build /home/nazia/ros2_ws3/src/build/my_robot2_description -- -j2 -l2
[2.570s] DEBUG:colcon.colcon_core.event_handler.log_command:Invoked command in '/home/nazia/ros2_ws3/src/build/my_robot_bringup2' returned '0': CMAKE_PREFIX_PATH=${CMAKE_PREFIX_PATH}:/opt/ros/humble /usr/bin/cmake /home/nazia/ros2_ws3/src/my_robot_bringup2 -DAMENT_CMAKE_SYMLINK_INSTALL=1 -DCMAKE_INSTALL_PREFIX=/home/nazia/ros2_ws3/src/install/my_robot_bringup2
[2.573s] DEBUG:colcon.colcon_core.event_handler.log_command:Invoking command in '/home/nazia/ros2_ws3/src/build/my_robot_bringup2': CMAKE_PREFIX_PATH=${CMAKE_PREFIX_PATH}:/opt/ros/humble /usr/bin/cmake --build /home/nazia/ros2_ws3/src/build/my_robot_bringup2 -- -j2 -l2
[2.639s] DEBUG:colcon.colcon_core.event_handler.log_command:Invoked command in '/home/nazia/ros2_ws3/src/build/my_robot2_description' returned '0': CMAKE_PREFIX_PATH=${CMAKE_PREFIX_PATH}:/opt/ros/humble /usr/bin/cmake --build /home/nazia/ros2_ws3/src/build/my_robot2_description -- -j2 -l2
[2.668s] DEBUG:colcon.colcon_core.event_handler.log_command:Invoked command in '/home/nazia/ros2_ws3/src/build/my_robot_bringup2' returned '0': CMAKE_PREFIX_PATH=${CMAKE_PREFIX_PATH}:/opt/ros/humble /usr/bin/cmake --build /home/nazia/ros2_ws3/src/build/my_robot_bringup2 -- -j2 -l2
[2.730s] DEBUG:colcon.colcon_core.event_handler.log_command:Invoking command in '/home/nazia/ros2_ws3/src/build/my_robot2_description': CMAKE_PREFIX_PATH=${CMAKE_PREFIX_PATH}:/opt/ros/humble /usr/bin/cmake --install /home/nazia/ros2_ws3/src/build/my_robot2_description
[2.752s] DEBUG:colcon.colcon_core.event_handler.log_command:Invoking command in '/home/nazia/ros2_ws3/src/build/my_robot_bringup2': CMAKE_PREFIX_PATH=${CMAKE_PREFIX_PATH}:/opt/ros/humble /usr/bin/cmake --install /home/nazia/ros2_ws3/src/build/my_robot_bringup2
[2.872s] Level 1:colcon.colcon_core.environment:create_environment_scripts_only(my_robot2_description)
[2.875s] DEBUG:colcon.colcon_core.event_handler.log_command:Invoked command in '/home/nazia/ros2_ws3/src/build/my_robot2_description' returned '0': CMAKE_PREFIX_PATH=${CMAKE_PREFIX_PATH}:/opt/ros/humble /usr/bin/cmake --install /home/nazia/ros2_ws3/src/build/my_robot2_description
[2.895s] Level 1:colcon.colcon_core.environment:checking '/home/nazia/ros2_ws3/src/install/my_robot2_description' for CMake module files
[2.896s] Level 1:colcon.colcon_core.environment:checking '/home/nazia/ros2_ws3/src/install/my_robot2_description' for CMake config files
[2.897s] Level 1:colcon.colcon_core.shell:create_environment_hook('my_robot2_description', 'cmake_prefix_path')
[2.898s] INFO:colcon.colcon_core.shell:Creating environment hook '/home/nazia/ros2_ws3/src/install/my_robot2_description/share/my_robot2_description/hook/cmake_prefix_path.ps1'
[2.901s] INFO:colcon.colcon_core.shell:Creating environment descriptor '/home/nazia/ros2_ws3/src/install/my_robot2_description/share/my_robot2_description/hook/cmake_prefix_path.dsv'
[2.903s] INFO:colcon.colcon_core.shell:Creating environment hook '/home/nazia/ros2_ws3/src/install/my_robot2_description/share/my_robot2_description/hook/cmake_prefix_path.sh'
[2.906s] Level 1:colcon.colcon_core.environment:checking '/home/nazia/ros2_ws3/src/install/my_robot2_description/bin'
[2.906s] Level 1:colcon.colcon_core.environment:checking '/home/nazia/ros2_ws3/src/install/my_robot2_description/lib/pkgconfig/my_robot2_description.pc'
[2.907s] Level 1:colcon.colcon_core.environment:checking '/home/nazia/ros2_ws3/src/install/my_robot2_description/lib/python3.10/site-packages'
[2.907s] Level 1:colcon.colcon_core.environment:checking '/home/nazia/ros2_ws3/src/install/my_robot2_description/bin'
[2.908s] INFO:colcon.colcon_core.shell:Creating package script '/home/nazia/ros2_ws3/src/install/my_robot2_description/share/my_robot2_description/package.ps1'
[2.911s] INFO:colcon.colcon_core.shell:Creating package descriptor '/home/nazia/ros2_ws3/src/install/my_robot2_description/share/my_robot2_description/package.dsv'
[2.913s] INFO:colcon.colcon_core.shell:Creating package script '/home/nazia/ros2_ws3/src/install/my_robot2_description/share/my_robot2_description/package.sh'
[2.919s] INFO:colcon.colcon_core.shell:Creating package script '/home/nazia/ros2_ws3/src/install/my_robot2_description/share/my_robot2_description/package.bash'
[2.924s] INFO:colcon.colcon_core.shell:Creating package script '/home/nazia/ros2_ws3/src/install/my_robot2_description/share/my_robot2_description/package.zsh'
[2.928s] Level 1:colcon.colcon_core.environment:create_file_with_runtime_dependencies(/home/nazia/ros2_ws3/src/install/my_robot2_description/share/colcon-core/packages/my_robot2_description)
[3.006s] Level 1:colcon.colcon_core.environment:create_environment_scripts_only(my_robot2_description)
[3.007s] Level 1:colcon.colcon_core.environment:checking '/home/nazia/ros2_ws3/src/install/my_robot2_description' for CMake module files
[3.008s] Level 1:colcon.colcon_core.environment:checking '/home/nazia/ros2_ws3/src/install/my_robot2_description' for CMake config files
[3.008s] Level 1:colcon.colcon_core.shell:create_environment_hook('my_robot2_description', 'cmake_prefix_path')
[3.009s] INFO:colcon.colcon_core.shell:Creating environment hook '/home/nazia/ros2_ws3/src/install/my_robot2_description/share/my_robot2_description/hook/cmake_prefix_path.ps1'
[3.010s] INFO:colcon.colcon_core.shell:Creating environment descriptor '/home/nazia/ros2_ws3/src/install/my_robot2_description/share/my_robot2_description/hook/cmake_prefix_path.dsv'
[3.010s] INFO:colcon.colcon_core.shell:Creating environment hook '/home/nazia/ros2_ws3/src/install/my_robot2_description/share/my_robot2_description/hook/cmake_prefix_path.sh'
[3.011s] Level 1:colcon.colcon_core.environment:checking '/home/nazia/ros2_ws3/src/install/my_robot2_description/bin'
[3.012s] Level 1:colcon.colcon_core.environment:checking '/home/nazia/ros2_ws3/src/install/my_robot2_description/lib/pkgconfig/my_robot2_description.pc'
[3.012s] Level 1:colcon.colcon_core.environment:checking '/home/nazia/ros2_ws3/src/install/my_robot2_description/lib/python3.10/site-packages'
[3.012s] Level 1:colcon.colcon_core.environment:checking '/home/nazia/ros2_ws3/src/install/my_robot2_description/bin'
[3.013s] INFO:colcon.colcon_core.shell:Creating package script '/home/nazia/ros2_ws3/src/install/my_robot2_description/share/my_robot2_description/package.ps1'
[3.014s] INFO:colcon.colcon_core.shell:Creating package descriptor '/home/nazia/ros2_ws3/src/install/my_robot2_description/share/my_robot2_description/package.dsv'
[3.015s] INFO:colcon.colcon_core.shell:Creating package script '/home/nazia/ros2_ws3/src/install/my_robot2_description/share/my_robot2_description/package.sh'
[3.017s] INFO:colcon.colcon_core.shell:Creating package script '/home/nazia/ros2_ws3/src/install/my_robot2_description/share/my_robot2_description/package.bash'
[3.018s] INFO:colcon.colcon_core.shell:Creating package script '/home/nazia/ros2_ws3/src/install/my_robot2_description/share/my_robot2_description/package.zsh'
[3.019s] Level 1:colcon.colcon_core.environment:create_file_with_runtime_dependencies(/home/nazia/ros2_ws3/src/install/my_robot2_description/share/colcon-core/packages/my_robot2_description)
[3.020s] INFO:colcon.colcon_ros.task.ament_cmake.build:Building ROS package in '/home/nazia/ros2_ws3/src/my_robot_bringup' with build type 'ament_cmake'
[3.020s] INFO:colcon.colcon_cmake.task.cmake.build:Building CMake package in '/home/nazia/ros2_ws3/src/my_robot_bringup'
[3.020s] INFO:colcon.colcon_core.shell:Skip shell extension 'powershell' for command environment: Not usable outside of PowerShell
[3.021s] DEBUG:colcon.colcon_core.shell:Skip shell extension 'dsv' for command environment
[3.051s] DEBUG:colcon.colcon_core.event_handler.log_command:Invoking command in '/home/nazia/ros2_ws3/src/build/my_robot_bringup': CMAKE_PREFIX_PATH=/home/nazia/ros2_ws3/src/install/my_robot2_description:/home/nazia/ros2_ws3/install/my_robot_bringup2:/home/nazia/ros2_ws3/install/my_robot_bringup:/home/nazia/ros2_ws3/install/my_robot2_description:/home/nazia/ros2_ws3/src/install/my_robot_bringup2:/home/nazia/ros2_ws3/src/install/my_robot_bringup:/opt/ros/humble /usr/bin/cmake /home/nazia/ros2_ws3/src/my_robot_bringup -DAMENT_CMAKE_SYMLINK_INSTALL=1 -DCMAKE_INSTALL_PREFIX=/home/nazia/ros2_ws3/src/install/my_robot_bringup
[3.135s] Level 1:colcon.colcon_core.environment:create_environment_scripts_only(my_robot_bringup2)
[3.136s] DEBUG:colcon.colcon_core.event_handler.log_command:Invoked command in '/home/nazia/ros2_ws3/src/build/my_robot_bringup2' returned '0': CMAKE_PREFIX_PATH=${CMAKE_PREFIX_PATH}:/opt/ros/humble /usr/bin/cmake --install /home/nazia/ros2_ws3/src/build/my_robot_bringup2
[3.137s] Level 1:colcon.colcon_core.environment:checking '/home/nazia/ros2_ws3/src/install/my_robot_bringup2' for CMake module files
[3.138s] Level 1:colcon.colcon_core.environment:checking '/home/nazia/ros2_ws3/src/install/my_robot_bringup2' for CMake config files
[3.139s] Level 1:colcon.colcon_core.shell:create_environment_hook('my_robot_bringup2', 'cmake_prefix_path')
[3.140s] INFO:colcon.colcon_core.shell:Creating environment hook '/home/nazia/ros2_ws3/src/install/my_robot_bringup2/share/my_robot_bringup2/hook/cmake_prefix_path.ps1'
[3.141s] INFO:colcon.colcon_core.shell:Creating environment descriptor '/home/nazia/ros2_ws3/src/install/my_robot_bringup2/share/my_robot_bringup2/hook/cmake_prefix_path.dsv'
[3.142s] INFO:colcon.colcon_core.shell:Creating environment hook '/home/nazia/ros2_ws3/src/install/my_robot_bringup2/share/my_robot_bringup2/hook/cmake_prefix_path.sh'
[3.144s] Level 1:colcon.colcon_core.environment:checking '/home/nazia/ros2_ws3/src/install/my_robot_bringup2/bin'
[3.144s] Level 1:colcon.colcon_core.environment:checking '/home/nazia/ros2_ws3/src/install/my_robot_bringup2/lib/pkgconfig/my_robot_bringup2.pc'
[3.145s] Level 1:colcon.colcon_core.environment:checking '/home/nazia/ros2_ws3/src/install/my_robot_bringup2/lib/python3.10/site-packages'
[3.145s] Level 1:colcon.colcon_core.environment:checking '/home/nazia/ros2_ws3/src/install/my_robot_bringup2/bin'
[3.146s] INFO:colcon.colcon_core.shell:Creating package script '/home/nazia/ros2_ws3/src/install/my_robot_bringup2/share/my_robot_bringup2/package.ps1'
[3.148s] INFO:colcon.colcon_core.shell:Creating package descriptor '/home/nazia/ros2_ws3/src/install/my_robot_bringup2/share/my_robot_bringup2/package.dsv'
[3.149s] INFO:colcon.colcon_core.shell:Creating package script '/home/nazia/ros2_ws3/src/install/my_robot_bringup2/share/my_robot_bringup2/package.sh'
[3.150s] INFO:colcon.colcon_core.shell:Creating package script '/home/nazia/ros2_ws3/src/install/my_robot_bringup2/share/my_robot_bringup2/package.bash'
[3.151s] INFO:colcon.colcon_core.shell:Creating package script '/home/nazia/ros2_ws3/src/install/my_robot_bringup2/share/my_robot_bringup2/package.zsh'
[3.153s] Level 1:colcon.colcon_core.environment:create_file_with_runtime_dependencies(/home/nazia/ros2_ws3/src/install/my_robot_bringup2/share/colcon-core/packages/my_robot_bringup2)
[3.237s] Level 1:colcon.colcon_core.environment:create_environment_scripts_only(my_robot_bringup2)
[3.238s] Level 1:colcon.colcon_core.environment:checking '/home/nazia/ros2_ws3/src/install/my_robot_bringup2' for CMake module files
[3.239s] Level 1:colcon.colcon_core.environment:checking '/home/nazia/ros2_ws3/src/install/my_robot_bringup2' for CMake config files
[3.240s] Level 1:colcon.colcon_core.shell:create_environment_hook('my_robot_bringup2', 'cmake_prefix_path')
[3.240s] INFO:colcon.colcon_core.shell:Creating environment hook '/home/nazia/ros2_ws3/src/install/my_robot_bringup2/share/my_robot_bringup2/hook/cmake_prefix_path.ps1'
[3.241s] INFO:colcon.colcon_core.shell:Creating environment descriptor '/home/nazia/ros2_ws3/src/install/my_robot_bringup2/share/my_robot_bringup2/hook/cmake_prefix_path.dsv'
[3.242s] INFO:colcon.colcon_core.shell:Creating environment hook '/home/nazia/ros2_ws3/src/install/my_robot_bringup2/share/my_robot_bringup2/hook/cmake_prefix_path.sh'
[3.244s] Level 1:colcon.colcon_core.environment:checking '/home/nazia/ros2_ws3/src/install/my_robot_bringup2/bin'
[3.244s] Level 1:colcon.colcon_core.environment:checking '/home/nazia/ros2_ws3/src/install/my_robot_bringup2/lib/pkgconfig/my_robot_bringup2.pc'
[3.244s] Level 1:colcon.colcon_core.environment:checking '/home/nazia/ros2_ws3/src/install/my_robot_bringup2/lib/python3.10/site-packages'
[3.245s] Level 1:colcon.colcon_core.environment:checking '/home/nazia/ros2_ws3/src/install/my_robot_bringup2/bin'
[3.246s] INFO:colcon.colcon_core.shell:Creating package script '/home/nazia/ros2_ws3/src/install/my_robot_bringup2/share/my_robot_bringup2/package.ps1'
[3.247s] INFO:colcon.colcon_core.shell:Creating package descriptor '/home/nazia/ros2_ws3/src/install/my_robot_bringup2/share/my_robot_bringup2/package.dsv'
[3.248s] INFO:colcon.colcon_core.shell:Creating package script '/home/nazia/ros2_ws3/src/install/my_robot_bringup2/share/my_robot_bringup2/package.sh'
[3.250s] INFO:colcon.colcon_core.shell:Creating package script '/home/nazia/ros2_ws3/src/install/my_robot_bringup2/share/my_robot_bringup2/package.bash'
[3.251s] INFO:colcon.colcon_core.shell:Creating package script '/home/nazia/ros2_ws3/src/install/my_robot_bringup2/share/my_robot_bringup2/package.zsh'
[3.252s] Level 1:colcon.colcon_core.environment:create_file_with_runtime_dependencies(/home/nazia/ros2_ws3/src/install/my_robot_bringup2/share/colcon-core/packages/my_robot_bringup2)
[3.538s] DEBUG:colcon.colcon_core.event_handler.log_command:Invoked command in '/home/nazia/ros2_ws3/src/build/my_robot_bringup' returned '0': CMAKE_PREFIX_PATH=/home/nazia/ros2_ws3/src/install/my_robot2_description:/home/nazia/ros2_ws3/install/my_robot_bringup2:/home/nazia/ros2_ws3/install/my_robot_bringup:/home/nazia/ros2_ws3/install/my_robot2_description:/home/nazia/ros2_ws3/src/install/my_robot_bringup2:/home/nazia/ros2_ws3/src/install/my_robot_bringup:/opt/ros/humble /usr/bin/cmake /home/nazia/ros2_ws3/src/my_robot_bringup -DAMENT_CMAKE_SYMLINK_INSTALL=1 -DCMAKE_INSTALL_PREFIX=/home/nazia/ros2_ws3/src/install/my_robot_bringup
[3.539s] DEBUG:colcon.colcon_core.event_handler.log_command:Invoking command in '/home/nazia/ros2_ws3/src/build/my_robot_bringup': CMAKE_PREFIX_PATH=/home/nazia/ros2_ws3/src/install/my_robot2_description:/home/nazia/ros2_ws3/install/my_robot_bringup2:/home/nazia/ros2_ws3/install/my_robot_bringup:/home/nazia/ros2_ws3/install/my_robot2_description:/home/nazia/ros2_ws3/src/install/my_robot_bringup2:/home/nazia/ros2_ws3/src/install/my_robot_bringup:/opt/ros/humble /usr/bin/cmake --build /home/nazia/ros2_ws3/src/build/my_robot_bringup -- -j2 -l2
[3.623s] DEBUG:colcon.colcon_core.event_handler.log_command:Invoked command in '/home/nazia/ros2_ws3/src/build/my_robot_bringup' returned '0': CMAKE_PREFIX_PATH=/home/nazia/ros2_ws3/src/install/my_robot2_description:/home/nazia/ros2_ws3/install/my_robot_bringup2:/home/nazia/ros2_ws3/install/my_robot_bringup:/home/nazia/ros2_ws3/install/my_robot2_description:/home/nazia/ros2_ws3/src/install/my_robot_bringup2:/home/nazia/ros2_ws3/src/install/my_robot_bringup:/opt/ros/humble /usr/bin/cmake --build /home/nazia/ros2_ws3/src/build/my_robot_bringup -- -j2 -l2
[3.689s] DEBUG:colcon.colcon_core.event_handler.log_command:Invoking command in '/home/nazia/ros2_ws3/src/build/my_robot_bringup': CMAKE_PREFIX_PATH=/home/nazia/ros2_ws3/src/install/my_robot2_description:/home/nazia/ros2_ws3/install/my_robot_bringup2:/home/nazia/ros2_ws3/install/my_robot_bringup:/home/nazia/ros2_ws3/install/my_robot2_description:/home/nazia/ros2_ws3/src/install/my_robot_bringup2:/home/nazia/ros2_ws3/src/install/my_robot_bringup:/opt/ros/humble /usr/bin/cmake --install /home/nazia/ros2_ws3/src/build/my_robot_bringup
[3.753s] Level 1:colcon.colcon_core.environment:create_environment_scripts_only(my_robot_bringup)
[3.754s] DEBUG:colcon.colcon_core.event_handler.log_command:Invoked command in '/home/nazia/ros2_ws3/src/build/my_robot_bringup' returned '0': CMAKE_PREFIX_PATH=/home/nazia/ros2_ws3/src/install/my_robot2_description:/home/nazia/ros2_ws3/install/my_robot_bringup2:/home/nazia/ros2_ws3/install/my_robot_bringup:/home/nazia/ros2_ws3/install/my_robot2_description:/home/nazia/ros2_ws3/src/install/my_robot_bringup2:/home/nazia/ros2_ws3/src/install/my_robot_bringup:/opt/ros/humble /usr/bin/cmake --install /home/nazia/ros2_ws3/src/build/my_robot_bringup
[3.754s] Level 1:colcon.colcon_core.environment:checking '/home/nazia/ros2_ws3/src/install/my_robot_bringup' for CMake module files
[3.756s] Level 1:colcon.colcon_core.environment:checking '/home/nazia/ros2_ws3/src/install/my_robot_bringup' for CMake config files
[3.756s] Level 1:colcon.colcon_core.shell:create_environment_hook('my_robot_bringup', 'cmake_prefix_path')
[3.757s] INFO:colcon.colcon_core.shell:Creating environment hook '/home/nazia/ros2_ws3/src/install/my_robot_bringup/share/my_robot_bringup/hook/cmake_prefix_path.ps1'
[3.758s] INFO:colcon.colcon_core.shell:Creating environment descriptor '/home/nazia/ros2_ws3/src/install/my_robot_bringup/share/my_robot_bringup/hook/cmake_prefix_path.dsv'
[3.758s] INFO:colcon.colcon_core.shell:Creating environment hook '/home/nazia/ros2_ws3/src/install/my_robot_bringup/share/my_robot_bringup/hook/cmake_prefix_path.sh'
[3.760s] Level 1:colcon.colcon_core.environment:checking '/home/nazia/ros2_ws3/src/install/my_robot_bringup/bin'
[3.760s] Level 1:colcon.colcon_core.environment:checking '/home/nazia/ros2_ws3/src/install/my_robot_bringup/lib/pkgconfig/my_robot_bringup.pc'
[3.760s] Level 1:colcon.colcon_core.environment:checking '/home/nazia/ros2_ws3/src/install/my_robot_bringup/lib/python3.10/site-packages'
[3.761s] Level 1:colcon.colcon_core.environment:checking '/home/nazia/ros2_ws3/src/install/my_robot_bringup/bin'
[3.761s] INFO:colcon.colcon_core.shell:Creating package script '/home/nazia/ros2_ws3/src/install/my_robot_bringup/share/my_robot_bringup/package.ps1'
[3.762s] INFO:colcon.colcon_core.shell:Creating package descriptor '/home/nazia/ros2_ws3/src/install/my_robot_bringup/share/my_robot_bringup/package.dsv'
[3.763s] INFO:colcon.colcon_core.shell:Creating package script '/home/nazia/ros2_ws3/src/install/my_robot_bringup/share/my_robot_bringup/package.sh'
[3.764s] INFO:colcon.colcon_core.shell:Creating package script '/home/nazia/ros2_ws3/src/install/my_robot_bringup/share/my_robot_bringup/package.bash'
[3.765s] INFO:colcon.colcon_core.shell:Creating package script '/home/nazia/ros2_ws3/src/install/my_robot_bringup/share/my_robot_bringup/package.zsh'
[3.765s] Level 1:colcon.colcon_core.environment:create_file_with_runtime_dependencies(/home/nazia/ros2_ws3/src/install/my_robot_bringup/share/colcon-core/packages/my_robot_bringup)
[3.840s] Level 1:colcon.colcon_core.environment:create_environment_scripts_only(my_robot_bringup)
[3.840s] Level 1:colcon.colcon_core.environment:checking '/home/nazia/ros2_ws3/src/install/my_robot_bringup' for CMake module files
[3.841s] Level 1:colcon.colcon_core.environment:checking '/home/nazia/ros2_ws3/src/install/my_robot_bringup' for CMake config files
[3.842s] Level 1:colcon.colcon_core.shell:create_environment_hook('my_robot_bringup', 'cmake_prefix_path')
[3.842s] INFO:colcon.colcon_core.shell:Creating environment hook '/home/nazia/ros2_ws3/src/install/my_robot_bringup/share/my_robot_bringup/hook/cmake_prefix_path.ps1'
[3.843s] INFO:colcon.colcon_core.shell:Creating environment descriptor '/home/nazia/ros2_ws3/src/install/my_robot_bringup/share/my_robot_bringup/hook/cmake_prefix_path.dsv'
[3.844s] INFO:colcon.colcon_core.shell:Creating environment hook '/home/nazia/ros2_ws3/src/install/my_robot_bringup/share/my_robot_bringup/hook/cmake_prefix_path.sh'
[3.845s] Level 1:colcon.colcon_core.environment:checking '/home/nazia/ros2_ws3/src/install/my_robot_bringup/bin'
[3.846s] Level 1:colcon.colcon_core.environment:checking '/home/nazia/ros2_ws3/src/install/my_robot_bringup/lib/pkgconfig/my_robot_bringup.pc'
[3.846s] Level 1:colcon.colcon_core.environment:checking '/home/nazia/ros2_ws3/src/install/my_robot_bringup/lib/python3.10/site-packages'
[3.846s] Level 1:colcon.colcon_core.environment:checking '/home/nazia/ros2_ws3/src/install/my_robot_bringup/bin'
[3.847s] INFO:colcon.colcon_core.shell:Creating package script '/home/nazia/ros2_ws3/src/install/my_robot_bringup/share/my_robot_bringup/package.ps1'
[3.848s] INFO:colcon.colcon_core.shell:Creating package descriptor '/home/nazia/ros2_ws3/src/install/my_robot_bringup/share/my_robot_bringup/package.dsv'
[3.849s] INFO:colcon.colcon_core.shell:Creating package script '/home/nazia/ros2_ws3/src/install/my_robot_bringup/share/my_robot_bringup/package.sh'
[3.850s] INFO:colcon.colcon_core.shell:Creating package script '/home/nazia/ros2_ws3/src/install/my_robot_bringup/share/my_robot_bringup/package.bash'
[3.851s] INFO:colcon.colcon_core.shell:Creating package script '/home/nazia/ros2_ws3/src/install/my_robot_bringup/share/my_robot_bringup/package.zsh'
[3.852s] Level 1:colcon.colcon_core.environment:create_file_with_runtime_dependencies(/home/nazia/ros2_ws3/src/install/my_robot_bringup/share/colcon-core/packages/my_robot_bringup)
[3.853s] DEBUG:colcon.colcon_parallel_executor.executor.parallel:closing loop
[3.854s] DEBUG:colcon.colcon_parallel_executor.executor.parallel:loop closed
[3.854s] DEBUG:colcon.colcon_parallel_executor.executor.parallel:run_until_complete finished with '0'
[3.854s] DEBUG:colcon.colcon_core.event_reactor:joining thread
[3.871s] INFO:colcon.colcon_core.plugin_system:Skipping extension 'colcon_notification.desktop_notification.terminal_notifier': Not used on non-Darwin systems
[3.871s] INFO:colcon.colcon_core.plugin_system:Skipping extension 'colcon_notification.desktop_notification.win32': Not used on non-Windows systems
[3.871s] INFO:colcon.colcon_notification.desktop_notification:Sending desktop notification using 'notify2'
[3.935s] DEBUG:colcon.colcon_core.event_reactor:joined thread
[3.935s] INFO:colcon.colcon_core.shell:Creating prefix script '/home/nazia/ros2_ws3/src/install/local_setup.ps1'
[3.939s] INFO:colcon.colcon_core.shell:Creating prefix util module '/home/nazia/ros2_ws3/src/install/_local_setup_util_ps1.py'
[3.944s] INFO:colcon.colcon_core.shell:Creating prefix chain script '/home/nazia/ros2_ws3/src/install/setup.ps1'
[3.948s] INFO:colcon.colcon_core.shell:Creating prefix script '/home/nazia/ros2_ws3/src/install/local_setup.sh'
[3.951s] INFO:colcon.colcon_core.shell:Creating prefix util module '/home/nazia/ros2_ws3/src/install/_local_setup_util_sh.py'
[3.952s] INFO:colcon.colcon_core.shell:Creating prefix chain script '/home/nazia/ros2_ws3/src/install/setup.sh'
[3.956s] INFO:colcon.colcon_core.shell:Creating prefix script '/home/nazia/ros2_ws3/src/install/local_setup.bash'
[3.959s] INFO:colcon.colcon_core.shell:Creating prefix chain script '/home/nazia/ros2_ws3/src/install/setup.bash'
[3.962s] INFO:colcon.colcon_core.shell:Creating prefix script '/home/nazia/ros2_ws3/src/install/local_setup.zsh'
[3.964s] INFO:colcon.colcon_core.shell:Creating prefix chain script '/home/nazia/ros2_ws3/src/install/setup.zsh'
