[0.024s] Invoking command in '/home/nazia/ros2_ws3/src/build/my_robot_bringup2': CMAKE_PREFIX_PATH=${CMAKE_PREFIX_PATH}:/opt/ros/humble /usr/bin/cmake /home/nazia/ros2_ws3/src/my_robot_bringup2 -DCMAKE_INSTALL_PREFIX=/home/nazia/ros2_ws3/src/install/my_robot_bringup2
[0.323s] -- The C compiler identification is GNU 11.4.0
[0.551s] -- The CXX compiler identification is GNU 11.4.0
[0.565s] -- Detecting C compiler ABI info
[0.707s] -- Detecting C compiler ABI info - done
[0.715s] -- Check for working C compiler: /usr/bin/cc - skipped
[0.717s] -- Detecting C compile features
[0.718s] -- Detecting C compile features - done
[0.722s] -- Detecting CXX compiler ABI info
[0.827s] -- Detecting CXX compiler ABI info - done
[0.836s] -- Check for working CXX compiler: /usr/bin/c++ - skipped
[0.836s] -- Detecting CXX compile features
[0.837s] -- Detecting CXX compile features - done
[0.854s] -- Found ament_cmake: 1.3.10 (/opt/ros/humble/share/ament_cmake/cmake)
[1.010s] -- Found Python3: /usr/bin/python3 (found version "3.10.12") found components: Interpreter 
[1.100s] -- Found ament_lint_auto: 0.12.11 (/opt/ros/humble/share/ament_lint_auto/cmake)
[1.214s] -- Added test 'lint_cmake' to check CMake code style
[1.218s] -- Added test 'xmllint' to check XML markup files
[1.218s] -- Configuring done
[1.223s] -- Generating done
[1.223s] -- Build files have been written to: /home/nazia/ros2_ws3/src/build/my_robot_bringup2
[1.228s] Invoked command in '/home/nazia/ros2_ws3/src/build/my_robot_bringup2' returned '0': CMAKE_PREFIX_PATH=${CMAKE_PREFIX_PATH}:/opt/ros/humble /usr/bin/cmake /home/nazia/ros2_ws3/src/my_robot_bringup2 -DCMAKE_INSTALL_PREFIX=/home/nazia/ros2_ws3/src/install/my_robot_bringup2
[1.232s] Invoking command in '/home/nazia/ros2_ws3/src/build/my_robot_bringup2': CMAKE_PREFIX_PATH=${CMAKE_PREFIX_PATH}:/opt/ros/humble /usr/bin/cmake --build /home/nazia/ros2_ws3/src/build/my_robot_bringup2 -- -j2 -l2
[1.279s] Invoked command in '/home/nazia/ros2_ws3/src/build/my_robot_bringup2' returned '0': CMAKE_PREFIX_PATH=${CMAKE_PREFIX_PATH}:/opt/ros/humble /usr/bin/cmake --build /home/nazia/ros2_ws3/src/build/my_robot_bringup2 -- -j2 -l2
[1.313s] Invoking command in '/home/nazia/ros2_ws3/src/build/my_robot_bringup2': CMAKE_PREFIX_PATH=${CMAKE_PREFIX_PATH}:/opt/ros/humble /usr/bin/cmake --install /home/nazia/ros2_ws3/src/build/my_robot_bringup2
[1.330s] -- Install configuration: ""
[1.331s] -- Installing: /home/nazia/ros2_ws3/src/install/my_robot_bringup2/share/ament_index/resource_index/package_run_dependencies/my_robot_bringup2
[1.331s] -- Installing: /home/nazia/ros2_ws3/src/install/my_robot_bringup2/share/ament_index/resource_index/parent_prefix_path/my_robot_bringup2
[1.331s] -- Installing: /home/nazia/ros2_ws3/src/install/my_robot_bringup2/share/my_robot_bringup2/environment/ament_prefix_path.sh
[1.331s] -- Installing: /home/nazia/ros2_ws3/src/install/my_robot_bringup2/share/my_robot_bringup2/environment/ament_prefix_path.dsv
[1.331s] -- Installing: /home/nazia/ros2_ws3/src/install/my_robot_bringup2/share/my_robot_bringup2/environment/path.sh
[1.331s] -- Installing: /home/nazia/ros2_ws3/src/install/my_robot_bringup2/share/my_robot_bringup2/environment/path.dsv
[1.331s] -- Installing: /home/nazia/ros2_ws3/src/install/my_robot_bringup2/share/my_robot_bringup2/local_setup.bash
[1.331s] -- Installing: /home/nazia/ros2_ws3/src/install/my_robot_bringup2/share/my_robot_bringup2/local_setup.sh
[1.331s] -- Installing: /home/nazia/ros2_ws3/src/install/my_robot_bringup2/share/my_robot_bringup2/local_setup.zsh
[1.331s] -- Installing: /home/nazia/ros2_ws3/src/install/my_robot_bringup2/share/my_robot_bringup2/local_setup.dsv
[1.331s] -- Installing: /home/nazia/ros2_ws3/src/install/my_robot_bringup2/share/my_robot_bringup2/package.dsv
[1.331s] -- Installing: /home/nazia/ros2_ws3/src/install/my_robot_bringup2/share/ament_index/resource_index/packages/my_robot_bringup2
[1.331s] -- Installing: /home/nazia/ros2_ws3/src/install/my_robot_bringup2/share/my_robot_bringup2/cmake/my_robot_bringup2Config.cmake
[1.331s] -- Installing: /home/nazia/ros2_ws3/src/install/my_robot_bringup2/share/my_robot_bringup2/cmake/my_robot_bringup2Config-version.cmake
[1.331s] -- Installing: /home/nazia/ros2_ws3/src/install/my_robot_bringup2/share/my_robot_bringup2/package.xml
[1.334s] Invoked command in '/home/nazia/ros2_ws3/src/build/my_robot_bringup2' returned '0': CMAKE_PREFIX_PATH=${CMAKE_PREFIX_PATH}:/opt/ros/humble /usr/bin/cmake --install /home/nazia/ros2_ws3/src/build/my_robot_bringup2
