[0.013s] Invoking command in '/home/nazia/ros2_ws3/src/build/my_robot_bringup': CMAKE_PREFIX_PATH=/home/nazia/ros2_ws3/src/install/my_robot2_description:/home/nazia/ros2_ws3/install/my_robot_bringup2:/home/nazia/ros2_ws3/install/my_robot_bringup:/home/nazia/ros2_ws3/install/my_robot2_description:/home/nazia/ros2_ws3/src/install/my_robot_bringup:/opt/ros/humble /usr/bin/cmake /home/nazia/ros2_ws3/src/my_robot_bringup -DCMAKE_INSTALL_PREFIX=/home/nazia/ros2_ws3/src/install/my_robot_bringup
[0.038s] -- Found ament_cmake: 1.3.10 (/opt/ros/humble/share/ament_cmake/cmake)
[0.186s] -- Override CMake install command with custom implementation using symlinks instead of copying resources
[0.278s] -- Configuring done
[0.290s] -- Generating done
[0.291s] -- Build files have been written to: /home/nazia/ros2_ws3/src/build/my_robot_bringup
[0.297s] Invoked command in '/home/nazia/ros2_ws3/src/build/my_robot_bringup' returned '0': CMAKE_PREFIX_PATH=/home/nazia/ros2_ws3/src/install/my_robot2_description:/home/nazia/ros2_ws3/install/my_robot_bringup2:/home/nazia/ros2_ws3/install/my_robot_bringup:/home/nazia/ros2_ws3/install/my_robot2_description:/home/nazia/ros2_ws3/src/install/my_robot_bringup:/opt/ros/humble /usr/bin/cmake /home/nazia/ros2_ws3/src/my_robot_bringup -DCMAKE_INSTALL_PREFIX=/home/nazia/ros2_ws3/src/install/my_robot_bringup
[0.297s] Invoking command in '/home/nazia/ros2_ws3/src/build/my_robot_bringup': CMAKE_PREFIX_PATH=/home/nazia/ros2_ws3/src/install/my_robot2_description:/home/nazia/ros2_ws3/install/my_robot_bringup2:/home/nazia/ros2_ws3/install/my_robot_bringup:/home/nazia/ros2_ws3/install/my_robot2_description:/home/nazia/ros2_ws3/src/install/my_robot_bringup:/opt/ros/humble /usr/bin/cmake --build /home/nazia/ros2_ws3/src/build/my_robot_bringup -- -j2 -l2
[0.350s] Invoked command in '/home/nazia/ros2_ws3/src/build/my_robot_bringup' returned '0': CMAKE_PREFIX_PATH=/home/nazia/ros2_ws3/src/install/my_robot2_description:/home/nazia/ros2_ws3/install/my_robot_bringup2:/home/nazia/ros2_ws3/install/my_robot_bringup:/home/nazia/ros2_ws3/install/my_robot2_description:/home/nazia/ros2_ws3/src/install/my_robot_bringup:/opt/ros/humble /usr/bin/cmake --build /home/nazia/ros2_ws3/src/build/my_robot_bringup -- -j2 -l2
[0.393s] Invoking command in '/home/nazia/ros2_ws3/src/build/my_robot_bringup': CMAKE_PREFIX_PATH=/home/nazia/ros2_ws3/src/install/my_robot2_description:/home/nazia/ros2_ws3/install/my_robot_bringup2:/home/nazia/ros2_ws3/install/my_robot_bringup:/home/nazia/ros2_ws3/install/my_robot2_description:/home/nazia/ros2_ws3/src/install/my_robot_bringup:/opt/ros/humble /usr/bin/cmake --install /home/nazia/ros2_ws3/src/build/my_robot_bringup
[0.404s] -- Install configuration: ""
[0.404s] -- Execute custom install script
[0.405s] -- Up-to-date symlink: /home/nazia/ros2_ws3/src/install/my_robot_bringup/share/my_robot_bringup//launch/my_robot_gazebo.launch.xml
[0.405s] -- Symlinking: /home/nazia/ros2_ws3/src/install/my_robot_bringup/share/my_robot_bringup//rviz/urdf_config3.rviz
[0.417s] -- Up-to-date symlink: /home/nazia/ros2_ws3/src/install/my_robot_bringup/share/ament_index/resource_index/package_run_dependencies/my_robot_bringup
[0.417s] -- Up-to-date symlink: /home/nazia/ros2_ws3/src/install/my_robot_bringup/share/ament_index/resource_index/parent_prefix_path/my_robot_bringup
[0.418s] -- Up-to-date symlink: /home/nazia/ros2_ws3/src/install/my_robot_bringup/share/my_robot_bringup/environment/ament_prefix_path.sh
[0.418s] -- Up-to-date symlink: /home/nazia/ros2_ws3/src/install/my_robot_bringup/share/my_robot_bringup/environment/ament_prefix_path.dsv
[0.419s] -- Up-to-date symlink: /home/nazia/ros2_ws3/src/install/my_robot_bringup/share/my_robot_bringup/environment/path.sh
[0.419s] -- Up-to-date symlink: /home/nazia/ros2_ws3/src/install/my_robot_bringup/share/my_robot_bringup/environment/path.dsv
[0.420s] -- Up-to-date symlink: /home/nazia/ros2_ws3/src/install/my_robot_bringup/share/my_robot_bringup/local_setup.bash
[0.422s] -- Up-to-date symlink: /home/nazia/ros2_ws3/src/install/my_robot_bringup/share/my_robot_bringup/local_setup.sh
[0.426s] -- Up-to-date symlink: /home/nazia/ros2_ws3/src/install/my_robot_bringup/share/my_robot_bringup/local_setup.zsh
[0.426s] -- Up-to-date symlink: /home/nazia/ros2_ws3/src/install/my_robot_bringup/share/my_robot_bringup/local_setup.dsv
[0.426s] -- Symlinking: /home/nazia/ros2_ws3/src/install/my_robot_bringup/share/my_robot_bringup/package.dsv
[0.434s] -- Up-to-date symlink: /home/nazia/ros2_ws3/src/install/my_robot_bringup/share/ament_index/resource_index/packages/my_robot_bringup
[0.436s] -- Up-to-date symlink: /home/nazia/ros2_ws3/src/install/my_robot_bringup/share/my_robot_bringup/cmake/my_robot_bringupConfig.cmake
[0.436s] -- Up-to-date symlink: /home/nazia/ros2_ws3/src/install/my_robot_bringup/share/my_robot_bringup/cmake/my_robot_bringupConfig-version.cmake
[0.437s] -- Up-to-date symlink: /home/nazia/ros2_ws3/src/install/my_robot_bringup/share/my_robot_bringup/package.xml
[0.439s] Invoked command in '/home/nazia/ros2_ws3/src/build/my_robot_bringup' returned '0': CMAKE_PREFIX_PATH=/home/nazia/ros2_ws3/src/install/my_robot2_description:/home/nazia/ros2_ws3/install/my_robot_bringup2:/home/nazia/ros2_ws3/install/my_robot_bringup:/home/nazia/ros2_ws3/install/my_robot2_description:/home/nazia/ros2_ws3/src/install/my_robot_bringup:/opt/ros/humble /usr/bin/cmake --install /home/nazia/ros2_ws3/src/build/my_robot_bringup
