[0.027s] Invoking command in '/home/nazia/ros2_ws3/src/build/my_robot_bringup': CMAKE_PREFIX_PATH=${CMAKE_PREFIX_PATH}:/opt/ros/humble /usr/bin/cmake /home/nazia/ros2_ws3/src/my_robot_bringup -DAMENT_CMAKE_SYMLINK_INSTALL=1 -DCMAKE_INSTALL_PREFIX=/home/nazia/ros2_ws3/src/install/my_robot_bringup
[0.042s] -- Found ament_cmake: 1.3.10 (/opt/ros/humble/share/ament_cmake/cmake)
[0.163s] -- Override CMake install command with custom implementation using symlinks instead of copying resources
[0.242s] -- Configuring done
[0.254s] -- Generating done
[0.257s] -- Build files have been written to: /home/nazia/ros2_ws3/src/build/my_robot_bringup
[0.259s] Invoked command in '/home/nazia/ros2_ws3/src/build/my_robot_bringup' returned '0': CMAKE_PREFIX_PATH=${CMAKE_PREFIX_PATH}:/opt/ros/humble /usr/bin/cmake /home/nazia/ros2_ws3/src/my_robot_bringup -DAMENT_CMAKE_SYMLINK_INSTALL=1 -DCMAKE_INSTALL_PREFIX=/home/nazia/ros2_ws3/src/install/my_robot_bringup
[0.263s] Invoking command in '/home/nazia/ros2_ws3/src/build/my_robot_bringup': CMAKE_PREFIX_PATH=${CMAKE_PREFIX_PATH}:/opt/ros/humble /usr/bin/cmake --build /home/nazia/ros2_ws3/src/build/my_robot_bringup -- -j2 -l2
[0.315s] Invoked command in '/home/nazia/ros2_ws3/src/build/my_robot_bringup' returned '0': CMAKE_PREFIX_PATH=${CMAKE_PREFIX_PATH}:/opt/ros/humble /usr/bin/cmake --build /home/nazia/ros2_ws3/src/build/my_robot_bringup -- -j2 -l2
[0.361s] Invoking command in '/home/nazia/ros2_ws3/src/build/my_robot_bringup': CMAKE_PREFIX_PATH=${CMAKE_PREFIX_PATH}:/opt/ros/humble /usr/bin/cmake --install /home/nazia/ros2_ws3/src/build/my_robot_bringup
[0.386s] -- Install configuration: ""
[0.387s] -- Execute custom install script
[0.393s] -- Symlinking: /home/nazia/ros2_ws3/src/install/my_robot_bringup/share/my_robot_bringup//launch/my_robot_gazebo.launch.xml
[0.426s] -- Symlinking: /home/nazia/ros2_ws3/src/install/my_robot_bringup/share/ament_index/resource_index/package_run_dependencies/my_robot_bringup
[0.447s] -- Symlinking: /home/nazia/ros2_ws3/src/install/my_robot_bringup/share/ament_index/resource_index/parent_prefix_path/my_robot_bringup
[0.462s] -- Symlinking: /home/nazia/ros2_ws3/src/install/my_robot_bringup/share/my_robot_bringup/environment/ament_prefix_path.sh
[0.482s] -- Symlinking: /home/nazia/ros2_ws3/src/install/my_robot_bringup/share/my_robot_bringup/environment/ament_prefix_path.dsv
[0.496s] -- Symlinking: /home/nazia/ros2_ws3/src/install/my_robot_bringup/share/my_robot_bringup/environment/path.sh
[0.509s] -- Symlinking: /home/nazia/ros2_ws3/src/install/my_robot_bringup/share/my_robot_bringup/environment/path.dsv
[0.525s] -- Symlinking: /home/nazia/ros2_ws3/src/install/my_robot_bringup/share/my_robot_bringup/local_setup.bash
[0.540s] -- Symlinking: /home/nazia/ros2_ws3/src/install/my_robot_bringup/share/my_robot_bringup/local_setup.sh
[0.551s] -- Symlinking: /home/nazia/ros2_ws3/src/install/my_robot_bringup/share/my_robot_bringup/local_setup.zsh
[0.560s] -- Symlinking: /home/nazia/ros2_ws3/src/install/my_robot_bringup/share/my_robot_bringup/local_setup.dsv
[0.573s] -- Symlinking: /home/nazia/ros2_ws3/src/install/my_robot_bringup/share/my_robot_bringup/package.dsv
[0.585s] -- Symlinking: /home/nazia/ros2_ws3/src/install/my_robot_bringup/share/ament_index/resource_index/packages/my_robot_bringup
[0.596s] -- Symlinking: /home/nazia/ros2_ws3/src/install/my_robot_bringup/share/my_robot_bringup/cmake/my_robot_bringupConfig.cmake
[0.609s] -- Symlinking: /home/nazia/ros2_ws3/src/install/my_robot_bringup/share/my_robot_bringup/cmake/my_robot_bringupConfig-version.cmake
[0.622s] -- Symlinking: /home/nazia/ros2_ws3/src/install/my_robot_bringup/share/my_robot_bringup/package.xml
[0.638s] Invoked command in '/home/nazia/ros2_ws3/src/build/my_robot_bringup' returned '0': CMAKE_PREFIX_PATH=${CMAKE_PREFIX_PATH}:/opt/ros/humble /usr/bin/cmake --install /home/nazia/ros2_ws3/src/build/my_robot_bringup
