[0.026s] Invoking command in '/home/nazia/ros2_ws3/src/build/my_robot2_description': CMAKE_PREFIX_PATH=${CMAKE_PREFIX_PATH}:/opt/ros/humble /usr/bin/cmake --build /home/nazia/ros2_ws3/src/build/my_robot2_description -- -j2 -l2
[0.109s] Invoked command in '/home/nazia/ros2_ws3/src/build/my_robot2_description' returned '0': CMAKE_PREFIX_PATH=${CMAKE_PREFIX_PATH}:/opt/ros/humble /usr/bin/cmake --build /home/nazia/ros2_ws3/src/build/my_robot2_description -- -j2 -l2
[0.179s] Invoking command in '/home/nazia/ros2_ws3/src/build/my_robot2_description': CMAKE_PREFIX_PATH=${CMAKE_PREFIX_PATH}:/opt/ros/humble /usr/bin/cmake --install /home/nazia/ros2_ws3/src/build/my_robot2_description
[0.193s] -- Install configuration: ""
[0.193s] -- Up-to-date: /home/nazia/ros2_ws3/src/install/my_robot2_description/share/my_robot2_description/urdf
[0.193s] -- Installing: /home/nazia/ros2_ws3/src/install/my_robot2_description/share/my_robot2_description/urdf/mobile_base.xacro
[0.194s] -- Installing: /home/nazia/ros2_ws3/src/install/my_robot2_description/share/my_robot2_description/urdf/my_robot.urdf.xacro
[0.194s] -- Installing: /home/nazia/ros2_ws3/src/install/my_robot2_description/share/my_robot2_description/urdf/common_properties.xacro
[0.196s] -- Up-to-date: /home/nazia/ros2_ws3/src/install/my_robot2_description/share/my_robot2_description/launch
[0.196s] -- Installing: /home/nazia/ros2_ws3/src/install/my_robot2_description/share/my_robot2_description/launch/display.launch.xml
[0.197s] -- Installing: /home/nazia/ros2_ws3/src/install/my_robot2_description/share/my_robot2_description/launch/display.launch.py
[0.198s] -- Up-to-date: /home/nazia/ros2_ws3/src/install/my_robot2_description/share/my_robot2_description/rviz
[0.198s] -- Up-to-date: /home/nazia/ros2_ws3/src/install/my_robot2_description/share/my_robot2_description/rviz/urdf_config.rviz
[0.200s] -- Up-to-date: /home/nazia/ros2_ws3/src/install/my_robot2_description/share/my_robot2_description/rviz/urdf_config2.rviz
[0.200s] -- Up-to-date: /home/nazia/ros2_ws3/src/install/my_robot2_description/share/ament_index/resource_index/package_run_dependencies/my_robot2_description
[0.201s] -- Up-to-date: /home/nazia/ros2_ws3/src/install/my_robot2_description/share/ament_index/resource_index/parent_prefix_path/my_robot2_description
[0.201s] -- Up-to-date: /home/nazia/ros2_ws3/src/install/my_robot2_description/share/my_robot2_description/environment/ament_prefix_path.sh
[0.201s] -- Up-to-date: /home/nazia/ros2_ws3/src/install/my_robot2_description/share/my_robot2_description/environment/ament_prefix_path.dsv
[0.201s] -- Up-to-date: /home/nazia/ros2_ws3/src/install/my_robot2_description/share/my_robot2_description/environment/path.sh
[0.201s] -- Up-to-date: /home/nazia/ros2_ws3/src/install/my_robot2_description/share/my_robot2_description/environment/path.dsv
[0.201s] -- Up-to-date: /home/nazia/ros2_ws3/src/install/my_robot2_description/share/my_robot2_description/local_setup.bash
[0.201s] -- Up-to-date: /home/nazia/ros2_ws3/src/install/my_robot2_description/share/my_robot2_description/local_setup.sh
[0.201s] -- Up-to-date: /home/nazia/ros2_ws3/src/install/my_robot2_description/share/my_robot2_description/local_setup.zsh
[0.201s] -- Up-to-date: /home/nazia/ros2_ws3/src/install/my_robot2_description/share/my_robot2_description/local_setup.dsv
[0.201s] -- Installing: /home/nazia/ros2_ws3/src/install/my_robot2_description/share/my_robot2_description/package.dsv
[0.202s] -- Up-to-date: /home/nazia/ros2_ws3/src/install/my_robot2_description/share/ament_index/resource_index/packages/my_robot2_description
[0.202s] -- Up-to-date: /home/nazia/ros2_ws3/src/install/my_robot2_description/share/my_robot2_description/cmake/my_robot2_descriptionConfig.cmake
[0.202s] -- Up-to-date: /home/nazia/ros2_ws3/src/install/my_robot2_description/share/my_robot2_description/cmake/my_robot2_descriptionConfig-version.cmake
[0.202s] -- Up-to-date: /home/nazia/ros2_ws3/src/install/my_robot2_description/share/my_robot2_description/package.xml
[0.203s] Invoked command in '/home/nazia/ros2_ws3/src/build/my_robot2_description' returned '0': CMAKE_PREFIX_PATH=${CMAKE_PREFIX_PATH}:/opt/ros/humble /usr/bin/cmake --install /home/nazia/ros2_ws3/src/build/my_robot2_description
